[08-Dec-2018 07:11:16 Asia/Kolkata] 
New LP Lead | name: 'Rayudu', email: 'nukalasub@gmail.com', phone: '+919618809244', lead_type: 'Landing Page | Botanika', date_captured: '2018-12-08 07:11:16'


[08-Dec-2018 07:11:19 Asia/Kolkata] http://botanika08.realeasy.in/IVR_Inbound.aspx?UID=fourqt&PWD=wn9mxO76f34=&f=m&con=%2B919618809244&email=nukalasub%40gmail.com&name=Rayudu&url='http://botanika.in/l/a-home-that-reflects-who-you-are/&Remark=4-5-BHK-Flats-At-The-Botanika-Homes-That-Reflect-Who-You-Are&Proj=&src=Google&amob=&city=&location=&ch=ETrading&medium=GSP&campaign=A-Home-That-Reflects-Who-You-Are-Children-of-Arrived&term=Custom-Intent - Page hit-Valid page hit-Correct user id-Correct password-For microsite-Correct querystringMicrosite Saved Successfully.

<!DOCTYPE html PUBLIC "-//W3C//DTD XHTML 1.0 Transitional//EN" "http://www.w3.org/TR/xhtml1/DTD/xhtml1-transitional.dtd">

<html xmlns="http://www.w3.org/1999/xhtml">
<head><title>
	Untitled Page
</title></head>
<body>
    <form name="form1" method="post" action="./IVR_Inbound.aspx?UID=fourqt&amp;PWD=wn9mxO76f34%3d&amp;f=m&amp;con=%2b919618809244&amp;email=nukalasub%40gmail.com&amp;name=Rayudu&amp;url=%27http%3a%2f%2fbotanika.in%2fl%2fa-home-that-reflects-who-you-are%2f&amp;Remark=4-5-BHK-Flats-At-The-Botanika-Homes-That-Reflect-Who-You-Are&amp;Proj=&amp;src=Google&amp;amob=&amp;city=&amp;location=&amp;ch=ETrading&amp;medium=GSP&amp;campaign=A-Home-That-Reflects-Who-You-Are-Children-of-Arrived&amp;term=Custom-Intent" id="form1">
<input type="hidden" name="__VIEWSTATE" id="__VIEWSTATE" value="/wEPDwUJNzgzNDMwNTMzZGReCsSe1P4Z9vclRZIrqa3T/3uEGu+PXq12yBOIGXfY1w==" />

<input type="hidden" name="__VIEWSTATEGENERATOR" id="__VIEWSTATEGENERATOR" value="5D34FF25" />
    <div>
    
    </div>
    </form>
</body>
</html>

[08-Dec-2018 19:11:41 Asia/Kolkata] 
New LP Lead | name: 'Rajamouli', email: 'jiothsnalatha3@gmail.com', phone: '+919849846886', lead_type: 'Landing Page | Botanika', date_captured: '2018-12-08 19:11:41'


[08-Dec-2018 19:11:43 Asia/Kolkata] http://botanika08.realeasy.in/IVR_Inbound.aspx?UID=fourqt&PWD=wn9mxO76f34=&f=m&con=%2B919849846886&email=jiothsnalatha3%40gmail.com&name=Rajamouli&url='http://botanika.in/l/a-home-that-reflects-who-you-are/&Remark=4-5-BHK-Flats-At-The-Botanika-Homes-That-Reflect-Who-You-Are&Proj=&src=Google&amob=&city=&location=&ch=ETrading&medium=GSP&campaign=A-Home-That-Reflects-Who-You-Are-Children-of-Arrived&term=Custom-Intent - Page hit-Valid page hit-Correct user id-Correct password-For microsite-Correct querystringMicrosite Saved Successfully.

<!DOCTYPE html PUBLIC "-//W3C//DTD XHTML 1.0 Transitional//EN" "http://www.w3.org/TR/xhtml1/DTD/xhtml1-transitional.dtd">

<html xmlns="http://www.w3.org/1999/xhtml">
<head><title>
	Untitled Page
</title></head>
<body>
    <form name="form1" method="post" action="./IVR_Inbound.aspx?UID=fourqt&amp;PWD=wn9mxO76f34%3d&amp;f=m&amp;con=%2b919849846886&amp;email=jiothsnalatha3%40gmail.com&amp;name=Rajamouli&amp;url=%27http%3a%2f%2fbotanika.in%2fl%2fa-home-that-reflects-who-you-are%2f&amp;Remark=4-5-BHK-Flats-At-The-Botanika-Homes-That-Reflect-Who-You-Are&amp;Proj=&amp;src=Google&amp;amob=&amp;city=&amp;location=&amp;ch=ETrading&amp;medium=GSP&amp;campaign=A-Home-That-Reflects-Who-You-Are-Children-of-Arrived&amp;term=Custom-Intent" id="form1">
<input type="hidden" name="__VIEWSTATE" id="__VIEWSTATE" value="/wEPDwUJNzgzNDMwNTMzZGReCsSe1P4Z9vclRZIrqa3T/3uEGu+PXq12yBOIGXfY1w==" />

<input type="hidden" name="__VIEWSTATEGENERATOR" id="__VIEWSTATEGENERATOR" value="5D34FF25" />
    <div>
    
    </div>
    </form>
</body>
</html>

