[15-Dec-2018 08:36:11 Asia/Kolkata] 
New LP Lead | name: 'Dorothy kamalakshini', email: 'dorothydalavai@gmail.com', phone: '+919949989537', lead_type: 'Landing Page | Botanika', date_captured: '2018-12-15 08:36:11'


[15-Dec-2018 08:36:14 Asia/Kolkata] http://botanika08.realeasy.in/IVR_Inbound.aspx?UID=fourqt&PWD=wn9mxO76f34=&f=m&con=%2B919949989537&email=dorothydalavai%40gmail.com&name=Dorothy+kamalakshini&url='http://botanika.in/l/a-home-that-reflects-who-you-are/&Remark=4-5-BHK-Flats-At-The-Botanika-Homes-That-Reflect-Who-You-Are&Proj=&src=Google&amob=&city=&location=&ch=ETrading&medium=GSP&campaign=A-Home-That-Reflects-Who-You-Are-Children-of-Arrived&term=Avid-Business-News-Readers-35-65 - Page hit-Valid page hit-Correct user id-Correct password-For microsite-Correct querystringMicrosite Saved Successfully.

<!DOCTYPE html PUBLIC "-//W3C//DTD XHTML 1.0 Transitional//EN" "http://www.w3.org/TR/xhtml1/DTD/xhtml1-transitional.dtd">

<html xmlns="http://www.w3.org/1999/xhtml">
<head><title>
	Untitled Page
</title></head>
<body>
    <form name="form1" method="post" action="./IVR_Inbound.aspx?UID=fourqt&amp;PWD=wn9mxO76f34%3d&amp;f=m&amp;con=%2b919949989537&amp;email=dorothydalavai%40gmail.com&amp;name=Dorothy+kamalakshini&amp;url=%27http%3a%2f%2fbotanika.in%2fl%2fa-home-that-reflects-who-you-are%2f&amp;Remark=4-5-BHK-Flats-At-The-Botanika-Homes-That-Reflect-Who-You-Are&amp;Proj=&amp;src=Google&amp;amob=&amp;city=&amp;location=&amp;ch=ETrading&amp;medium=GSP&amp;campaign=A-Home-That-Reflects-Who-You-Are-Children-of-Arrived&amp;term=Avid-Business-News-Readers-35-65" id="form1">
<input type="hidden" name="__VIEWSTATE" id="__VIEWSTATE" value="/wEPDwUJNzgzNDMwNTMzZGReCsSe1P4Z9vclRZIrqa3T/3uEGu+PXq12yBOIGXfY1w==" />

<input type="hidden" name="__VIEWSTATEGENERATOR" id="__VIEWSTATEGENERATOR" value="5D34FF25" />
    <div>
    
    </div>
    </form>
</body>
</html>

[15-Dec-2018 14:24:54 Asia/Kolkata] 
New LP Lead | name: 'Aditya', email: 'aditya.benuri@gmail.com', phone: '+919966432154', lead_type: 'Landing Page | Botanika', date_captured: '2018-12-15 14:24:54'


[15-Dec-2018 14:24:56 Asia/Kolkata] http://botanika08.realeasy.in/IVR_Inbound.aspx?UID=fourqt&PWD=wn9mxO76f34=&f=m&con=%2B919966432154&email=aditya.benuri%40gmail.com&name=Aditya&url='http://botanika.in/l/a-home-that-reflects-who-you-are/&Remark=Sofa-TV&Proj=&src=Facebook&amob=&city=&location=&ch=ETrading&medium=FB-IN&campaign=A-Home-That-Reflects-Who-You-Are-Children-of-Arrived&term=Website-Visitors - Page hit-Valid page hit-Correct user id-Correct password-For microsite-Correct querystringMicrosite Saved Successfully.

<!DOCTYPE html PUBLIC "-//W3C//DTD XHTML 1.0 Transitional//EN" "http://www.w3.org/TR/xhtml1/DTD/xhtml1-transitional.dtd">

<html xmlns="http://www.w3.org/1999/xhtml">
<head><title>
	Untitled Page
</title></head>
<body>
    <form name="form1" method="post" action="./IVR_Inbound.aspx?UID=fourqt&amp;PWD=wn9mxO76f34%3d&amp;f=m&amp;con=%2b919966432154&amp;email=aditya.benuri%40gmail.com&amp;name=Aditya&amp;url=%27http%3a%2f%2fbotanika.in%2fl%2fa-home-that-reflects-who-you-are%2f&amp;Remark=Sofa-TV&amp;Proj=&amp;src=Facebook&amp;amob=&amp;city=&amp;location=&amp;ch=ETrading&amp;medium=FB-IN&amp;campaign=A-Home-That-Reflects-Who-You-Are-Children-of-Arrived&amp;term=Website-Visitors" id="form1">
<input type="hidden" name="__VIEWSTATE" id="__VIEWSTATE" value="/wEPDwUJNzgzNDMwNTMzZGReCsSe1P4Z9vclRZIrqa3T/3uEGu+PXq12yBOIGXfY1w==" />

<input type="hidden" name="__VIEWSTATEGENERATOR" id="__VIEWSTATEGENERATOR" value="5D34FF25" />
    <div>
    
    </div>
    </form>
</body>
</html>

[15-Dec-2018 15:20:16 Asia/Kolkata] 
New LP Lead | name: 'Ashok Reddy', email: 'reddypa0608@gmail.com', phone: '+919448283131', lead_type: 'Landing Page | Botanika', date_captured: '2018-12-15 15:20:16'


[15-Dec-2018 15:20:17 Asia/Kolkata] http://botanika08.realeasy.in/IVR_Inbound.aspx?UID=fourqt&PWD=wn9mxO76f34=&f=m&con=%2B919448283131&email=reddypa0608%40gmail.com&name=Ashok+Reddy&url='http://botanika.in/l/a-home-that-reflects-who-you-are/&Remark=Sofa-TV&Proj=&src=Facebook&amob=&city=&location=&ch=ETrading&medium=FB-IN&campaign=A-Home-That-Reflects-Who-You-Are-Children-of-Arrived&term=Website-Visitors - Page hit-Valid page hit-Correct user id-Correct password-For microsite-Correct querystringMicrosite Saved Successfully.

<!DOCTYPE html PUBLIC "-//W3C//DTD XHTML 1.0 Transitional//EN" "http://www.w3.org/TR/xhtml1/DTD/xhtml1-transitional.dtd">

<html xmlns="http://www.w3.org/1999/xhtml">
<head><title>
	Untitled Page
</title></head>
<body>
    <form name="form1" method="post" action="./IVR_Inbound.aspx?UID=fourqt&amp;PWD=wn9mxO76f34%3d&amp;f=m&amp;con=%2b919448283131&amp;email=reddypa0608%40gmail.com&amp;name=Ashok+Reddy&amp;url=%27http%3a%2f%2fbotanika.in%2fl%2fa-home-that-reflects-who-you-are%2f&amp;Remark=Sofa-TV&amp;Proj=&amp;src=Facebook&amp;amob=&amp;city=&amp;location=&amp;ch=ETrading&amp;medium=FB-IN&amp;campaign=A-Home-That-Reflects-Who-You-Are-Children-of-Arrived&amp;term=Website-Visitors" id="form1">
<input type="hidden" name="__VIEWSTATE" id="__VIEWSTATE" value="/wEPDwUJNzgzNDMwNTMzZGReCsSe1P4Z9vclRZIrqa3T/3uEGu+PXq12yBOIGXfY1w==" />

<input type="hidden" name="__VIEWSTATEGENERATOR" id="__VIEWSTATEGENERATOR" value="5D34FF25" />
    <div>
    
    </div>
    </form>
</body>
</html>

