[07-Dec-2019 16:22:21 Asia/Kolkata] 
New LP Lead | name: 'Gayathri', email: 'gsrikonda@gmail.com', phone: '+447441075341', lead_type: 'Landing Page | Botanika', date_captured: '2019-12-07 16:22:21'


[07-Dec-2019 16:22:22 Asia/Kolkata] http://botanika08.realeasy.in/IVR_Inbound.aspx?UID=fourqt&PWD=wn9mxO76f34=&f=m&con=%2B447441075341&email=gsrikonda%40gmail.com&name=Gayathri&url='http://botanika.in/l/a-home-that-reflects-who-you-are/&Remark=Homes-That-Reflect-Who-You-Are&Proj=&src=Google&amob=&city=&location=&ch=ETrading&medium=GS&campaign=A-Home-That-Reflects-Who-You-Are-Children-of-Arrived&term=Botanika - Page hit-Valid page hit-Correct user id-Correct password-For microsite-Correct querystringMicrosite Saved Successfully.

<!DOCTYPE html PUBLIC "-//W3C//DTD XHTML 1.0 Transitional//EN" "http://www.w3.org/TR/xhtml1/DTD/xhtml1-transitional.dtd">

<html xmlns="http://www.w3.org/1999/xhtml">
<head><title>
	Untitled Page
</title></head>
<body>
    <form name="form1" method="post" action="./IVR_Inbound.aspx?UID=fourqt&amp;PWD=wn9mxO76f34%3d&amp;f=m&amp;con=%2b447441075341&amp;email=gsrikonda%40gmail.com&amp;name=Gayathri&amp;url=%27http%3a%2f%2fbotanika.in%2fl%2fa-home-that-reflects-who-you-are%2f&amp;Remark=Homes-That-Reflect-Who-You-Are&amp;Proj=&amp;src=Google&amp;amob=&amp;city=&amp;location=&amp;ch=ETrading&amp;medium=GS&amp;campaign=A-Home-That-Reflects-Who-You-Are-Children-of-Arrived&amp;term=Botanika" id="form1">
<input type="hidden" name="__VIEWSTATE" id="__VIEWSTATE" value="/wEPDwUJNzgzNDMwNTMzZGReCsSe1P4Z9vclRZIrqa3T/3uEGu+PXq12yBOIGXfY1w==" />

<input type="hidden" name="__VIEWSTATEGENERATOR" id="__VIEWSTATEGENERATOR" value="5D34FF25" />
    <div>
    
    </div>
    </form>
</body>
</html>

[07-Dec-2019 18:16:28 Asia/Kolkata] 
New LP Lead | name: 'Naveen', email: 'naveenrnk@yahoo.co.in', phone: '+919949456767', lead_type: 'Landing Page | Botanika', date_captured: '2019-12-07 18:16:28'


[07-Dec-2019 18:16:30 Asia/Kolkata] http://botanika08.realeasy.in/IVR_Inbound.aspx?UID=fourqt&PWD=wn9mxO76f34=&f=m&con=%2B919949456767&email=naveenrnk%40yahoo.co.in&name=Naveen&url='http://botanika.in/l/a-home-that-reflects-who-you-are/&Remark=Homes-That-Reflect-Who-You-Are&Proj=&src=Google&amob=&city=&location=&ch=ETrading&medium=GS&campaign=A-Home-That-Reflects-Who-You-Are-Children-of-Arrived&term=Botanika - Page hit-Valid page hit-Correct user id-Correct password-For microsite-Correct querystringMicrosite Saved Successfully.

<!DOCTYPE html PUBLIC "-//W3C//DTD XHTML 1.0 Transitional//EN" "http://www.w3.org/TR/xhtml1/DTD/xhtml1-transitional.dtd">

<html xmlns="http://www.w3.org/1999/xhtml">
<head><title>
	Untitled Page
</title></head>
<body>
    <form name="form1" method="post" action="./IVR_Inbound.aspx?UID=fourqt&amp;PWD=wn9mxO76f34%3d&amp;f=m&amp;con=%2b919949456767&amp;email=naveenrnk%40yahoo.co.in&amp;name=Naveen&amp;url=%27http%3a%2f%2fbotanika.in%2fl%2fa-home-that-reflects-who-you-are%2f&amp;Remark=Homes-That-Reflect-Who-You-Are&amp;Proj=&amp;src=Google&amp;amob=&amp;city=&amp;location=&amp;ch=ETrading&amp;medium=GS&amp;campaign=A-Home-That-Reflects-Who-You-Are-Children-of-Arrived&amp;term=Botanika" id="form1">
<input type="hidden" name="__VIEWSTATE" id="__VIEWSTATE" value="/wEPDwUJNzgzNDMwNTMzZGReCsSe1P4Z9vclRZIrqa3T/3uEGu+PXq12yBOIGXfY1w==" />

<input type="hidden" name="__VIEWSTATEGENERATOR" id="__VIEWSTATEGENERATOR" value="5D34FF25" />
    <div>
    
    </div>
    </form>
</body>
</html>

