[09-Jul-2019 06:52:10 Asia/Kolkata] 
New LP Lead | name: 'Maya', email: 'mayagaggar@yahoo.com', phone: '+919849015104', lead_type: 'Landing Page | Botanika', date_captured: '2019-07-09 06:52:10'


[09-Jul-2019 06:52:13 Asia/Kolkata] http://botanika08.realeasy.in/IVR_Inbound.aspx?UID=fourqt&PWD=wn9mxO76f34=&f=m&con=%2B919849015104&email=mayagaggar%40yahoo.com&name=Maya&url='http://botanika.in/l/a-home-that-reflects-who-you-are/&Remark=Sofa-TV&Proj=&src=Facebook&amob=&city=&location=&ch=ETrading&medium=FB-IN&campaign=A-Home-That-Reflects-Who-You-Are-Children-of-Arrived&term=Golf-Enthusiasts - Page hit-Valid page hit-Correct user id-Correct password-For microsite-Correct querystringMicrosite Saved Successfully.

<!DOCTYPE html PUBLIC "-//W3C//DTD XHTML 1.0 Transitional//EN" "http://www.w3.org/TR/xhtml1/DTD/xhtml1-transitional.dtd">

<html xmlns="http://www.w3.org/1999/xhtml">
<head><title>
	Untitled Page
</title></head>
<body>
    <form name="form1" method="post" action="./IVR_Inbound.aspx?UID=fourqt&amp;PWD=wn9mxO76f34%3d&amp;f=m&amp;con=%2b919849015104&amp;email=mayagaggar%40yahoo.com&amp;name=Maya&amp;url=%27http%3a%2f%2fbotanika.in%2fl%2fa-home-that-reflects-who-you-are%2f&amp;Remark=Sofa-TV&amp;Proj=&amp;src=Facebook&amp;amob=&amp;city=&amp;location=&amp;ch=ETrading&amp;medium=FB-IN&amp;campaign=A-Home-That-Reflects-Who-You-Are-Children-of-Arrived&amp;term=Golf-Enthusiasts" id="form1">
<input type="hidden" name="__VIEWSTATE" id="__VIEWSTATE" value="/wEPDwUJNzgzNDMwNTMzZGReCsSe1P4Z9vclRZIrqa3T/3uEGu+PXq12yBOIGXfY1w==" />

<input type="hidden" name="__VIEWSTATEGENERATOR" id="__VIEWSTATEGENERATOR" value="5D34FF25" />
    <div>
    
    </div>
    </form>
</body>
</html>

[09-Jul-2019 07:06:13 Asia/Kolkata] 
New LP Lead | name: 'Amit', email: 'amitsinghal@icai.org', phone: '+919640151861', lead_type: 'Landing Page | Botanika', date_captured: '2019-07-09 07:06:13'


[09-Jul-2019 07:06:14 Asia/Kolkata] http://botanika08.realeasy.in/IVR_Inbound.aspx?UID=fourqt&PWD=wn9mxO76f34=&f=m&con=%2B919640151861&email=amitsinghal%40icai.org&name=Amit&url='http://botanika.in/l/a-home-that-reflects-who-you-are/&Remark=4-5-BHK-Flats-At-The-Botanika-Homes-That-Reflect-Who-You-Are&Proj=&src=Google&amob=&city=&location=&ch=ETrading&medium=GSP&campaign=A-Home-That-Reflects-Who-You-Are-Children-of-Arrived&term=Real-Estate-Agencies-Home-Loans - Page hit-Valid page hit-Correct user id-Correct password-For microsite-Correct querystringMicrosite Saved Successfully.

<!DOCTYPE html PUBLIC "-//W3C//DTD XHTML 1.0 Transitional//EN" "http://www.w3.org/TR/xhtml1/DTD/xhtml1-transitional.dtd">

<html xmlns="http://www.w3.org/1999/xhtml">
<head><title>
	Untitled Page
</title></head>
<body>
    <form name="form1" method="post" action="./IVR_Inbound.aspx?UID=fourqt&amp;PWD=wn9mxO76f34%3d&amp;f=m&amp;con=%2b919640151861&amp;email=amitsinghal%40icai.org&amp;name=Amit&amp;url=%27http%3a%2f%2fbotanika.in%2fl%2fa-home-that-reflects-who-you-are%2f&amp;Remark=4-5-BHK-Flats-At-The-Botanika-Homes-That-Reflect-Who-You-Are&amp;Proj=&amp;src=Google&amp;amob=&amp;city=&amp;location=&amp;ch=ETrading&amp;medium=GSP&amp;campaign=A-Home-That-Reflects-Who-You-Are-Children-of-Arrived&amp;term=Real-Estate-Agencies-Home-Loans" id="form1">
<input type="hidden" name="__VIEWSTATE" id="__VIEWSTATE" value="/wEPDwUJNzgzNDMwNTMzZGReCsSe1P4Z9vclRZIrqa3T/3uEGu+PXq12yBOIGXfY1w==" />

<input type="hidden" name="__VIEWSTATEGENERATOR" id="__VIEWSTATEGENERATOR" value="5D34FF25" />
    <div>
    
    </div>
    </form>
</body>
</html>

[09-Jul-2019 09:22:08 Asia/Kolkata] 
New LP Lead | name: 'T Alphonse Reddy', email: 'alphonsetalphonsereddy@gmail.com', phone: '+919848386015', lead_type: 'Landing Page | Botanika', date_captured: '2019-07-09 09:22:08'


[09-Jul-2019 09:22:10 Asia/Kolkata] http://botanika08.realeasy.in/IVR_Inbound.aspx?UID=fourqt&PWD=wn9mxO76f34=&f=m&con=%2B919848386015&email=alphonsetalphonsereddy%40gmail.com&name=T+Alphonse+Reddy&url='http://botanika.in/l/a-home-that-reflects-who-you-are/&Remark=Artsy-person&Proj=&src=Facebook&amob=&city=&location=&ch=ETrading&medium=FB-IN&campaign=A-Home-That-Reflects-Who-You-Are-Children-of-Arrived&term=Golf-Enthusiasts - Page hit-Valid page hit-Correct user id-Correct password-For microsite-Correct querystringMicrosite Saved Successfully.

<!DOCTYPE html PUBLIC "-//W3C//DTD XHTML 1.0 Transitional//EN" "http://www.w3.org/TR/xhtml1/DTD/xhtml1-transitional.dtd">

<html xmlns="http://www.w3.org/1999/xhtml">
<head><title>
	Untitled Page
</title></head>
<body>
    <form name="form1" method="post" action="./IVR_Inbound.aspx?UID=fourqt&amp;PWD=wn9mxO76f34%3d&amp;f=m&amp;con=%2b919848386015&amp;email=alphonsetalphonsereddy%40gmail.com&amp;name=T+Alphonse+Reddy&amp;url=%27http%3a%2f%2fbotanika.in%2fl%2fa-home-that-reflects-who-you-are%2f&amp;Remark=Artsy-person&amp;Proj=&amp;src=Facebook&amp;amob=&amp;city=&amp;location=&amp;ch=ETrading&amp;medium=FB-IN&amp;campaign=A-Home-That-Reflects-Who-You-Are-Children-of-Arrived&amp;term=Golf-Enthusiasts" id="form1">
<input type="hidden" name="__VIEWSTATE" id="__VIEWSTATE" value="/wEPDwUJNzgzNDMwNTMzZGReCsSe1P4Z9vclRZIrqa3T/3uEGu+PXq12yBOIGXfY1w==" />

<input type="hidden" name="__VIEWSTATEGENERATOR" id="__VIEWSTATEGENERATOR" value="5D34FF25" />
    <div>
    
    </div>
    </form>
</body>
</html>

