[18-Jul-2019 10:16:57 Asia/Kolkata] 
New LP Lead | name: 'pramod shetty', email: 'pksshetty861@gmail.com', phone: '+919849019203', lead_type: 'Landing Page | Botanika', date_captured: '2019-07-18 10:16:57'


[18-Jul-2019 10:16:59 Asia/Kolkata] http://botanika08.realeasy.in/IVR_Inbound.aspx?UID=fourqt&PWD=wn9mxO76f34=&f=m&con=%2B919849019203&email=pksshetty861%40gmail.com&name=pramod+shetty&url='http://botanika.in/l/a-home-that-reflects-who-you-are/&Remark=Artsy-person&Proj=&src=Facebook&amob=&city=&location=&ch=ETrading&medium=FB-IN&campaign=A-Home-That-Reflects-Who-You-Are-Children-of-Arrived&term=Golf-Enthusiasts - -There is not enough space on the disk.
Page hit-Valid page hit-Correct user id-The process cannot access the file 'D:\4QT\Software\Hyderabad_REMS\Logs\Botanika\Site\Log_2019_7_18.txt' because it is being used by another process.-The process cannot access the file 'D:\4QT\Software\Hyderabad_REMS\Logs\Botanika\Site\Log_2019_7_18.txt' because it is being used by another process.-Correct password-The process cannot access the file 'D:\4QT\Software\Hyderabad_REMS\Logs\Botanika\Site\Log_2019_7_18.txt' because it is being used by another process.-For microsite-The process cannot access the file 'D:\4QT\Software\Hyderabad_REMS\Logs\Botanika\Site\Log_2019_7_18.txt' because it is being used by another process.-Correct querystringMicrosite Saved Successfully.

<!DOCTYPE html PUBLIC "-//W3C//DTD XHTML 1.0 Transitional//EN" "http://www.w3.org/TR/xhtml1/DTD/xhtml1-transitional.dtd">

<html xmlns="http://www.w3.org/1999/xhtml">
<head><title>
	Untitled Page
</title></head>
<body>
    <form name="form1" method="post" action="./IVR_Inbound.aspx?UID=fourqt&amp;PWD=wn9mxO76f34%3d&amp;f=m&amp;con=%2b919849019203&amp;email=pksshetty861%40gmail.com&amp;name=pramod+shetty&amp;url=%27http%3a%2f%2fbotanika.in%2fl%2fa-home-that-reflects-who-you-are%2f&amp;Remark=Artsy-person&amp;Proj=&amp;src=Facebook&amp;amob=&amp;city=&amp;location=&amp;ch=ETrading&amp;medium=FB-IN&amp;campaign=A-Home-That-Reflects-Who-You-Are-Children-of-Arrived&amp;term=Golf-Enthusiasts" id="form1">
<input type="hidden" name="__VIEWSTATE" id="__VIEWSTATE" value="/wEPDwUJNzgzNDMwNTMzZGReCsSe1P4Z9vclRZIrqa3T/3uEGu+PXq12yBOIGXfY1w==" />

<input type="hidden" name="__VIEWSTATEGENERATOR" id="__VIEWSTATEGENERATOR" value="5D34FF25" />
    <div>
    
    </div>
    </form>
</body>
</html>

[18-Jul-2019 16:24:25 Asia/Kolkata] 
New LP Lead | name: 'Phaniduredh', email: 'suresh.kalava@gmail.com', phone: '+917780528523', lead_type: 'Landing Page | Botanika', date_captured: '2019-07-18 16:24:25'


[18-Jul-2019 16:24:27 Asia/Kolkata] http://botanika08.realeasy.in/IVR_Inbound.aspx?UID=fourqt&PWD=wn9mxO76f34=&f=m&con=%2B917780528523&email=suresh.kalava%40gmail.com&name=Phaniduredh&url='http://botanika.in/l/a-home-that-reflects-who-you-are/&Remark=4-5-BHK-Flats-At-The-Botanika-Homes-That-Reflect-Who-You-Are&Proj=&src=Google&amob=&city=&location=&ch=ETrading&medium=GS&campaign=A-Home-That-Reflects-Who-You-Are-Children-of-Arrived&term=Gachibowli-Luxury-Apts - Page hit-Valid page hit-Correct user id-Correct password-For microsite-Correct querystringMicrosite Saved Successfully.

<!DOCTYPE html PUBLIC "-//W3C//DTD XHTML 1.0 Transitional//EN" "http://www.w3.org/TR/xhtml1/DTD/xhtml1-transitional.dtd">

<html xmlns="http://www.w3.org/1999/xhtml">
<head><title>
	Untitled Page
</title></head>
<body>
    <form name="form1" method="post" action="./IVR_Inbound.aspx?UID=fourqt&amp;PWD=wn9mxO76f34%3d&amp;f=m&amp;con=%2b917780528523&amp;email=suresh.kalava%40gmail.com&amp;name=Phaniduredh&amp;url=%27http%3a%2f%2fbotanika.in%2fl%2fa-home-that-reflects-who-you-are%2f&amp;Remark=4-5-BHK-Flats-At-The-Botanika-Homes-That-Reflect-Who-You-Are&amp;Proj=&amp;src=Google&amp;amob=&amp;city=&amp;location=&amp;ch=ETrading&amp;medium=GS&amp;campaign=A-Home-That-Reflects-Who-You-Are-Children-of-Arrived&amp;term=Gachibowli-Luxury-Apts" id="form1">
<input type="hidden" name="__VIEWSTATE" id="__VIEWSTATE" value="/wEPDwUJNzgzNDMwNTMzZGReCsSe1P4Z9vclRZIrqa3T/3uEGu+PXq12yBOIGXfY1w==" />

<input type="hidden" name="__VIEWSTATEGENERATOR" id="__VIEWSTATEGENERATOR" value="5D34FF25" />
    <div>
    
    </div>
    </form>
</body>
</html>

[18-Jul-2019 17:35:11 Asia/Kolkata] 
New LP Lead | name: 'Eswara rao Mandava', email: 'eswararao949@gmail.com', phone: '+919963893669', lead_type: 'Landing Page | Botanika', date_captured: '2019-07-18 17:35:11'


[18-Jul-2019 17:35:12 Asia/Kolkata] http://botanika08.realeasy.in/IVR_Inbound.aspx?UID=fourqt&PWD=wn9mxO76f34=&f=m&con=%2B919963893669&email=eswararao949%40gmail.com&name=Eswara+rao+Mandava&url='http://botanika.in/l/a-home-that-reflects-who-you-are/&Remark=Badminton&Proj=&src=Facebook&amob=&city=&location=&ch=ETrading&medium=FB-IN&campaign=A-Home-That-Reflects-Who-You-Are-Children-of-Arrived&term=Posh-Sports-Luxury-Goods-28-34 - Page hit-Valid page hit-Correct user id-Correct password-For microsite-Correct querystringMicrosite Saved Successfully.

<!DOCTYPE html PUBLIC "-//W3C//DTD XHTML 1.0 Transitional//EN" "http://www.w3.org/TR/xhtml1/DTD/xhtml1-transitional.dtd">

<html xmlns="http://www.w3.org/1999/xhtml">
<head><title>
	Untitled Page
</title></head>
<body>
    <form name="form1" method="post" action="./IVR_Inbound.aspx?UID=fourqt&amp;PWD=wn9mxO76f34%3d&amp;f=m&amp;con=%2b919963893669&amp;email=eswararao949%40gmail.com&amp;name=Eswara+rao+Mandava&amp;url=%27http%3a%2f%2fbotanika.in%2fl%2fa-home-that-reflects-who-you-are%2f&amp;Remark=Badminton&amp;Proj=&amp;src=Facebook&amp;amob=&amp;city=&amp;location=&amp;ch=ETrading&amp;medium=FB-IN&amp;campaign=A-Home-That-Reflects-Who-You-Are-Children-of-Arrived&amp;term=Posh-Sports-Luxury-Goods-28-34" id="form1">
<input type="hidden" name="__VIEWSTATE" id="__VIEWSTATE" value="/wEPDwUJNzgzNDMwNTMzZGReCsSe1P4Z9vclRZIrqa3T/3uEGu+PXq12yBOIGXfY1w==" />

<input type="hidden" name="__VIEWSTATEGENERATOR" id="__VIEWSTATEGENERATOR" value="5D34FF25" />
    <div>
    
    </div>
    </form>
</body>
</html>

[18-Jul-2019 23:39:23 Asia/Kolkata] 
New LP Lead | name: 'Tvramana', email: 'tvramana8484@gmail.com', phone: '+919440375052', lead_type: 'Landing Page | Botanika', date_captured: '2019-07-18 23:39:23'


[18-Jul-2019 23:39:26 Asia/Kolkata] http://botanika08.realeasy.in/IVR_Inbound.aspx?UID=fourqt&PWD=wn9mxO76f34=&f=m&con=%2B919440375052&email=tvramana8484%40gmail.com&name=Tvramana&url='http://botanika.in/l/a-home-that-reflects-who-you-are/&Remark=Sofa-TV&Proj=&src=Facebook&amob=&city=&location=&ch=ETrading&medium=FB-IN&campaign=A-Home-That-Reflects-Who-You-Are-Children-of-Arrived&term=LA-TY-iOS-Gachibowli-35-65 - Page hit-Valid page hit-Correct user id-Correct password-For microsite-Correct querystringMicrosite Saved Successfully.

<!DOCTYPE html PUBLIC "-//W3C//DTD XHTML 1.0 Transitional//EN" "http://www.w3.org/TR/xhtml1/DTD/xhtml1-transitional.dtd">

<html xmlns="http://www.w3.org/1999/xhtml">
<head><title>
	Untitled Page
</title></head>
<body>
    <form name="form1" method="post" action="./IVR_Inbound.aspx?UID=fourqt&amp;PWD=wn9mxO76f34%3d&amp;f=m&amp;con=%2b919440375052&amp;email=tvramana8484%40gmail.com&amp;name=Tvramana&amp;url=%27http%3a%2f%2fbotanika.in%2fl%2fa-home-that-reflects-who-you-are%2f&amp;Remark=Sofa-TV&amp;Proj=&amp;src=Facebook&amp;amob=&amp;city=&amp;location=&amp;ch=ETrading&amp;medium=FB-IN&amp;campaign=A-Home-That-Reflects-Who-You-Are-Children-of-Arrived&amp;term=LA-TY-iOS-Gachibowli-35-65" id="form1">
<input type="hidden" name="__VIEWSTATE" id="__VIEWSTATE" value="/wEPDwUJNzgzNDMwNTMzZGReCsSe1P4Z9vclRZIrqa3T/3uEGu+PXq12yBOIGXfY1w==" />

<input type="hidden" name="__VIEWSTATEGENERATOR" id="__VIEWSTATEGENERATOR" value="5D34FF25" />
    <div>
    
    </div>
    </form>
</body>
</html>

