[02-Jun-2019 03:19:22 Asia/Kolkata] 
New LP Lead | name: 'Vikrant Sharma', email: 'vshomes@gmail.com', phone: '+918400534444', lead_type: 'Landing Page | Botanika', date_captured: '2019-06-02 03:19:22'


[02-Jun-2019 03:19:24 Asia/Kolkata] http://botanika08.realeasy.in/IVR_Inbound.aspx?UID=fourqt&PWD=wn9mxO76f34=&f=m&con=%2B918400534444&email=vshomes%40gmail.com&name=Vikrant+Sharma&url='http://botanika.in/l/a-home-that-reflects-who-you-are/&Remark=Finest-Luxury-Homes&Proj=&src=Google&amob=&city=&location=&ch=ETrading&medium=GSP&campaign=A-Home-That-Reflects-Who-You-Are-Children-of-Arrived&term=Trips-to-California - Page hit-Valid page hit-Correct user id-Correct password-For microsite-Correct querystringMicrosite Saved Successfully.

<!DOCTYPE html PUBLIC "-//W3C//DTD XHTML 1.0 Transitional//EN" "http://www.w3.org/TR/xhtml1/DTD/xhtml1-transitional.dtd">

<html xmlns="http://www.w3.org/1999/xhtml">
<head><title>
	Untitled Page
</title></head>
<body>
    <form name="form1" method="post" action="./IVR_Inbound.aspx?UID=fourqt&amp;PWD=wn9mxO76f34%3d&amp;f=m&amp;con=%2b918400534444&amp;email=vshomes%40gmail.com&amp;name=Vikrant+Sharma&amp;url=%27http%3a%2f%2fbotanika.in%2fl%2fa-home-that-reflects-who-you-are%2f&amp;Remark=Finest-Luxury-Homes&amp;Proj=&amp;src=Google&amp;amob=&amp;city=&amp;location=&amp;ch=ETrading&amp;medium=GSP&amp;campaign=A-Home-That-Reflects-Who-You-Are-Children-of-Arrived&amp;term=Trips-to-California" id="form1">
<input type="hidden" name="__VIEWSTATE" id="__VIEWSTATE" value="/wEPDwUJNzgzNDMwNTMzZGReCsSe1P4Z9vclRZIrqa3T/3uEGu+PXq12yBOIGXfY1w==" />

<input type="hidden" name="__VIEWSTATEGENERATOR" id="__VIEWSTATEGENERATOR" value="5D34FF25" />
    <div>
    
    </div>
    </form>
</body>
</html>

[02-Jun-2019 11:09:20 Asia/Kolkata] 
New LP Lead | name: 'paranjith Reddy Patlannagari', email: 'pjreddi86@gmail.com', phone: '+918978284724', lead_type: 'Landing Page | Botanika', date_captured: '2019-06-02 11:09:20'


[02-Jun-2019 11:09:21 Asia/Kolkata] http://botanika08.realeasy.in/IVR_Inbound.aspx?UID=fourqt&PWD=wn9mxO76f34=&f=m&con=%2B918978284724&email=pjreddi86%40gmail.com&name=paranjith+Reddy+Patlannagari&url='http://botanika.in/l/a-home-that-reflects-who-you-are/&Remark=4-5-BHK-At-The-Botanika-Homes-That-Reflect-Who-You-Are&Proj=&src=Google&amob=&city=&location=&ch=ETrading&medium=GS&campaign=A-Home-That-Reflects-Who-You-Are-Children-of-Arrived&term=Duplex-Apts - Page hit-Valid page hit-Correct user id-Correct password-For microsite-Correct querystringMicrosite Saved Successfully.

<!DOCTYPE html PUBLIC "-//W3C//DTD XHTML 1.0 Transitional//EN" "http://www.w3.org/TR/xhtml1/DTD/xhtml1-transitional.dtd">

<html xmlns="http://www.w3.org/1999/xhtml">
<head><title>
	Untitled Page
</title></head>
<body>
    <form name="form1" method="post" action="./IVR_Inbound.aspx?UID=fourqt&amp;PWD=wn9mxO76f34%3d&amp;f=m&amp;con=%2b918978284724&amp;email=pjreddi86%40gmail.com&amp;name=paranjith+Reddy+Patlannagari&amp;url=%27http%3a%2f%2fbotanika.in%2fl%2fa-home-that-reflects-who-you-are%2f&amp;Remark=4-5-BHK-At-The-Botanika-Homes-That-Reflect-Who-You-Are&amp;Proj=&amp;src=Google&amp;amob=&amp;city=&amp;location=&amp;ch=ETrading&amp;medium=GS&amp;campaign=A-Home-That-Reflects-Who-You-Are-Children-of-Arrived&amp;term=Duplex-Apts" id="form1">
<input type="hidden" name="__VIEWSTATE" id="__VIEWSTATE" value="/wEPDwUJNzgzNDMwNTMzZGReCsSe1P4Z9vclRZIrqa3T/3uEGu+PXq12yBOIGXfY1w==" />

<input type="hidden" name="__VIEWSTATEGENERATOR" id="__VIEWSTATEGENERATOR" value="5D34FF25" />
    <div>
    
    </div>
    </form>
</body>
</html>

