[01-Mar-2019 09:03:23 Asia/Kolkata] 
New LP Lead | name: 'Suribabu', email: 'suribabuk56@yahoo.in', phone: '+917095173188', lead_type: 'Landing Page | Botanika', date_captured: '2019-03-01 09:03:23'


[01-Mar-2019 09:03:26 Asia/Kolkata] http://botanika08.realeasy.in/IVR_Inbound.aspx?UID=fourqt&PWD=wn9mxO76f34=&f=m&con=%2B917095173188&email=suribabuk56%40yahoo.in&name=Suribabu&url='http://botanika.in/l/a-home-that-reflects-who-you-are/&Remark=4-5-BHK-Flats-At-The-Botanika-Homes-That-Reflect-Who-You-Are&Proj=&src=Google&amob=&city=&location=&ch=ETrading&medium=GSP&campaign=A-Home-That-Reflects-Who-You-Are-Children-of-Arrived&term=Landscape-Design-35-65 - Page hit-Valid page hit-Correct user id-Correct password-For microsite-Correct querystringMicrosite Saved Successfully.

<!DOCTYPE html PUBLIC "-//W3C//DTD XHTML 1.0 Transitional//EN" "http://www.w3.org/TR/xhtml1/DTD/xhtml1-transitional.dtd">

<html xmlns="http://www.w3.org/1999/xhtml">
<head><title>
	Untitled Page
</title></head>
<body>
    <form name="form1" method="post" action="./IVR_Inbound.aspx?UID=fourqt&amp;PWD=wn9mxO76f34%3d&amp;f=m&amp;con=%2b917095173188&amp;email=suribabuk56%40yahoo.in&amp;name=Suribabu&amp;url=%27http%3a%2f%2fbotanika.in%2fl%2fa-home-that-reflects-who-you-are%2f&amp;Remark=4-5-BHK-Flats-At-The-Botanika-Homes-That-Reflect-Who-You-Are&amp;Proj=&amp;src=Google&amp;amob=&amp;city=&amp;location=&amp;ch=ETrading&amp;medium=GSP&amp;campaign=A-Home-That-Reflects-Who-You-Are-Children-of-Arrived&amp;term=Landscape-Design-35-65" id="form1">
<input type="hidden" name="__VIEWSTATE" id="__VIEWSTATE" value="/wEPDwUJNzgzNDMwNTMzZGReCsSe1P4Z9vclRZIrqa3T/3uEGu+PXq12yBOIGXfY1w==" />

<input type="hidden" name="__VIEWSTATEGENERATOR" id="__VIEWSTATEGENERATOR" value="5D34FF25" />
    <div>
    
    </div>
    </form>
</body>
</html>

[01-Mar-2019 09:30:26 Asia/Kolkata] 
New LP Lead | name: 'Krat', email: 'kratimshr25@gmail.com', phone: '+919560784266', lead_type: 'Landing Page | Botanika', date_captured: '2019-03-01 09:30:26'


[01-Mar-2019 09:30:28 Asia/Kolkata] http://botanika08.realeasy.in/IVR_Inbound.aspx?UID=fourqt&PWD=wn9mxO76f34=&f=m&con=%2B919560784266&email=kratimshr25%40gmail.com&name=Krat&url='http://botanika.in/l/a-home-that-reflects-who-you-are/&Remark=Sofa-TV&Proj=&src=Facebook&amob=&city=&location=&ch=ETrading&medium=FB-IN&campaign=A-Home-That-Reflects-Who-You-Are-Children-of-Arrived&term=Designers-Interest-28-34 - Page hit-Valid page hit-Correct user id-Correct password-For microsite-Correct querystringMicrosite Saved Successfully.

<!DOCTYPE html PUBLIC "-//W3C//DTD XHTML 1.0 Transitional//EN" "http://www.w3.org/TR/xhtml1/DTD/xhtml1-transitional.dtd">

<html xmlns="http://www.w3.org/1999/xhtml">
<head><title>
	Untitled Page
</title></head>
<body>
    <form name="form1" method="post" action="./IVR_Inbound.aspx?UID=fourqt&amp;PWD=wn9mxO76f34%3d&amp;f=m&amp;con=%2b919560784266&amp;email=kratimshr25%40gmail.com&amp;name=Krat&amp;url=%27http%3a%2f%2fbotanika.in%2fl%2fa-home-that-reflects-who-you-are%2f&amp;Remark=Sofa-TV&amp;Proj=&amp;src=Facebook&amp;amob=&amp;city=&amp;location=&amp;ch=ETrading&amp;medium=FB-IN&amp;campaign=A-Home-That-Reflects-Who-You-Are-Children-of-Arrived&amp;term=Designers-Interest-28-34" id="form1">
<input type="hidden" name="__VIEWSTATE" id="__VIEWSTATE" value="/wEPDwUJNzgzNDMwNTMzZGReCsSe1P4Z9vclRZIrqa3T/3uEGu+PXq12yBOIGXfY1w==" />

<input type="hidden" name="__VIEWSTATEGENERATOR" id="__VIEWSTATEGENERATOR" value="5D34FF25" />
    <div>
    
    </div>
    </form>
</body>
</html>

[01-Mar-2019 10:19:34 Asia/Kolkata] 
New LP Lead | name: 'Pandu Ranga Vajramsetty', email: 'sreeranga1950@gmail.com', phone: '+919885314606', lead_type: 'Landing Page | Botanika', date_captured: '2019-03-01 10:19:34'


[01-Mar-2019 10:19:35 Asia/Kolkata] http://botanika08.realeasy.in/IVR_Inbound.aspx?UID=fourqt&PWD=wn9mxO76f34=&f=m&con=%2B919885314606&email=sreeranga1950%40gmail.com&name=Pandu+Ranga+Vajramsetty&url='http://botanika.in/l/a-home-that-reflects-who-you-are/&Remark=4-5-BHK-Flats-At-The-Botanika-Homes-That-Reflect-Who-You-Are&Proj=&src=Google&amob=&city=&location=&ch=ETrading&medium=GSP&campaign=A-Home-That-Reflects-Who-You-Are-Children-of-Arrived&term=Landscape-Design-35-65 - Page hit-Valid page hit-Correct user id-Correct password-For microsite-Correct querystringMicrosite Saved Successfully.

<!DOCTYPE html PUBLIC "-//W3C//DTD XHTML 1.0 Transitional//EN" "http://www.w3.org/TR/xhtml1/DTD/xhtml1-transitional.dtd">

<html xmlns="http://www.w3.org/1999/xhtml">
<head><title>
	Untitled Page
</title></head>
<body>
    <form name="form1" method="post" action="./IVR_Inbound.aspx?UID=fourqt&amp;PWD=wn9mxO76f34%3d&amp;f=m&amp;con=%2b919885314606&amp;email=sreeranga1950%40gmail.com&amp;name=Pandu+Ranga+Vajramsetty&amp;url=%27http%3a%2f%2fbotanika.in%2fl%2fa-home-that-reflects-who-you-are%2f&amp;Remark=4-5-BHK-Flats-At-The-Botanika-Homes-That-Reflect-Who-You-Are&amp;Proj=&amp;src=Google&amp;amob=&amp;city=&amp;location=&amp;ch=ETrading&amp;medium=GSP&amp;campaign=A-Home-That-Reflects-Who-You-Are-Children-of-Arrived&amp;term=Landscape-Design-35-65" id="form1">
<input type="hidden" name="__VIEWSTATE" id="__VIEWSTATE" value="/wEPDwUJNzgzNDMwNTMzZGReCsSe1P4Z9vclRZIrqa3T/3uEGu+PXq12yBOIGXfY1w==" />

<input type="hidden" name="__VIEWSTATEGENERATOR" id="__VIEWSTATEGENERATOR" value="5D34FF25" />
    <div>
    
    </div>
    </form>
</body>
</html>

[01-Mar-2019 12:02:52 Asia/Kolkata] 
New LP Lead | name: 'Greeshma', email: 'greeshma2804@gmail.com', phone: '+917675886014', lead_type: 'Landing Page | Botanika', date_captured: '2019-03-01 12:02:52'


[01-Mar-2019 12:02:53 Asia/Kolkata] http://botanika08.realeasy.in/IVR_Inbound.aspx?UID=fourqt&PWD=wn9mxO76f34=&f=m&con=%2B917675886014&email=greeshma2804%40gmail.com&name=Greeshma&url='http://botanika.in/l/a-home-that-reflects-who-you-are/&Remark=Sofa-TV&Proj=&src=Facebook&amob=&city=&location=&ch=ETrading&medium=FB-IN&campaign=A-Home-That-Reflects-Who-You-Are-Children-of-Arrived&term=Designers-Interest-28-34 - Page hit-Valid page hit-Correct user id-Correct password-For microsite-Correct querystringMicrosite Saved Successfully.

<!DOCTYPE html PUBLIC "-//W3C//DTD XHTML 1.0 Transitional//EN" "http://www.w3.org/TR/xhtml1/DTD/xhtml1-transitional.dtd">

<html xmlns="http://www.w3.org/1999/xhtml">
<head><title>
	Untitled Page
</title></head>
<body>
    <form name="form1" method="post" action="./IVR_Inbound.aspx?UID=fourqt&amp;PWD=wn9mxO76f34%3d&amp;f=m&amp;con=%2b917675886014&amp;email=greeshma2804%40gmail.com&amp;name=Greeshma&amp;url=%27http%3a%2f%2fbotanika.in%2fl%2fa-home-that-reflects-who-you-are%2f&amp;Remark=Sofa-TV&amp;Proj=&amp;src=Facebook&amp;amob=&amp;city=&amp;location=&amp;ch=ETrading&amp;medium=FB-IN&amp;campaign=A-Home-That-Reflects-Who-You-Are-Children-of-Arrived&amp;term=Designers-Interest-28-34" id="form1">
<input type="hidden" name="__VIEWSTATE" id="__VIEWSTATE" value="/wEPDwUJNzgzNDMwNTMzZGReCsSe1P4Z9vclRZIrqa3T/3uEGu+PXq12yBOIGXfY1w==" />

<input type="hidden" name="__VIEWSTATEGENERATOR" id="__VIEWSTATEGENERATOR" value="5D34FF25" />
    <div>
    
    </div>
    </form>
</body>
</html>

[01-Mar-2019 19:07:48 Asia/Kolkata] 
New LP Lead | name: 'Praneeth', email: 'praneethpinna@gmail.com', phone: '+919177614343', lead_type: 'Landing Page | Botanika', date_captured: '2019-03-01 19:07:48'


[01-Mar-2019 19:07:51 Asia/Kolkata] http://botanika08.realeasy.in/IVR_Inbound.aspx?UID=fourqt&PWD=wn9mxO76f34=&f=m&con=%2B919177614343&email=praneethpinna%40gmail.com&name=Praneeth&url='http://botanika.in/l/a-home-that-reflects-who-you-are/&Remark=Sofa-TV&Proj=&src=Facebook&amob=&city=&location=&ch=ETrading&medium=FB-IN&campaign=A-Home-That-Reflects-Who-You-Are-Children-of-Arrived&term=Radius-TG-J-Hills-B-Hills-1Mi-29-44 - Page hit-Valid page hit-Correct user id-Correct password-For microsite-Correct querystringMicrosite Saved Successfully.

<!DOCTYPE html PUBLIC "-//W3C//DTD XHTML 1.0 Transitional//EN" "http://www.w3.org/TR/xhtml1/DTD/xhtml1-transitional.dtd">

<html xmlns="http://www.w3.org/1999/xhtml">
<head><title>
	Untitled Page
</title></head>
<body>
    <form name="form1" method="post" action="./IVR_Inbound.aspx?UID=fourqt&amp;PWD=wn9mxO76f34%3d&amp;f=m&amp;con=%2b919177614343&amp;email=praneethpinna%40gmail.com&amp;name=Praneeth&amp;url=%27http%3a%2f%2fbotanika.in%2fl%2fa-home-that-reflects-who-you-are%2f&amp;Remark=Sofa-TV&amp;Proj=&amp;src=Facebook&amp;amob=&amp;city=&amp;location=&amp;ch=ETrading&amp;medium=FB-IN&amp;campaign=A-Home-That-Reflects-Who-You-Are-Children-of-Arrived&amp;term=Radius-TG-J-Hills-B-Hills-1Mi-29-44" id="form1">
<input type="hidden" name="__VIEWSTATE" id="__VIEWSTATE" value="/wEPDwUJNzgzNDMwNTMzZGReCsSe1P4Z9vclRZIrqa3T/3uEGu+PXq12yBOIGXfY1w==" />

<input type="hidden" name="__VIEWSTATEGENERATOR" id="__VIEWSTATEGENERATOR" value="5D34FF25" />
    <div>
    
    </div>
    </form>
</body>
</html>

