[07-May-2019 10:32:38 Asia/Kolkata] 
New LP Lead | name: 'M V Jagannadham', email: 'medicharlavj@gmail.com', phone: '+919490311294', lead_type: 'Landing Page | Botanika', date_captured: '2019-05-07 10:32:38'


[07-May-2019 10:32:40 Asia/Kolkata] http://botanika08.realeasy.in/IVR_Inbound.aspx?UID=fourqt&PWD=wn9mxO76f34=&f=m&con=%2B919490311294&email=medicharlavj%40gmail.com&name=M+V+Jagannadham&url='http://botanika.in/l/a-home-that-reflects-who-you-are/&Remark=Nothing-But-The-Best&Proj=&src=Google&amob=&city=&location=&ch=ETrading&medium=GSP&campaign=A-Home-That-Reflects-Who-You-Are-Children-of-Arrived&term=GHAC-Kws - Page hit-Valid page hit-Correct user id-Correct password-For microsite-Correct querystringMicrosite Saved Successfully.

<!DOCTYPE html PUBLIC "-//W3C//DTD XHTML 1.0 Transitional//EN" "http://www.w3.org/TR/xhtml1/DTD/xhtml1-transitional.dtd">

<html xmlns="http://www.w3.org/1999/xhtml">
<head><title>
	Untitled Page
</title></head>
<body>
    <form name="form1" method="post" action="./IVR_Inbound.aspx?UID=fourqt&amp;PWD=wn9mxO76f34%3d&amp;f=m&amp;con=%2b919490311294&amp;email=medicharlavj%40gmail.com&amp;name=M+V+Jagannadham&amp;url=%27http%3a%2f%2fbotanika.in%2fl%2fa-home-that-reflects-who-you-are%2f&amp;Remark=Nothing-But-The-Best&amp;Proj=&amp;src=Google&amp;amob=&amp;city=&amp;location=&amp;ch=ETrading&amp;medium=GSP&amp;campaign=A-Home-That-Reflects-Who-You-Are-Children-of-Arrived&amp;term=GHAC-Kws" id="form1">
<input type="hidden" name="__VIEWSTATE" id="__VIEWSTATE" value="/wEPDwUJNzgzNDMwNTMzZGReCsSe1P4Z9vclRZIrqa3T/3uEGu+PXq12yBOIGXfY1w==" />

<input type="hidden" name="__VIEWSTATEGENERATOR" id="__VIEWSTATEGENERATOR" value="5D34FF25" />
    <div>
    
    </div>
    </form>
</body>
</html>

[07-May-2019 17:18:46 Asia/Kolkata] 
New LP Lead | name: 'Gordon Prakash. P', email: 'gordonprakash@gmail.com', phone: '+918142461111', lead_type: 'Landing Page | Botanika', date_captured: '2019-05-07 17:18:46'


[07-May-2019 17:18:47 Asia/Kolkata] http://botanika08.realeasy.in/IVR_Inbound.aspx?UID=fourqt&PWD=wn9mxO76f34=&f=m&con=%2B918142461111&email=gordonprakash%40gmail.com&name=Gordon+Prakash.+P&url='http://botanika.in/l/a-home-that-reflects-who-you-are/&Remark=&Proj=&src=&amob=&city=&location=&ch=ETrading&medium=&campaign=&term= - Page hit-Valid page hit-Correct user id-Correct password-For microsite-Correct querystringMicrosite Saved Successfully.

<!DOCTYPE html PUBLIC "-//W3C//DTD XHTML 1.0 Transitional//EN" "http://www.w3.org/TR/xhtml1/DTD/xhtml1-transitional.dtd">

<html xmlns="http://www.w3.org/1999/xhtml">
<head><title>
	Untitled Page
</title></head>
<body>
    <form name="form1" method="post" action="./IVR_Inbound.aspx?UID=fourqt&amp;PWD=wn9mxO76f34%3d&amp;f=m&amp;con=%2b918142461111&amp;email=gordonprakash%40gmail.com&amp;name=Gordon+Prakash.+P&amp;url=%27http%3a%2f%2fbotanika.in%2fl%2fa-home-that-reflects-who-you-are%2f&amp;Remark=&amp;Proj=&amp;src=&amp;amob=&amp;city=&amp;location=&amp;ch=ETrading&amp;medium=&amp;campaign=&amp;term=" id="form1">
<input type="hidden" name="__VIEWSTATE" id="__VIEWSTATE" value="/wEPDwUJNzgzNDMwNTMzZGReCsSe1P4Z9vclRZIrqa3T/3uEGu+PXq12yBOIGXfY1w==" />

<input type="hidden" name="__VIEWSTATEGENERATOR" id="__VIEWSTATEGENERATOR" value="5D34FF25" />
    <div>
    
    </div>
    </form>
</body>
</html>

