[06-Nov-2018 00:45:50 Asia/Kolkata] 
New LP Lead | name: 'RachanaGita', email: 'gita.vengala@gmail.com', phone: '+17324767320', lead_type: 'Landing Page | Botanika', date_captured: '2018-11-06 00:45:50'


[06-Nov-2018 00:45:52 Asia/Kolkata] http://botanika08.realeasy.in/IVR_Inbound.aspx?UID=fourqt&PWD=wn9mxO76f34=&f=m&con=%2B17324767320&email=gita.vengala%40gmail.com&name=RachanaGita&url='http://botanika.in/l/a-home-that-reflects-who-you-are/&Remark=4-5-BHK-Flats-At-The-Botanika-Homes-That-Reflect-Who-You-Are&Proj=&src=Google&amob=&city=&location=&ch=ETrading&medium=GS&campaign=A-Home-That-Reflects-Who-You-Are-Children-of-Arrived&term=Gachibowli-Luxury-Apts - Page hit-Valid page hit-Correct user id-Correct password-For microsite-Correct querystringMicrosite Saved Successfully.

<!DOCTYPE html PUBLIC "-//W3C//DTD XHTML 1.0 Transitional//EN" "http://www.w3.org/TR/xhtml1/DTD/xhtml1-transitional.dtd">

<html xmlns="http://www.w3.org/1999/xhtml">
<head><title>
	Untitled Page
</title></head>
<body>
    <form name="form1" method="post" action="./IVR_Inbound.aspx?UID=fourqt&amp;PWD=wn9mxO76f34%3d&amp;f=m&amp;con=%2b17324767320&amp;email=gita.vengala%40gmail.com&amp;name=RachanaGita&amp;url=%27http%3a%2f%2fbotanika.in%2fl%2fa-home-that-reflects-who-you-are%2f&amp;Remark=4-5-BHK-Flats-At-The-Botanika-Homes-That-Reflect-Who-You-Are&amp;Proj=&amp;src=Google&amp;amob=&amp;city=&amp;location=&amp;ch=ETrading&amp;medium=GS&amp;campaign=A-Home-That-Reflects-Who-You-Are-Children-of-Arrived&amp;term=Gachibowli-Luxury-Apts" id="form1">
<input type="hidden" name="__VIEWSTATE" id="__VIEWSTATE" value="/wEPDwUJNzgzNDMwNTMzZGReCsSe1P4Z9vclRZIrqa3T/3uEGu+PXq12yBOIGXfY1w==" />

<input type="hidden" name="__VIEWSTATEGENERATOR" id="__VIEWSTATEGENERATOR" value="5D34FF25" />
    <div>
    
    </div>
    </form>
</body>
</html>

[06-Nov-2018 19:04:52 Asia/Kolkata] 
New LP Lead | name: 'venkat', email: 'venky2090@gmail.com', phone: '+919601003309', lead_type: 'Landing Page | Botanika', date_captured: '2018-11-06 19:04:52'


[06-Nov-2018 19:04:54 Asia/Kolkata] http://botanika08.realeasy.in/IVR_Inbound.aspx?UID=fourqt&PWD=wn9mxO76f34=&f=m&con=%2B919601003309&email=venky2090%40gmail.com&name=venkat&url='http://botanika.in/l/a-home-that-reflects-who-you-are/&Remark=4-5-BHK-At-The-Botanika-Homes-That-Reflect-Who-You-Are&Proj=&src=Google&amob=&city=&location=&ch=ETrading&medium=GS&campaign=A-Home-That-Reflects-Who-You-Are-Children-of-Arrived&term=Duplex-Apts - Page hit-Valid page hit-Correct user id-Correct password-For microsite-Correct querystringMicrosite Saved Successfully.

<!DOCTYPE html PUBLIC "-//W3C//DTD XHTML 1.0 Transitional//EN" "http://www.w3.org/TR/xhtml1/DTD/xhtml1-transitional.dtd">

<html xmlns="http://www.w3.org/1999/xhtml">
<head><title>
	Untitled Page
</title></head>
<body>
    <form name="form1" method="post" action="./IVR_Inbound.aspx?UID=fourqt&amp;PWD=wn9mxO76f34%3d&amp;f=m&amp;con=%2b919601003309&amp;email=venky2090%40gmail.com&amp;name=venkat&amp;url=%27http%3a%2f%2fbotanika.in%2fl%2fa-home-that-reflects-who-you-are%2f&amp;Remark=4-5-BHK-At-The-Botanika-Homes-That-Reflect-Who-You-Are&amp;Proj=&amp;src=Google&amp;amob=&amp;city=&amp;location=&amp;ch=ETrading&amp;medium=GS&amp;campaign=A-Home-That-Reflects-Who-You-Are-Children-of-Arrived&amp;term=Duplex-Apts" id="form1">
<input type="hidden" name="__VIEWSTATE" id="__VIEWSTATE" value="/wEPDwUJNzgzNDMwNTMzZGReCsSe1P4Z9vclRZIrqa3T/3uEGu+PXq12yBOIGXfY1w==" />

<input type="hidden" name="__VIEWSTATEGENERATOR" id="__VIEWSTATEGENERATOR" value="5D34FF25" />
    <div>
    
    </div>
    </form>
</body>
</html>

[06-Nov-2018 23:09:50 Asia/Kolkata] 
New LP Lead | name: 'Veena', email: 'veena.durga@gmail.com', phone: '+919849728145', lead_type: 'Landing Page | Botanika', date_captured: '2018-11-06 23:09:50'


[06-Nov-2018 23:09:52 Asia/Kolkata] http://botanika08.realeasy.in/IVR_Inbound.aspx?UID=fourqt&PWD=wn9mxO76f34=&f=m&con=%2B919849728145&email=veena.durga%40gmail.com&name=Veena&url='http://botanika.in/l/a-home-that-reflects-who-you-are/&Remark=Sofa-TV&Proj=&src=Facebook&amob=&city=&location=&ch=ETrading&medium=FB-IN&campaign=A-Home-That-Reflects-Who-You-Are-Children-of-Arrived&term=Golf-Enthusiasts-28-35 - Page hit-Valid page hit-Correct user id-Correct password-For microsite-Correct querystringMicrosite Saved Successfully.

<!DOCTYPE html PUBLIC "-//W3C//DTD XHTML 1.0 Transitional//EN" "http://www.w3.org/TR/xhtml1/DTD/xhtml1-transitional.dtd">

<html xmlns="http://www.w3.org/1999/xhtml">
<head><title>
	Untitled Page
</title></head>
<body>
    <form name="form1" method="post" action="./IVR_Inbound.aspx?UID=fourqt&amp;PWD=wn9mxO76f34%3d&amp;f=m&amp;con=%2b919849728145&amp;email=veena.durga%40gmail.com&amp;name=Veena&amp;url=%27http%3a%2f%2fbotanika.in%2fl%2fa-home-that-reflects-who-you-are%2f&amp;Remark=Sofa-TV&amp;Proj=&amp;src=Facebook&amp;amob=&amp;city=&amp;location=&amp;ch=ETrading&amp;medium=FB-IN&amp;campaign=A-Home-That-Reflects-Who-You-Are-Children-of-Arrived&amp;term=Golf-Enthusiasts-28-35" id="form1">
<input type="hidden" name="__VIEWSTATE" id="__VIEWSTATE" value="/wEPDwUJNzgzNDMwNTMzZGReCsSe1P4Z9vclRZIrqa3T/3uEGu+PXq12yBOIGXfY1w==" />

<input type="hidden" name="__VIEWSTATEGENERATOR" id="__VIEWSTATEGENERATOR" value="5D34FF25" />
    <div>
    
    </div>
    </form>
</body>
</html>

[06-Nov-2018 23:44:48 Asia/Kolkata] 
New LP Lead | name: 'Harsh bharti', email: 'harshflyhigh@gmail.com', phone: '+919896929222', lead_type: 'Landing Page | Botanika', date_captured: '2018-11-06 23:44:48'


[06-Nov-2018 23:44:51 Asia/Kolkata] http://botanika08.realeasy.in/IVR_Inbound.aspx?UID=fourqt&PWD=wn9mxO76f34=&f=m&con=%2B919896929222&email=harshflyhigh%40gmail.com&name=Harsh+bharti&url='http://botanika.in/l/a-home-that-reflects-who-you-are/&Remark=Sofa-TV&Proj=&src=Facebook&amob=&city=&location=&ch=ETrading&medium=FB-IN&campaign=A-Home-That-Reflects-Who-You-Are-Children-of-Arrived&term=Golf-Enthusiasts-28-35 - Page hit-Valid page hit-Correct user id-Correct password-For microsite-Correct querystringMicrosite Saved Successfully.

<!DOCTYPE html PUBLIC "-//W3C//DTD XHTML 1.0 Transitional//EN" "http://www.w3.org/TR/xhtml1/DTD/xhtml1-transitional.dtd">

<html xmlns="http://www.w3.org/1999/xhtml">
<head><title>
	Untitled Page
</title></head>
<body>
    <form name="form1" method="post" action="./IVR_Inbound.aspx?UID=fourqt&amp;PWD=wn9mxO76f34%3d&amp;f=m&amp;con=%2b919896929222&amp;email=harshflyhigh%40gmail.com&amp;name=Harsh+bharti&amp;url=%27http%3a%2f%2fbotanika.in%2fl%2fa-home-that-reflects-who-you-are%2f&amp;Remark=Sofa-TV&amp;Proj=&amp;src=Facebook&amp;amob=&amp;city=&amp;location=&amp;ch=ETrading&amp;medium=FB-IN&amp;campaign=A-Home-That-Reflects-Who-You-Are-Children-of-Arrived&amp;term=Golf-Enthusiasts-28-35" id="form1">
<input type="hidden" name="__VIEWSTATE" id="__VIEWSTATE" value="/wEPDwUJNzgzNDMwNTMzZGReCsSe1P4Z9vclRZIrqa3T/3uEGu+PXq12yBOIGXfY1w==" />

<input type="hidden" name="__VIEWSTATEGENERATOR" id="__VIEWSTATEGENERATOR" value="5D34FF25" />
    <div>
    
    </div>
    </form>
</body>
</html>

