[17-Aug-2019 06:43:52 Asia/Kolkata] 
New LP Lead | name: 'Satya kiran', email: 'satyakirank.v@rediffmail.com', phone: '+919949124477', lead_type: 'Landing Page | Botanika', date_captured: '2019-08-17 06:43:52'


[17-Aug-2019 06:43:54 Asia/Kolkata] http://botanika08.realeasy.in/IVR_Inbound.aspx?UID=fourqt&PWD=wn9mxO76f34=&f=m&con=%2B919949124477&email=satyakirank.v%40rediffmail.com&name=Satya+kiran&url='http://botanika.in/l/a-home-that-reflects-who-you-are/&Remark=Ready-To-Use-Amenities&Proj=&src=Instagram&amob=&city=&location=&ch=ETrading&medium=IN-N&campaign=Phase-2-Of-The-Botanika&term=LookALike-Leads - Page hit-Valid page hit-Correct user id-Correct password-For microsite-Correct querystringMicrosite Saved Successfully.

<!DOCTYPE html PUBLIC "-//W3C//DTD XHTML 1.0 Transitional//EN" "http://www.w3.org/TR/xhtml1/DTD/xhtml1-transitional.dtd">

<html xmlns="http://www.w3.org/1999/xhtml">
<head><title>
	Untitled Page
</title></head>
<body>
    <form name="form1" method="post" action="./IVR_Inbound.aspx?UID=fourqt&amp;PWD=wn9mxO76f34%3d&amp;f=m&amp;con=%2b919949124477&amp;email=satyakirank.v%40rediffmail.com&amp;name=Satya+kiran&amp;url=%27http%3a%2f%2fbotanika.in%2fl%2fa-home-that-reflects-who-you-are%2f&amp;Remark=Ready-To-Use-Amenities&amp;Proj=&amp;src=Instagram&amp;amob=&amp;city=&amp;location=&amp;ch=ETrading&amp;medium=IN-N&amp;campaign=Phase-2-Of-The-Botanika&amp;term=LookALike-Leads" id="form1">
<input type="hidden" name="__VIEWSTATE" id="__VIEWSTATE" value="/wEPDwUJNzgzNDMwNTMzZGReCsSe1P4Z9vclRZIrqa3T/3uEGu+PXq12yBOIGXfY1w==" />

<input type="hidden" name="__VIEWSTATEGENERATOR" id="__VIEWSTATEGENERATOR" value="5D34FF25" />
    <div>
    
    </div>
    </form>
</body>
</html>

[17-Aug-2019 11:45:11 Asia/Kolkata] 
New LP Lead | name: 'T.RaviPrasad', email: 'raviprasa1947@gmail.com', phone: '+919396547409', lead_type: 'Landing Page | Botanika', date_captured: '2019-08-17 11:45:11'


[17-Aug-2019 11:45:13 Asia/Kolkata] http://botanika08.realeasy.in/IVR_Inbound.aspx?UID=fourqt&PWD=wn9mxO76f34=&f=m&con=%2B919396547409&email=raviprasa1947%40gmail.com&name=T.RaviPrasad&url='http://botanika.in/l/a-home-that-reflects-who-you-are/&Remark=Best-Address-Two-Towers&Proj=&src=Google&amob=&city=&location=&ch=ETrading&medium=GSP&campaign=Phase-2-Of-The-Botanika&term=IM-Res-Properties-35-65 - Page hit-Valid page hit-Correct user id-Correct password-For microsite-Correct querystringMicrosite Saved Successfully.

<!DOCTYPE html PUBLIC "-//W3C//DTD XHTML 1.0 Transitional//EN" "http://www.w3.org/TR/xhtml1/DTD/xhtml1-transitional.dtd">

<html xmlns="http://www.w3.org/1999/xhtml">
<head><title>
	Untitled Page
</title></head>
<body>
    <form name="form1" method="post" action="./IVR_Inbound.aspx?UID=fourqt&amp;PWD=wn9mxO76f34%3d&amp;f=m&amp;con=%2b919396547409&amp;email=raviprasa1947%40gmail.com&amp;name=T.RaviPrasad&amp;url=%27http%3a%2f%2fbotanika.in%2fl%2fa-home-that-reflects-who-you-are%2f&amp;Remark=Best-Address-Two-Towers&amp;Proj=&amp;src=Google&amp;amob=&amp;city=&amp;location=&amp;ch=ETrading&amp;medium=GSP&amp;campaign=Phase-2-Of-The-Botanika&amp;term=IM-Res-Properties-35-65" id="form1">
<input type="hidden" name="__VIEWSTATE" id="__VIEWSTATE" value="/wEPDwUJNzgzNDMwNTMzZGReCsSe1P4Z9vclRZIrqa3T/3uEGu+PXq12yBOIGXfY1w==" />

<input type="hidden" name="__VIEWSTATEGENERATOR" id="__VIEWSTATEGENERATOR" value="5D34FF25" />
    <div>
    
    </div>
    </form>
</body>
</html>

[17-Aug-2019 14:04:29 Asia/Kolkata] 
New LP Lead | name: 'Kiran', email: 'satyakirank.v@rediffmail.com', phone: '+919949124477', lead_type: 'Landing Page | Botanika', date_captured: '2019-08-17 14:04:29'


[17-Aug-2019 14:04:31 Asia/Kolkata] http://botanika08.realeasy.in/IVR_Inbound.aspx?UID=fourqt&PWD=wn9mxO76f34=&f=m&con=%2B919949124477&email=satyakirank.v%40rediffmail.com&name=Kiran&url='http://botanika.in/l/a-home-that-reflects-who-you-are/&Remark=Ready-To-Use-Amenities&Proj=&src=Instagram&amob=&city=&location=&ch=ETrading&medium=IN-N&campaign=Phase-2-Of-The-Botanika&term=Website-LP-Visitors - Page hit-Valid page hit-Correct user id-Correct password-For microsite-Correct querystringMicrosite Saved Successfully.

<!DOCTYPE html PUBLIC "-//W3C//DTD XHTML 1.0 Transitional//EN" "http://www.w3.org/TR/xhtml1/DTD/xhtml1-transitional.dtd">

<html xmlns="http://www.w3.org/1999/xhtml">
<head><title>
	Untitled Page
</title></head>
<body>
    <form name="form1" method="post" action="./IVR_Inbound.aspx?UID=fourqt&amp;PWD=wn9mxO76f34%3d&amp;f=m&amp;con=%2b919949124477&amp;email=satyakirank.v%40rediffmail.com&amp;name=Kiran&amp;url=%27http%3a%2f%2fbotanika.in%2fl%2fa-home-that-reflects-who-you-are%2f&amp;Remark=Ready-To-Use-Amenities&amp;Proj=&amp;src=Instagram&amp;amob=&amp;city=&amp;location=&amp;ch=ETrading&amp;medium=IN-N&amp;campaign=Phase-2-Of-The-Botanika&amp;term=Website-LP-Visitors" id="form1">
<input type="hidden" name="__VIEWSTATE" id="__VIEWSTATE" value="/wEPDwUJNzgzNDMwNTMzZGReCsSe1P4Z9vclRZIrqa3T/3uEGu+PXq12yBOIGXfY1w==" />

<input type="hidden" name="__VIEWSTATEGENERATOR" id="__VIEWSTATEGENERATOR" value="5D34FF25" />
    <div>
    
    </div>
    </form>
</body>
</html>

[17-Aug-2019 16:46:22 Asia/Kolkata] 
New LP Lead | name: 'Kiran', email: 'tejaswi188@gmail.com', phone: '+918686699304', lead_type: 'Landing Page | Botanika', date_captured: '2019-08-17 16:46:22'


[17-Aug-2019 16:46:24 Asia/Kolkata] http://botanika08.realeasy.in/IVR_Inbound.aspx?UID=fourqt&PWD=wn9mxO76f34=&f=m&con=%2B918686699304&email=tejaswi188%40gmail.com&name=Kiran&url='http://botanika.in/l/a-home-that-reflects-who-you-are/&Remark=Best-Address&Proj=&src=Instagram&amob=&city=&location=&ch=ETrading&medium=IN-N&campaign=Phase-2-Of-The-Botanika&term=LookALike-Leads - Page hit-Valid page hit-Correct user id-Correct password-For microsite-Correct querystringMicrosite Saved Successfully.

<!DOCTYPE html PUBLIC "-//W3C//DTD XHTML 1.0 Transitional//EN" "http://www.w3.org/TR/xhtml1/DTD/xhtml1-transitional.dtd">

<html xmlns="http://www.w3.org/1999/xhtml">
<head><title>
	Untitled Page
</title></head>
<body>
    <form name="form1" method="post" action="./IVR_Inbound.aspx?UID=fourqt&amp;PWD=wn9mxO76f34%3d&amp;f=m&amp;con=%2b918686699304&amp;email=tejaswi188%40gmail.com&amp;name=Kiran&amp;url=%27http%3a%2f%2fbotanika.in%2fl%2fa-home-that-reflects-who-you-are%2f&amp;Remark=Best-Address&amp;Proj=&amp;src=Instagram&amp;amob=&amp;city=&amp;location=&amp;ch=ETrading&amp;medium=IN-N&amp;campaign=Phase-2-Of-The-Botanika&amp;term=LookALike-Leads" id="form1">
<input type="hidden" name="__VIEWSTATE" id="__VIEWSTATE" value="/wEPDwUJNzgzNDMwNTMzZGReCsSe1P4Z9vclRZIrqa3T/3uEGu+PXq12yBOIGXfY1w==" />

<input type="hidden" name="__VIEWSTATEGENERATOR" id="__VIEWSTATEGENERATOR" value="5D34FF25" />
    <div>
    
    </div>
    </form>
</body>
</html>

[17-Aug-2019 19:20:19 Asia/Kolkata] 
New LP Lead | name: 'D.Ashok kumar', email: 'desettyashok@hotmail.com', phone: '+919849161711', lead_type: 'Landing Page | Botanika', date_captured: '2019-08-17 19:20:19'


[17-Aug-2019 19:20:20 Asia/Kolkata] http://botanika08.realeasy.in/IVR_Inbound.aspx?UID=fourqt&PWD=wn9mxO76f34=&f=m&con=%2B919849161711&email=desettyashok%40hotmail.com&name=D.Ashok+kumar&url='http://botanika.in/l/a-home-that-reflects-who-you-are/&Remark=Phase-2-Launch&Proj=&src=EMAILER&amob=&city=&location=&ch=ETrading&medium=Mailchimp&campaign=Phase-2-Launch&term=Leads - Page hit-Valid page hit-Correct user id-Correct password-For microsite-Correct querystringMicrosite Saved Successfully.

<!DOCTYPE html PUBLIC "-//W3C//DTD XHTML 1.0 Transitional//EN" "http://www.w3.org/TR/xhtml1/DTD/xhtml1-transitional.dtd">

<html xmlns="http://www.w3.org/1999/xhtml">
<head><title>
	Untitled Page
</title></head>
<body>
    <form name="form1" method="post" action="./IVR_Inbound.aspx?UID=fourqt&amp;PWD=wn9mxO76f34%3d&amp;f=m&amp;con=%2b919849161711&amp;email=desettyashok%40hotmail.com&amp;name=D.Ashok+kumar&amp;url=%27http%3a%2f%2fbotanika.in%2fl%2fa-home-that-reflects-who-you-are%2f&amp;Remark=Phase-2-Launch&amp;Proj=&amp;src=EMAILER&amp;amob=&amp;city=&amp;location=&amp;ch=ETrading&amp;medium=Mailchimp&amp;campaign=Phase-2-Launch&amp;term=Leads" id="form1">
<input type="hidden" name="__VIEWSTATE" id="__VIEWSTATE" value="/wEPDwUJNzgzNDMwNTMzZGReCsSe1P4Z9vclRZIrqa3T/3uEGu+PXq12yBOIGXfY1w==" />

<input type="hidden" name="__VIEWSTATEGENERATOR" id="__VIEWSTATEGENERATOR" value="5D34FF25" />
    <div>
    
    </div>
    </form>
</body>
</html>

