[24-Aug-2019 07:52:15 Asia/Kolkata] 
New LP Lead | name: 'B Madhu Sudhana Reddy', email: 'basammadhureddy@gmail.com', phone: '+919885822492', lead_type: 'Landing Page | Botanika', date_captured: '2019-08-24 07:52:15'


[24-Aug-2019 07:52:18 Asia/Kolkata] http://botanika08.realeasy.in/IVR_Inbound.aspx?UID=fourqt&PWD=wn9mxO76f34=&f=m&con=%2B919885822492&email=basammadhureddy%40gmail.com&name=B+Madhu+Sudhana+Reddy&url='http://botanika.in/l/a-home-that-reflects-who-you-are/&Remark=Best-Address-Two-Towers&Proj=&src=Google&amob=&city=&location=&ch=ETrading&medium=GSP&campaign=Phase-2-Of-The-Botanika&term=IM-Financial-Services - Page hit-Valid page hit-Correct user id-There is not enough space on the disk.
-The process cannot access the file 'D:\4QT\Software\Hyderabad_REMS\Logs\Botanika\Site\Log_2019_8_24.txt' because it is being used by another process.-Correct password-The process cannot access the file 'D:\4QT\Software\Hyderabad_REMS\Logs\Botanika\Site\Log_2019_8_24.txt' because it is being used by another process.-For microsite-The process cannot access the file 'D:\4QT\Software\Hyderabad_REMS\Logs\Botanika\Site\Log_2019_8_24.txt' because it is being used by another process.-Correct querystringMicrosite Saved Successfully.

<!DOCTYPE html PUBLIC "-//W3C//DTD XHTML 1.0 Transitional//EN" "http://www.w3.org/TR/xhtml1/DTD/xhtml1-transitional.dtd">

<html xmlns="http://www.w3.org/1999/xhtml">
<head><title>
	Untitled Page
</title></head>
<body>
    <form name="form1" method="post" action="./IVR_Inbound.aspx?UID=fourqt&amp;PWD=wn9mxO76f34%3d&amp;f=m&amp;con=%2b919885822492&amp;email=basammadhureddy%40gmail.com&amp;name=B+Madhu+Sudhana+Reddy&amp;url=%27http%3a%2f%2fbotanika.in%2fl%2fa-home-that-reflects-who-you-are%2f&amp;Remark=Best-Address-Two-Towers&amp;Proj=&amp;src=Google&amp;amob=&amp;city=&amp;location=&amp;ch=ETrading&amp;medium=GSP&amp;campaign=Phase-2-Of-The-Botanika&amp;term=IM-Financial-Services" id="form1">
<input type="hidden" name="__VIEWSTATE" id="__VIEWSTATE" value="/wEPDwUJNzgzNDMwNTMzZGReCsSe1P4Z9vclRZIrqa3T/3uEGu+PXq12yBOIGXfY1w==" />

<input type="hidden" name="__VIEWSTATEGENERATOR" id="__VIEWSTATEGENERATOR" value="5D34FF25" />
    <div>
    
    </div>
    </form>
</body>
</html>

[24-Aug-2019 09:55:27 Asia/Kolkata] 
New LP Lead | name: 'T. Parameswar', email: 'tparameswar.efl@gmail.com', phone: '+918978635032', lead_type: 'Landing Page | Botanika', date_captured: '2019-08-24 09:55:27'


[24-Aug-2019 09:55:30 Asia/Kolkata] http://botanika08.realeasy.in/IVR_Inbound.aspx?UID=fourqt&PWD=wn9mxO76f34=&f=m&con=%2B918978635032&email=tparameswar.efl%40gmail.com&name=T.+Parameswar&url='http://botanika.in/l/a-home-that-reflects-who-you-are/&Remark=Best-Address-Two-Towers&Proj=&src=Google&amob=&city=&location=&ch=ETrading&medium=GSP&campaign=Phase-2-Of-The-Botanika&term=IM-Financial-Services - -There is not enough space on the disk.
Page hit-Valid page hit-Correct user id-The process cannot access the file 'D:\4QT\Software\Hyderabad_REMS\Logs\Botanika\Site\Log_2019_8_24.txt' because it is being used by another process.-The process cannot access the file 'D:\4QT\Software\Hyderabad_REMS\Logs\Botanika\Site\Log_2019_8_24.txt' because it is being used by another process.-Correct password-The process cannot access the file 'D:\4QT\Software\Hyderabad_REMS\Logs\Botanika\Site\Log_2019_8_24.txt' because it is being used by another process.-For microsite-The process cannot access the file 'D:\4QT\Software\Hyderabad_REMS\Logs\Botanika\Site\Log_2019_8_24.txt' because it is being used by another process.-Correct querystringMicrosite Saved Successfully.

<!DOCTYPE html PUBLIC "-//W3C//DTD XHTML 1.0 Transitional//EN" "http://www.w3.org/TR/xhtml1/DTD/xhtml1-transitional.dtd">

<html xmlns="http://www.w3.org/1999/xhtml">
<head><title>
	Untitled Page
</title></head>
<body>
    <form name="form1" method="post" action="./IVR_Inbound.aspx?UID=fourqt&amp;PWD=wn9mxO76f34%3d&amp;f=m&amp;con=%2b918978635032&amp;email=tparameswar.efl%40gmail.com&amp;name=T.+Parameswar&amp;url=%27http%3a%2f%2fbotanika.in%2fl%2fa-home-that-reflects-who-you-are%2f&amp;Remark=Best-Address-Two-Towers&amp;Proj=&amp;src=Google&amp;amob=&amp;city=&amp;location=&amp;ch=ETrading&amp;medium=GSP&amp;campaign=Phase-2-Of-The-Botanika&amp;term=IM-Financial-Services" id="form1">
<input type="hidden" name="__VIEWSTATE" id="__VIEWSTATE" value="/wEPDwUJNzgzNDMwNTMzZGReCsSe1P4Z9vclRZIrqa3T/3uEGu+PXq12yBOIGXfY1w==" />

<input type="hidden" name="__VIEWSTATEGENERATOR" id="__VIEWSTATEGENERATOR" value="5D34FF25" />
    <div>
    
    </div>
    </form>
</body>
</html>

[24-Aug-2019 11:20:08 Asia/Kolkata] 
New LP Lead | name: 'xsf', email: 'hi@cbi.com', phone: '+918889762982', lead_type: 'Landing Page | Botanika', date_captured: '2019-08-24 11:20:08'


[24-Aug-2019 11:20:10 Asia/Kolkata] http://botanika08.realeasy.in/IVR_Inbound.aspx?UID=fourqt&PWD=wn9mxO76f34=&f=m&con=%2B918889762982&email=hi%40cbi.com&name=xsf&url='http://botanika.in/l/a-home-that-reflects-who-you-are/&Remark=Alpine-Aster-Towers&Proj=&src=Google&amob=&city=&location=&ch=ETrading&medium=GS&campaign=Phase-2-Of-The-Botanika&term=Botanika - -There is not enough space on the disk.
Page hit-Valid page hit-Correct user id-The process cannot access the file 'D:\4QT\Software\Hyderabad_REMS\Logs\Botanika\Site\Log_2019_8_24.txt' because it is being used by another process.-The process cannot access the file 'D:\4QT\Software\Hyderabad_REMS\Logs\Botanika\Site\Log_2019_8_24.txt' because it is being used by another process.-Correct password-The process cannot access the file 'D:\4QT\Software\Hyderabad_REMS\Logs\Botanika\Site\Log_2019_8_24.txt' because it is being used by another process.-For microsite-The process cannot access the file 'D:\4QT\Software\Hyderabad_REMS\Logs\Botanika\Site\Log_2019_8_24.txt' because it is being used by another process.-Correct querystringMicrosite Saved Successfully.

<!DOCTYPE html PUBLIC "-//W3C//DTD XHTML 1.0 Transitional//EN" "http://www.w3.org/TR/xhtml1/DTD/xhtml1-transitional.dtd">

<html xmlns="http://www.w3.org/1999/xhtml">
<head><title>
	Untitled Page
</title></head>
<body>
    <form name="form1" method="post" action="./IVR_Inbound.aspx?UID=fourqt&amp;PWD=wn9mxO76f34%3d&amp;f=m&amp;con=%2b918889762982&amp;email=hi%40cbi.com&amp;name=xsf&amp;url=%27http%3a%2f%2fbotanika.in%2fl%2fa-home-that-reflects-who-you-are%2f&amp;Remark=Alpine-Aster-Towers&amp;Proj=&amp;src=Google&amp;amob=&amp;city=&amp;location=&amp;ch=ETrading&amp;medium=GS&amp;campaign=Phase-2-Of-The-Botanika&amp;term=Botanika" id="form1">
<input type="hidden" name="__VIEWSTATE" id="__VIEWSTATE" value="/wEPDwUJNzgzNDMwNTMzZGReCsSe1P4Z9vclRZIrqa3T/3uEGu+PXq12yBOIGXfY1w==" />

<input type="hidden" name="__VIEWSTATEGENERATOR" id="__VIEWSTATEGENERATOR" value="5D34FF25" />
    <div>
    
    </div>
    </form>
</body>
</html>

[24-Aug-2019 11:40:04 Asia/Kolkata] 
New LP Lead | name: 'HKK Gupta', email: 'harikorlepara@gmail.com', phone: '+919966331999', lead_type: 'Landing Page | Botanika', date_captured: '2019-08-24 11:40:04'


[24-Aug-2019 11:40:05 Asia/Kolkata] http://botanika08.realeasy.in/IVR_Inbound.aspx?UID=fourqt&PWD=wn9mxO76f34=&f=m&con=%2B919966331999&email=harikorlepara%40gmail.com&name=HKK+Gupta&url='http://botanika.in/l/a-home-that-reflects-who-you-are/&Remark=Alpine-Aster-Towers&Proj=&src=Facebook&amob=&city=&location=&ch=ETrading&medium=FB-N&campaign=Phase-2-Of-The-Botanika&term=Website-Visitors - Page hit-Valid page hit-Correct user id-Correct password-For microsite-Correct querystringMicrosite Saved Successfully.

<!DOCTYPE html PUBLIC "-//W3C//DTD XHTML 1.0 Transitional//EN" "http://www.w3.org/TR/xhtml1/DTD/xhtml1-transitional.dtd">

<html xmlns="http://www.w3.org/1999/xhtml">
<head><title>
	Untitled Page
</title></head>
<body>
    <form name="form1" method="post" action="./IVR_Inbound.aspx?UID=fourqt&amp;PWD=wn9mxO76f34%3d&amp;f=m&amp;con=%2b919966331999&amp;email=harikorlepara%40gmail.com&amp;name=HKK+Gupta&amp;url=%27http%3a%2f%2fbotanika.in%2fl%2fa-home-that-reflects-who-you-are%2f&amp;Remark=Alpine-Aster-Towers&amp;Proj=&amp;src=Facebook&amp;amob=&amp;city=&amp;location=&amp;ch=ETrading&amp;medium=FB-N&amp;campaign=Phase-2-Of-The-Botanika&amp;term=Website-Visitors" id="form1">
<input type="hidden" name="__VIEWSTATE" id="__VIEWSTATE" value="/wEPDwUJNzgzNDMwNTMzZGReCsSe1P4Z9vclRZIrqa3T/3uEGu+PXq12yBOIGXfY1w==" />

<input type="hidden" name="__VIEWSTATEGENERATOR" id="__VIEWSTATEGENERATOR" value="5D34FF25" />
    <div>
    
    </div>
    </form>
</body>
</html>

[24-Aug-2019 15:46:31 Asia/Kolkata] 
New LP Lead | name: 'Sailaja Gali', email: 'sailajagali@gmail.com', phone: '+919491901453', lead_type: 'Landing Page | Botanika', date_captured: '2019-08-24 15:46:31'


[24-Aug-2019 15:46:33 Asia/Kolkata] http://botanika08.realeasy.in/IVR_Inbound.aspx?UID=fourqt&PWD=wn9mxO76f34=&f=m&con=%2B919491901453&email=sailajagali%40gmail.com&name=Sailaja+Gali&url='http://botanika.in/l/a-home-that-reflects-who-you-are/&Remark=Cosy-3-BHK&Proj=&src=Google&amob=&city=&location=&ch=ETrading&medium=GS&campaign=Phase-2-Of-The-Botanika&term=3BHK-Flats-Gachibowli - Page hit-Valid page hit-Correct user id-Correct password-For microsite-Correct querystringMicrosite Saved Successfully.

<!DOCTYPE html PUBLIC "-//W3C//DTD XHTML 1.0 Transitional//EN" "http://www.w3.org/TR/xhtml1/DTD/xhtml1-transitional.dtd">

<html xmlns="http://www.w3.org/1999/xhtml">
<head><title>
	Untitled Page
</title></head>
<body>
    <form name="form1" method="post" action="./IVR_Inbound.aspx?UID=fourqt&amp;PWD=wn9mxO76f34%3d&amp;f=m&amp;con=%2b919491901453&amp;email=sailajagali%40gmail.com&amp;name=Sailaja+Gali&amp;url=%27http%3a%2f%2fbotanika.in%2fl%2fa-home-that-reflects-who-you-are%2f&amp;Remark=Cosy-3-BHK&amp;Proj=&amp;src=Google&amp;amob=&amp;city=&amp;location=&amp;ch=ETrading&amp;medium=GS&amp;campaign=Phase-2-Of-The-Botanika&amp;term=3BHK-Flats-Gachibowli" id="form1">
<input type="hidden" name="__VIEWSTATE" id="__VIEWSTATE" value="/wEPDwUJNzgzNDMwNTMzZGReCsSe1P4Z9vclRZIrqa3T/3uEGu+PXq12yBOIGXfY1w==" />

<input type="hidden" name="__VIEWSTATEGENERATOR" id="__VIEWSTATEGENERATOR" value="5D34FF25" />
    <div>
    
    </div>
    </form>
</body>
</html>

[24-Aug-2019 17:48:42 Asia/Kolkata] 
New LP Lead | name: 'Gopal', email: 'gopalkovuru@gmail.com', phone: '+919000738612', lead_type: 'Landing Page | Botanika', date_captured: '2019-08-24 17:48:42'


[24-Aug-2019 17:48:44 Asia/Kolkata] http://botanika08.realeasy.in/IVR_Inbound.aspx?UID=fourqt&PWD=wn9mxO76f34=&f=m&con=%2B919000738612&email=gopalkovuru%40gmail.com&name=Gopal&url='http://botanika.in/l/a-home-that-reflects-who-you-are/&Remark=Cosy-3-BHK&Proj=&src=Google&amob=&city=&location=&ch=ETrading&medium=GS&campaign=Phase-2-Of-The-Botanika&term=Botanika - Page hit-Valid page hit-Correct user id-Correct password-For microsite-Correct querystringMicrosite Saved Successfully.

<!DOCTYPE html PUBLIC "-//W3C//DTD XHTML 1.0 Transitional//EN" "http://www.w3.org/TR/xhtml1/DTD/xhtml1-transitional.dtd">

<html xmlns="http://www.w3.org/1999/xhtml">
<head><title>
	Untitled Page
</title></head>
<body>
    <form name="form1" method="post" action="./IVR_Inbound.aspx?UID=fourqt&amp;PWD=wn9mxO76f34%3d&amp;f=m&amp;con=%2b919000738612&amp;email=gopalkovuru%40gmail.com&amp;name=Gopal&amp;url=%27http%3a%2f%2fbotanika.in%2fl%2fa-home-that-reflects-who-you-are%2f&amp;Remark=Cosy-3-BHK&amp;Proj=&amp;src=Google&amp;amob=&amp;city=&amp;location=&amp;ch=ETrading&amp;medium=GS&amp;campaign=Phase-2-Of-The-Botanika&amp;term=Botanika" id="form1">
<input type="hidden" name="__VIEWSTATE" id="__VIEWSTATE" value="/wEPDwUJNzgzNDMwNTMzZGReCsSe1P4Z9vclRZIrqa3T/3uEGu+PXq12yBOIGXfY1w==" />

<input type="hidden" name="__VIEWSTATEGENERATOR" id="__VIEWSTATEGENERATOR" value="5D34FF25" />
    <div>
    
    </div>
    </form>
</body>
</html>

[24-Aug-2019 19:16:26 Asia/Kolkata] 
New LP Lead | name: 'S Rama Rao', email: 'surapaneni1953@gmail.com', phone: '+919133056206', lead_type: 'Landing Page | Botanika', date_captured: '2019-08-24 19:16:26'


[24-Aug-2019 19:16:28 Asia/Kolkata] http://botanika08.realeasy.in/IVR_Inbound.aspx?UID=fourqt&PWD=wn9mxO76f34=&f=m&con=%2B919133056206&email=surapaneni1953%40gmail.com&name=S+Rama+Rao&url='http://botanika.in/l/a-home-that-reflects-who-you-are/&Remark=Alpine-Aster-Towers&Proj=&src=Facebook&amob=&city=&location=&ch=ETrading&medium=FB-N&campaign=Phase-2-Of-The-Botanika&term=Website-Visitors - Page hit-Valid page hit-Correct user id-Correct password-For microsite-Correct querystringMicrosite Saved Successfully.

<!DOCTYPE html PUBLIC "-//W3C//DTD XHTML 1.0 Transitional//EN" "http://www.w3.org/TR/xhtml1/DTD/xhtml1-transitional.dtd">

<html xmlns="http://www.w3.org/1999/xhtml">
<head><title>
	Untitled Page
</title></head>
<body>
    <form name="form1" method="post" action="./IVR_Inbound.aspx?UID=fourqt&amp;PWD=wn9mxO76f34%3d&amp;f=m&amp;con=%2b919133056206&amp;email=surapaneni1953%40gmail.com&amp;name=S+Rama+Rao&amp;url=%27http%3a%2f%2fbotanika.in%2fl%2fa-home-that-reflects-who-you-are%2f&amp;Remark=Alpine-Aster-Towers&amp;Proj=&amp;src=Facebook&amp;amob=&amp;city=&amp;location=&amp;ch=ETrading&amp;medium=FB-N&amp;campaign=Phase-2-Of-The-Botanika&amp;term=Website-Visitors" id="form1">
<input type="hidden" name="__VIEWSTATE" id="__VIEWSTATE" value="/wEPDwUJNzgzNDMwNTMzZGReCsSe1P4Z9vclRZIrqa3T/3uEGu+PXq12yBOIGXfY1w==" />

<input type="hidden" name="__VIEWSTATEGENERATOR" id="__VIEWSTATEGENERATOR" value="5D34FF25" />
    <div>
    
    </div>
    </form>
</body>
</html>

[24-Aug-2019 20:37:47 Asia/Kolkata] 
New LP Lead | name: 'SailajaGali', email: 'sailajagali@gmail.com', phone: '+919491901453', lead_type: 'Landing Page | Botanika', date_captured: '2019-08-24 20:37:47'


[24-Aug-2019 20:37:49 Asia/Kolkata] http://botanika08.realeasy.in/IVR_Inbound.aspx?UID=fourqt&PWD=wn9mxO76f34=&f=m&con=%2B919491901453&email=sailajagali%40gmail.com&name=SailajaGali&url='http://botanika.in/l/a-home-that-reflects-who-you-are/&Remark=Cosy-3-BHK&Proj=&src=Google&amob=&city=&location=&ch=ETrading&medium=GS&campaign=Phase-2-Of-The-Botanika&term=3BHK-Flats-Gachibowli - Page hit-Valid page hit-Correct user id-Correct password-For microsite-Correct querystringMicrosite Saved Successfully.

<!DOCTYPE html PUBLIC "-//W3C//DTD XHTML 1.0 Transitional//EN" "http://www.w3.org/TR/xhtml1/DTD/xhtml1-transitional.dtd">

<html xmlns="http://www.w3.org/1999/xhtml">
<head><title>
	Untitled Page
</title></head>
<body>
    <form name="form1" method="post" action="./IVR_Inbound.aspx?UID=fourqt&amp;PWD=wn9mxO76f34%3d&amp;f=m&amp;con=%2b919491901453&amp;email=sailajagali%40gmail.com&amp;name=SailajaGali&amp;url=%27http%3a%2f%2fbotanika.in%2fl%2fa-home-that-reflects-who-you-are%2f&amp;Remark=Cosy-3-BHK&amp;Proj=&amp;src=Google&amp;amob=&amp;city=&amp;location=&amp;ch=ETrading&amp;medium=GS&amp;campaign=Phase-2-Of-The-Botanika&amp;term=3BHK-Flats-Gachibowli" id="form1">
<input type="hidden" name="__VIEWSTATE" id="__VIEWSTATE" value="/wEPDwUJNzgzNDMwNTMzZGReCsSe1P4Z9vclRZIrqa3T/3uEGu+PXq12yBOIGXfY1w==" />

<input type="hidden" name="__VIEWSTATEGENERATOR" id="__VIEWSTATEGENERATOR" value="5D34FF25" />
    <div>
    
    </div>
    </form>
</body>
</html>

[24-Aug-2019 21:06:02 Asia/Kolkata] 
New LP Lead | name: 'p venkatarao', email: 'perivenkatarao@gmail.com', phone: '+919391149275', lead_type: 'Landing Page | Botanika', date_captured: '2019-08-24 21:06:02'


[24-Aug-2019 21:06:04 Asia/Kolkata] http://botanika08.realeasy.in/IVR_Inbound.aspx?UID=fourqt&PWD=wn9mxO76f34=&f=m&con=%2B919391149275&email=perivenkatarao%40gmail.com&name=p+venkatarao&url='http://botanika.in/l/a-home-that-reflects-who-you-are/&Remark=Alpine-Aster-Towers&Proj=&src=Google&amob=&city=&location=&ch=ETrading&medium=GS&campaign=Phase-2-Of-The-Botanika&term=Gachibowli-Luxury-Apts - Page hit-Valid page hit-Correct user id-Correct password-For microsite-Correct querystringMicrosite Saved Successfully.

<!DOCTYPE html PUBLIC "-//W3C//DTD XHTML 1.0 Transitional//EN" "http://www.w3.org/TR/xhtml1/DTD/xhtml1-transitional.dtd">

<html xmlns="http://www.w3.org/1999/xhtml">
<head><title>
	Untitled Page
</title></head>
<body>
    <form name="form1" method="post" action="./IVR_Inbound.aspx?UID=fourqt&amp;PWD=wn9mxO76f34%3d&amp;f=m&amp;con=%2b919391149275&amp;email=perivenkatarao%40gmail.com&amp;name=p+venkatarao&amp;url=%27http%3a%2f%2fbotanika.in%2fl%2fa-home-that-reflects-who-you-are%2f&amp;Remark=Alpine-Aster-Towers&amp;Proj=&amp;src=Google&amp;amob=&amp;city=&amp;location=&amp;ch=ETrading&amp;medium=GS&amp;campaign=Phase-2-Of-The-Botanika&amp;term=Gachibowli-Luxury-Apts" id="form1">
<input type="hidden" name="__VIEWSTATE" id="__VIEWSTATE" value="/wEPDwUJNzgzNDMwNTMzZGReCsSe1P4Z9vclRZIrqa3T/3uEGu+PXq12yBOIGXfY1w==" />

<input type="hidden" name="__VIEWSTATEGENERATOR" id="__VIEWSTATEGENERATOR" value="5D34FF25" />
    <div>
    
    </div>
    </form>
</body>
</html>

[24-Aug-2019 23:52:45 Asia/Kolkata] 
New LP Lead | name: 'Mahedh', email: 'mahi_pothula@yahoo.co.in', phone: '+919966230800', lead_type: 'Landing Page | Botanika', date_captured: '2019-08-24 23:52:45'


[24-Aug-2019 23:52:48 Asia/Kolkata] http://botanika08.realeasy.in/IVR_Inbound.aspx?UID=fourqt&PWD=wn9mxO76f34=&f=m&con=%2B919966230800&email=mahi_pothula%40yahoo.co.in&name=Mahedh&url='http://botanika.in/l/a-home-that-reflects-who-you-are/&Remark=Best-Address&Proj=&src=Instagram&amob=&city=&location=&ch=ETrading&medium=IN-N&campaign=Phase-2-Of-The-Botanika&term=Website-LP-Visitors - Page hit-Valid page hit-Correct user id-Correct password-For microsite-Correct querystringMicrosite Saved Successfully.

<!DOCTYPE html PUBLIC "-//W3C//DTD XHTML 1.0 Transitional//EN" "http://www.w3.org/TR/xhtml1/DTD/xhtml1-transitional.dtd">

<html xmlns="http://www.w3.org/1999/xhtml">
<head><title>
	Untitled Page
</title></head>
<body>
    <form name="form1" method="post" action="./IVR_Inbound.aspx?UID=fourqt&amp;PWD=wn9mxO76f34%3d&amp;f=m&amp;con=%2b919966230800&amp;email=mahi_pothula%40yahoo.co.in&amp;name=Mahedh&amp;url=%27http%3a%2f%2fbotanika.in%2fl%2fa-home-that-reflects-who-you-are%2f&amp;Remark=Best-Address&amp;Proj=&amp;src=Instagram&amp;amob=&amp;city=&amp;location=&amp;ch=ETrading&amp;medium=IN-N&amp;campaign=Phase-2-Of-The-Botanika&amp;term=Website-LP-Visitors" id="form1">
<input type="hidden" name="__VIEWSTATE" id="__VIEWSTATE" value="/wEPDwUJNzgzNDMwNTMzZGReCsSe1P4Z9vclRZIrqa3T/3uEGu+PXq12yBOIGXfY1w==" />

<input type="hidden" name="__VIEWSTATEGENERATOR" id="__VIEWSTATEGENERATOR" value="5D34FF25" />
    <div>
    
    </div>
    </form>
</body>
</html>

[24-Aug-2019 23:54:01 Asia/Kolkata] 
New LP Lead | name: 'Mahesh', email: 'mahi_pothula@yahoo.co.in', phone: '+919966230800', lead_type: 'Landing Page | Botanika', date_captured: '2019-08-24 23:54:01'


[24-Aug-2019 23:54:02 Asia/Kolkata] http://botanika08.realeasy.in/IVR_Inbound.aspx?UID=fourqt&PWD=wn9mxO76f34=&f=m&con=%2B919966230800&email=mahi_pothula%40yahoo.co.in&name=Mahesh&url='http://botanika.in/l/a-home-that-reflects-who-you-are/&Remark=Best-Address&Proj=&src=Instagram&amob=&city=&location=&ch=ETrading&medium=IN-N&campaign=Phase-2-Of-The-Botanika&term=Website-LP-Visitors - Page hit-Valid page hit-Correct user id-Correct password-For microsite-Correct querystringMicrosite Saved Successfully.

<!DOCTYPE html PUBLIC "-//W3C//DTD XHTML 1.0 Transitional//EN" "http://www.w3.org/TR/xhtml1/DTD/xhtml1-transitional.dtd">

<html xmlns="http://www.w3.org/1999/xhtml">
<head><title>
	Untitled Page
</title></head>
<body>
    <form name="form1" method="post" action="./IVR_Inbound.aspx?UID=fourqt&amp;PWD=wn9mxO76f34%3d&amp;f=m&amp;con=%2b919966230800&amp;email=mahi_pothula%40yahoo.co.in&amp;name=Mahesh&amp;url=%27http%3a%2f%2fbotanika.in%2fl%2fa-home-that-reflects-who-you-are%2f&amp;Remark=Best-Address&amp;Proj=&amp;src=Instagram&amp;amob=&amp;city=&amp;location=&amp;ch=ETrading&amp;medium=IN-N&amp;campaign=Phase-2-Of-The-Botanika&amp;term=Website-LP-Visitors" id="form1">
<input type="hidden" name="__VIEWSTATE" id="__VIEWSTATE" value="/wEPDwUJNzgzNDMwNTMzZGReCsSe1P4Z9vclRZIrqa3T/3uEGu+PXq12yBOIGXfY1w==" />

<input type="hidden" name="__VIEWSTATEGENERATOR" id="__VIEWSTATEGENERATOR" value="5D34FF25" />
    <div>
    
    </div>
    </form>
</body>
</html>

