[12-Aug-2019 08:05:16 Asia/Kolkata] 
New LP Lead | name: 'RAJKIRAN CHITUMALLA', email: 'rajkchitu76@gmail.com', phone: '+918962372068', lead_type: 'Landing Page | Botanika', date_captured: '2019-08-12 08:05:16'


[12-Aug-2019 08:05:18 Asia/Kolkata] http://botanika08.realeasy.in/IVR_Inbound.aspx?UID=fourqt&PWD=wn9mxO76f34=&f=m&con=%2B918962372068&email=rajkchitu76%40gmail.com&name=RAJKIRAN+CHITUMALLA&url='http://botanika.in/l/a-home-that-reflects-who-you-are/&Remark=&Proj=&src=&amob=&city=&location=&ch=ETrading&medium=&campaign=&term= - Page hit-Valid page hit-Correct user id-Correct password-For microsite-Correct querystringMicrosite Saved Successfully.

<!DOCTYPE html PUBLIC "-//W3C//DTD XHTML 1.0 Transitional//EN" "http://www.w3.org/TR/xhtml1/DTD/xhtml1-transitional.dtd">

<html xmlns="http://www.w3.org/1999/xhtml">
<head><title>
	Untitled Page
</title></head>
<body>
    <form name="form1" method="post" action="./IVR_Inbound.aspx?UID=fourqt&amp;PWD=wn9mxO76f34%3d&amp;f=m&amp;con=%2b918962372068&amp;email=rajkchitu76%40gmail.com&amp;name=RAJKIRAN+CHITUMALLA&amp;url=%27http%3a%2f%2fbotanika.in%2fl%2fa-home-that-reflects-who-you-are%2f&amp;Remark=&amp;Proj=&amp;src=&amp;amob=&amp;city=&amp;location=&amp;ch=ETrading&amp;medium=&amp;campaign=&amp;term=" id="form1">
<input type="hidden" name="__VIEWSTATE" id="__VIEWSTATE" value="/wEPDwUJNzgzNDMwNTMzZGReCsSe1P4Z9vclRZIrqa3T/3uEGu+PXq12yBOIGXfY1w==" />

<input type="hidden" name="__VIEWSTATEGENERATOR" id="__VIEWSTATEGENERATOR" value="5D34FF25" />
    <div>
    
    </div>
    </form>
</body>
</html>

[12-Aug-2019 11:58:11 Asia/Kolkata] 
New LP Lead | name: 'Vijay', email: 'kotikalapudivijay@hotmail.com', phone: '+919108891007', lead_type: 'Landing Page | Botanika', date_captured: '2019-08-12 11:58:11'


[12-Aug-2019 11:58:12 Asia/Kolkata] http://botanika08.realeasy.in/IVR_Inbound.aspx?UID=fourqt&PWD=wn9mxO76f34=&f=m&con=%2B919108891007&email=kotikalapudivijay%40hotmail.com&name=Vijay&url='http://botanika.in/l/a-home-that-reflects-who-you-are/&Remark=Best-Address&Proj=&src=Instagram&amob=&city=&location=&ch=ETrading&medium=IN-N&campaign=Phase-2-Of-The-Botanika&term=Website-LP-Visitors - Page hit-Valid page hit-Correct user id-Correct password-For microsite-Correct querystringMicrosite Saved Successfully.

<!DOCTYPE html PUBLIC "-//W3C//DTD XHTML 1.0 Transitional//EN" "http://www.w3.org/TR/xhtml1/DTD/xhtml1-transitional.dtd">

<html xmlns="http://www.w3.org/1999/xhtml">
<head><title>
	Untitled Page
</title></head>
<body>
    <form name="form1" method="post" action="./IVR_Inbound.aspx?UID=fourqt&amp;PWD=wn9mxO76f34%3d&amp;f=m&amp;con=%2b919108891007&amp;email=kotikalapudivijay%40hotmail.com&amp;name=Vijay&amp;url=%27http%3a%2f%2fbotanika.in%2fl%2fa-home-that-reflects-who-you-are%2f&amp;Remark=Best-Address&amp;Proj=&amp;src=Instagram&amp;amob=&amp;city=&amp;location=&amp;ch=ETrading&amp;medium=IN-N&amp;campaign=Phase-2-Of-The-Botanika&amp;term=Website-LP-Visitors" id="form1">
<input type="hidden" name="__VIEWSTATE" id="__VIEWSTATE" value="/wEPDwUJNzgzNDMwNTMzZGReCsSe1P4Z9vclRZIrqa3T/3uEGu+PXq12yBOIGXfY1w==" />

<input type="hidden" name="__VIEWSTATEGENERATOR" id="__VIEWSTATEGENERATOR" value="5D34FF25" />
    <div>
    
    </div>
    </form>
</body>
</html>

[12-Aug-2019 15:36:39 Asia/Kolkata] 
New LP Lead | name: 'Abc@yahoo.com', email: 'abc@yahoo.com', phone: '+919392484984', lead_type: 'Landing Page | Botanika', date_captured: '2019-08-12 15:36:39'


[12-Aug-2019 15:36:41 Asia/Kolkata] http://botanika08.realeasy.in/IVR_Inbound.aspx?UID=fourqt&PWD=wn9mxO76f34=&f=m&con=%2B919392484984&email=abc%40yahoo.com&name=Abc%40yahoo.com&url='http://botanika.in/l/a-home-that-reflects-who-you-are/&Remark=Alpine-Aster-Towers&Proj=&src=Google&amob=&city=&location=&ch=ETrading&medium=GS&campaign=Phase-2-Of-The-Botanika&term=Botanika - Page hit-Valid page hit-Correct user id-Correct password-For microsite-Correct querystringMicrosite Saved Successfully.

<!DOCTYPE html PUBLIC "-//W3C//DTD XHTML 1.0 Transitional//EN" "http://www.w3.org/TR/xhtml1/DTD/xhtml1-transitional.dtd">

<html xmlns="http://www.w3.org/1999/xhtml">
<head><title>
	Untitled Page
</title></head>
<body>
    <form name="form1" method="post" action="./IVR_Inbound.aspx?UID=fourqt&amp;PWD=wn9mxO76f34%3d&amp;f=m&amp;con=%2b919392484984&amp;email=abc%40yahoo.com&amp;name=Abc%40yahoo.com&amp;url=%27http%3a%2f%2fbotanika.in%2fl%2fa-home-that-reflects-who-you-are%2f&amp;Remark=Alpine-Aster-Towers&amp;Proj=&amp;src=Google&amp;amob=&amp;city=&amp;location=&amp;ch=ETrading&amp;medium=GS&amp;campaign=Phase-2-Of-The-Botanika&amp;term=Botanika" id="form1">
<input type="hidden" name="__VIEWSTATE" id="__VIEWSTATE" value="/wEPDwUJNzgzNDMwNTMzZGReCsSe1P4Z9vclRZIrqa3T/3uEGu+PXq12yBOIGXfY1w==" />

<input type="hidden" name="__VIEWSTATEGENERATOR" id="__VIEWSTATEGENERATOR" value="5D34FF25" />
    <div>
    
    </div>
    </form>
</body>
</html>

[12-Aug-2019 15:47:05 Asia/Kolkata] 
New LP Lead | name: 'Sree sontineni', email: 'sree119k@gmail.com', phone: '+919121530849', lead_type: 'Landing Page | Botanika', date_captured: '2019-08-12 15:47:05'


[12-Aug-2019 15:47:06 Asia/Kolkata] http://botanika08.realeasy.in/IVR_Inbound.aspx?UID=fourqt&PWD=wn9mxO76f34=&f=m&con=%2B919121530849&email=sree119k%40gmail.com&name=Sree+sontineni&url='http://botanika.in/l/a-home-that-reflects-who-you-are/&Remark=Alpine-Aster-Towers&Proj=&src=Google&amob=&city=&location=&ch=ETrading&medium=GS&campaign=Phase-2-Of-The-Botanika&term=Luxury-Apts - Page hit-Valid page hit-Correct user id-Correct password-For microsite-Correct querystringMicrosite Saved Successfully.

<!DOCTYPE html PUBLIC "-//W3C//DTD XHTML 1.0 Transitional//EN" "http://www.w3.org/TR/xhtml1/DTD/xhtml1-transitional.dtd">

<html xmlns="http://www.w3.org/1999/xhtml">
<head><title>
	Untitled Page
</title></head>
<body>
    <form name="form1" method="post" action="./IVR_Inbound.aspx?UID=fourqt&amp;PWD=wn9mxO76f34%3d&amp;f=m&amp;con=%2b919121530849&amp;email=sree119k%40gmail.com&amp;name=Sree+sontineni&amp;url=%27http%3a%2f%2fbotanika.in%2fl%2fa-home-that-reflects-who-you-are%2f&amp;Remark=Alpine-Aster-Towers&amp;Proj=&amp;src=Google&amp;amob=&amp;city=&amp;location=&amp;ch=ETrading&amp;medium=GS&amp;campaign=Phase-2-Of-The-Botanika&amp;term=Luxury-Apts" id="form1">
<input type="hidden" name="__VIEWSTATE" id="__VIEWSTATE" value="/wEPDwUJNzgzNDMwNTMzZGReCsSe1P4Z9vclRZIrqa3T/3uEGu+PXq12yBOIGXfY1w==" />

<input type="hidden" name="__VIEWSTATEGENERATOR" id="__VIEWSTATEGENERATOR" value="5D34FF25" />
    <div>
    
    </div>
    </form>
</body>
</html>

[12-Aug-2019 21:21:57 Asia/Kolkata] 
New LP Lead | name: 'Pradeep', email: 'polapradeep@gmail.com', phone: '+919848087135', lead_type: 'Landing Page | Botanika', date_captured: '2019-08-12 21:21:57'


[12-Aug-2019 21:21:58 Asia/Kolkata] http://botanika08.realeasy.in/IVR_Inbound.aspx?UID=fourqt&PWD=wn9mxO76f34=&f=m&con=%2B919848087135&email=polapradeep%40gmail.com&name=Pradeep&url='http://botanika.in/l/a-home-that-reflects-who-you-are/&Remark=&Proj=&src=&amob=&city=&location=&ch=ETrading&medium=&campaign=&term= - Page hit-Valid page hit-Correct user id-Correct password-For microsite-Correct querystringMicrosite Saved Successfully.

<!DOCTYPE html PUBLIC "-//W3C//DTD XHTML 1.0 Transitional//EN" "http://www.w3.org/TR/xhtml1/DTD/xhtml1-transitional.dtd">

<html xmlns="http://www.w3.org/1999/xhtml">
<head><title>
	Untitled Page
</title></head>
<body>
    <form name="form1" method="post" action="./IVR_Inbound.aspx?UID=fourqt&amp;PWD=wn9mxO76f34%3d&amp;f=m&amp;con=%2b919848087135&amp;email=polapradeep%40gmail.com&amp;name=Pradeep&amp;url=%27http%3a%2f%2fbotanika.in%2fl%2fa-home-that-reflects-who-you-are%2f&amp;Remark=&amp;Proj=&amp;src=&amp;amob=&amp;city=&amp;location=&amp;ch=ETrading&amp;medium=&amp;campaign=&amp;term=" id="form1">
<input type="hidden" name="__VIEWSTATE" id="__VIEWSTATE" value="/wEPDwUJNzgzNDMwNTMzZGReCsSe1P4Z9vclRZIrqa3T/3uEGu+PXq12yBOIGXfY1w==" />

<input type="hidden" name="__VIEWSTATEGENERATOR" id="__VIEWSTATEGENERATOR" value="5D34FF25" />
    <div>
    
    </div>
    </form>
</body>
</html>

[12-Aug-2019 23:16:53 Asia/Kolkata] 
New LP Lead | name: 'Prasad', email: 'schsuvelak@gmail.com', phone: '+919949477077', lead_type: 'Landing Page | Botanika', date_captured: '2019-08-12 23:16:53'


[12-Aug-2019 23:16:56 Asia/Kolkata] http://botanika08.realeasy.in/IVR_Inbound.aspx?UID=fourqt&PWD=wn9mxO76f34=&f=m&con=%2B919949477077&email=schsuvelak%40gmail.com&name=Prasad&url='http://botanika.in/l/a-home-that-reflects-who-you-are/&Remark=Alpine-Aster-Towers&Proj=&src=Google&amob=&city=&location=&ch=ETrading&medium=GS&campaign=Phase-2-Of-The-Botanika&term=Botanika - Page hit-Valid page hit-Correct user id-Correct password-For microsite-Correct querystringMicrosite Saved Successfully.

<!DOCTYPE html PUBLIC "-//W3C//DTD XHTML 1.0 Transitional//EN" "http://www.w3.org/TR/xhtml1/DTD/xhtml1-transitional.dtd">

<html xmlns="http://www.w3.org/1999/xhtml">
<head><title>
	Untitled Page
</title></head>
<body>
    <form name="form1" method="post" action="./IVR_Inbound.aspx?UID=fourqt&amp;PWD=wn9mxO76f34%3d&amp;f=m&amp;con=%2b919949477077&amp;email=schsuvelak%40gmail.com&amp;name=Prasad&amp;url=%27http%3a%2f%2fbotanika.in%2fl%2fa-home-that-reflects-who-you-are%2f&amp;Remark=Alpine-Aster-Towers&amp;Proj=&amp;src=Google&amp;amob=&amp;city=&amp;location=&amp;ch=ETrading&amp;medium=GS&amp;campaign=Phase-2-Of-The-Botanika&amp;term=Botanika" id="form1">
<input type="hidden" name="__VIEWSTATE" id="__VIEWSTATE" value="/wEPDwUJNzgzNDMwNTMzZGReCsSe1P4Z9vclRZIrqa3T/3uEGu+PXq12yBOIGXfY1w==" />

<input type="hidden" name="__VIEWSTATEGENERATOR" id="__VIEWSTATEGENERATOR" value="5D34FF25" />
    <div>
    
    </div>
    </form>
</body>
</html>

