[14-Aug-2019 00:13:50 Asia/Kolkata] 
New LP Lead | name: 'chaitanya', email: 'chaitanya.2me@gmail.com', phone: '+919246307595', lead_type: 'Landing Page | Botanika', date_captured: '2019-08-14 00:13:50'


[14-Aug-2019 00:13:53 Asia/Kolkata] http://botanika08.realeasy.in/IVR_Inbound.aspx?UID=fourqt&PWD=wn9mxO76f34=&f=m&con=%2B919246307595&email=chaitanya.2me%40gmail.com&name=chaitanya&url='http://botanika.in/l/a-home-that-reflects-who-you-are/&Remark=Alpine-Aster-Towers&Proj=&src=Google&amob=&city=&location=&ch=ETrading&medium=GS&campaign=Phase-2-Of-The-Botanika&term=Botanika - Page hit-Valid page hit-Correct user id-Correct password-For microsite-Correct querystringMicrosite Saved Successfully.

<!DOCTYPE html PUBLIC "-//W3C//DTD XHTML 1.0 Transitional//EN" "http://www.w3.org/TR/xhtml1/DTD/xhtml1-transitional.dtd">

<html xmlns="http://www.w3.org/1999/xhtml">
<head><title>
	Untitled Page
</title></head>
<body>
    <form name="form1" method="post" action="./IVR_Inbound.aspx?UID=fourqt&amp;PWD=wn9mxO76f34%3d&amp;f=m&amp;con=%2b919246307595&amp;email=chaitanya.2me%40gmail.com&amp;name=chaitanya&amp;url=%27http%3a%2f%2fbotanika.in%2fl%2fa-home-that-reflects-who-you-are%2f&amp;Remark=Alpine-Aster-Towers&amp;Proj=&amp;src=Google&amp;amob=&amp;city=&amp;location=&amp;ch=ETrading&amp;medium=GS&amp;campaign=Phase-2-Of-The-Botanika&amp;term=Botanika" id="form1">
<input type="hidden" name="__VIEWSTATE" id="__VIEWSTATE" value="/wEPDwUJNzgzNDMwNTMzZGReCsSe1P4Z9vclRZIrqa3T/3uEGu+PXq12yBOIGXfY1w==" />

<input type="hidden" name="__VIEWSTATEGENERATOR" id="__VIEWSTATEGENERATOR" value="5D34FF25" />
    <div>
    
    </div>
    </form>
</body>
</html>

[14-Aug-2019 07:29:00 Asia/Kolkata] 
New LP Lead | name: 'Ashish', email: 'ashish@gmail.com', phone: '+919663488002', lead_type: 'Landing Page | Botanika', date_captured: '2019-08-14 07:29:00'


[14-Aug-2019 07:29:02 Asia/Kolkata] http://botanika08.realeasy.in/IVR_Inbound.aspx?UID=fourqt&PWD=wn9mxO76f34=&f=m&con=%2B919663488002&email=ashish%40gmail.com&name=Ashish&url='http://botanika.in/l/a-home-that-reflects-who-you-are/&Remark=Best-Address&Proj=&src=Instagram&amob=&city=&location=&ch=ETrading&medium=IN-N&campaign=Phase-2-Of-The-Botanika&term=Intl-Travellers - Page hit-Valid page hit-Correct user id-Correct password-For microsite-Correct querystringMicrosite Saved Successfully.

<!DOCTYPE html PUBLIC "-//W3C//DTD XHTML 1.0 Transitional//EN" "http://www.w3.org/TR/xhtml1/DTD/xhtml1-transitional.dtd">

<html xmlns="http://www.w3.org/1999/xhtml">
<head><title>
	Untitled Page
</title></head>
<body>
    <form name="form1" method="post" action="./IVR_Inbound.aspx?UID=fourqt&amp;PWD=wn9mxO76f34%3d&amp;f=m&amp;con=%2b919663488002&amp;email=ashish%40gmail.com&amp;name=Ashish&amp;url=%27http%3a%2f%2fbotanika.in%2fl%2fa-home-that-reflects-who-you-are%2f&amp;Remark=Best-Address&amp;Proj=&amp;src=Instagram&amp;amob=&amp;city=&amp;location=&amp;ch=ETrading&amp;medium=IN-N&amp;campaign=Phase-2-Of-The-Botanika&amp;term=Intl-Travellers" id="form1">
<input type="hidden" name="__VIEWSTATE" id="__VIEWSTATE" value="/wEPDwUJNzgzNDMwNTMzZGReCsSe1P4Z9vclRZIrqa3T/3uEGu+PXq12yBOIGXfY1w==" />

<input type="hidden" name="__VIEWSTATEGENERATOR" id="__VIEWSTATEGENERATOR" value="5D34FF25" />
    <div>
    
    </div>
    </form>
</body>
</html>

[14-Aug-2019 10:08:23 Asia/Kolkata] 
New LP Lead | name: 'Neela', email: 'gsneela@gmail.com', phone: '+919948291355', lead_type: 'Landing Page | Botanika', date_captured: '2019-08-14 10:08:23'


[14-Aug-2019 10:08:25 Asia/Kolkata] http://botanika08.realeasy.in/IVR_Inbound.aspx?UID=fourqt&PWD=wn9mxO76f34=&f=m&con=%2B919948291355&email=gsneela%40gmail.com&name=Neela&url='http://botanika.in/l/a-home-that-reflects-who-you-are/&Remark=Alpine-Aster-Towers&Proj=&src=Google&amob=&city=&location=&ch=ETrading&medium=GS&campaign=Phase-2-Of-The-Botanika&term=Botanika - Page hit-Valid page hit-Correct user id-Correct password-For microsite-Correct querystringMicrosite Saved Successfully.

<!DOCTYPE html PUBLIC "-//W3C//DTD XHTML 1.0 Transitional//EN" "http://www.w3.org/TR/xhtml1/DTD/xhtml1-transitional.dtd">

<html xmlns="http://www.w3.org/1999/xhtml">
<head><title>
	Untitled Page
</title></head>
<body>
    <form name="form1" method="post" action="./IVR_Inbound.aspx?UID=fourqt&amp;PWD=wn9mxO76f34%3d&amp;f=m&amp;con=%2b919948291355&amp;email=gsneela%40gmail.com&amp;name=Neela&amp;url=%27http%3a%2f%2fbotanika.in%2fl%2fa-home-that-reflects-who-you-are%2f&amp;Remark=Alpine-Aster-Towers&amp;Proj=&amp;src=Google&amp;amob=&amp;city=&amp;location=&amp;ch=ETrading&amp;medium=GS&amp;campaign=Phase-2-Of-The-Botanika&amp;term=Botanika" id="form1">
<input type="hidden" name="__VIEWSTATE" id="__VIEWSTATE" value="/wEPDwUJNzgzNDMwNTMzZGReCsSe1P4Z9vclRZIrqa3T/3uEGu+PXq12yBOIGXfY1w==" />

<input type="hidden" name="__VIEWSTATEGENERATOR" id="__VIEWSTATEGENERATOR" value="5D34FF25" />
    <div>
    
    </div>
    </form>
</body>
</html>

[14-Aug-2019 11:14:57 Asia/Kolkata] 
New LP Lead | name: 'Rajanylp', email: 'rajanylp@rediffmail.com', phone: '+919848559749', lead_type: 'Landing Page | Botanika', date_captured: '2019-08-14 11:14:57'


[14-Aug-2019 11:14:58 Asia/Kolkata] http://botanika08.realeasy.in/IVR_Inbound.aspx?UID=fourqt&PWD=wn9mxO76f34=&f=m&con=%2B919848559749&email=rajanylp%40rediffmail.com&name=Rajanylp&url='http://botanika.in/l/a-home-that-reflects-who-you-are/&Remark=Alpine-Aster-Towers&Proj=&src=Google&amob=&city=&location=&ch=ETrading&medium=GS&campaign=Phase-2-Of-The-Botanika&term=Botanika - Page hit-Valid page hit-Correct user id-Correct password-For microsite-Correct querystringMicrosite Saved Successfully.

<!DOCTYPE html PUBLIC "-//W3C//DTD XHTML 1.0 Transitional//EN" "http://www.w3.org/TR/xhtml1/DTD/xhtml1-transitional.dtd">

<html xmlns="http://www.w3.org/1999/xhtml">
<head><title>
	Untitled Page
</title></head>
<body>
    <form name="form1" method="post" action="./IVR_Inbound.aspx?UID=fourqt&amp;PWD=wn9mxO76f34%3d&amp;f=m&amp;con=%2b919848559749&amp;email=rajanylp%40rediffmail.com&amp;name=Rajanylp&amp;url=%27http%3a%2f%2fbotanika.in%2fl%2fa-home-that-reflects-who-you-are%2f&amp;Remark=Alpine-Aster-Towers&amp;Proj=&amp;src=Google&amp;amob=&amp;city=&amp;location=&amp;ch=ETrading&amp;medium=GS&amp;campaign=Phase-2-Of-The-Botanika&amp;term=Botanika" id="form1">
<input type="hidden" name="__VIEWSTATE" id="__VIEWSTATE" value="/wEPDwUJNzgzNDMwNTMzZGReCsSe1P4Z9vclRZIrqa3T/3uEGu+PXq12yBOIGXfY1w==" />

<input type="hidden" name="__VIEWSTATEGENERATOR" id="__VIEWSTATEGENERATOR" value="5D34FF25" />
    <div>
    
    </div>
    </form>
</body>
</html>

