[15-Nov-2019 06:16:20 Asia/Kolkata] 
New LP Lead | name: 'Veera rajesh babu', email: 'rajeshveera1982@gmail.com', phone: '+918008429742', lead_type: 'Landing Page | Botanika', date_captured: '2019-11-15 06:16:20'


[15-Nov-2019 06:16:22 Asia/Kolkata] http://botanika08.realeasy.in/IVR_Inbound.aspx?UID=fourqt&PWD=wn9mxO76f34=&f=m&con=%2B918008429742&email=rajeshveera1982%40gmail.com&name=Veera+rajesh+babu&url='http://botanika.in/l/a-home-that-reflects-who-you-are/&Remark=Alpine-Aster-Towers-responsive&Proj=&src=Google&amob=&city=&location=&ch=ETrading&medium=BA&campaign=Phase-2-Of-The-Botanika&term=Doctors-Websites - Page hit-Valid page hit-Correct user id-Correct password-For microsite-Correct querystringMicrosite Saved Successfully.

<!DOCTYPE html PUBLIC "-//W3C//DTD XHTML 1.0 Transitional//EN" "http://www.w3.org/TR/xhtml1/DTD/xhtml1-transitional.dtd">

<html xmlns="http://www.w3.org/1999/xhtml">
<head><title>
	Untitled Page
</title></head>
<body>
    <form name="form1" method="post" action="./IVR_Inbound.aspx?UID=fourqt&amp;PWD=wn9mxO76f34%3d&amp;f=m&amp;con=%2b918008429742&amp;email=rajeshveera1982%40gmail.com&amp;name=Veera+rajesh+babu&amp;url=%27http%3a%2f%2fbotanika.in%2fl%2fa-home-that-reflects-who-you-are%2f&amp;Remark=Alpine-Aster-Towers-responsive&amp;Proj=&amp;src=Google&amp;amob=&amp;city=&amp;location=&amp;ch=ETrading&amp;medium=BA&amp;campaign=Phase-2-Of-The-Botanika&amp;term=Doctors-Websites" id="form1">
<input type="hidden" name="__VIEWSTATE" id="__VIEWSTATE" value="/wEPDwUJNzgzNDMwNTMzZGReCsSe1P4Z9vclRZIrqa3T/3uEGu+PXq12yBOIGXfY1w==" />

<input type="hidden" name="__VIEWSTATEGENERATOR" id="__VIEWSTATEGENERATOR" value="5D34FF25" />
    <div>
    
    </div>
    </form>
</body>
</html>

[15-Nov-2019 11:07:14 Asia/Kolkata] 
New LP Lead | name: 'Apeksha', email: 'apekshassheth16@gmail.com', phone: '+918790113030', lead_type: 'Landing Page | Botanika', date_captured: '2019-11-15 11:07:14'


[15-Nov-2019 11:07:15 Asia/Kolkata] http://botanika08.realeasy.in/IVR_Inbound.aspx?UID=fourqt&PWD=wn9mxO76f34=&f=m&con=%2B918790113030&email=apekshassheth16%40gmail.com&name=Apeksha&url='http://botanika.in/l/a-home-that-reflects-who-you-are/&Remark=Cosy-3-BHK&Proj=&src=Google&amob=&city=&location=&ch=ETrading&medium=GS&campaign=Phase-2-Of-The-Botanika&term=Prestige - Page hit-Valid page hit-Correct user id-Correct password-For microsite-Correct querystringMicrosite Saved Successfully.

<!DOCTYPE html PUBLIC "-//W3C//DTD XHTML 1.0 Transitional//EN" "http://www.w3.org/TR/xhtml1/DTD/xhtml1-transitional.dtd">

<html xmlns="http://www.w3.org/1999/xhtml">
<head><title>
	Untitled Page
</title></head>
<body>
    <form name="form1" method="post" action="./IVR_Inbound.aspx?UID=fourqt&amp;PWD=wn9mxO76f34%3d&amp;f=m&amp;con=%2b918790113030&amp;email=apekshassheth16%40gmail.com&amp;name=Apeksha&amp;url=%27http%3a%2f%2fbotanika.in%2fl%2fa-home-that-reflects-who-you-are%2f&amp;Remark=Cosy-3-BHK&amp;Proj=&amp;src=Google&amp;amob=&amp;city=&amp;location=&amp;ch=ETrading&amp;medium=GS&amp;campaign=Phase-2-Of-The-Botanika&amp;term=Prestige" id="form1">
<input type="hidden" name="__VIEWSTATE" id="__VIEWSTATE" value="/wEPDwUJNzgzNDMwNTMzZGReCsSe1P4Z9vclRZIrqa3T/3uEGu+PXq12yBOIGXfY1w==" />

<input type="hidden" name="__VIEWSTATEGENERATOR" id="__VIEWSTATEGENERATOR" value="5D34FF25" />
    <div>
    
    </div>
    </form>
</body>
</html>

[15-Nov-2019 13:51:06 Asia/Kolkata] 
New LP Lead | name: 'Sudhakar', email: 'kota.sudhakar@gmail.com', phone: '+919701514765', lead_type: 'Landing Page | Botanika', date_captured: '2019-11-15 13:51:06'


[15-Nov-2019 13:51:07 Asia/Kolkata] http://botanika08.realeasy.in/IVR_Inbound.aspx?UID=fourqt&PWD=wn9mxO76f34=&f=m&con=%2B919701514765&email=kota.sudhakar%40gmail.com&name=Sudhakar&url='http://botanika.in/l/a-home-that-reflects-who-you-are/&Remark=Best-3-BHK&Proj=&src=Google&amob=&city=&location=&ch=ETrading&medium=GSP&campaign=Phase-2-Of-The-Botanika&term=Website-LP-Visitors - Page hit-Valid page hit-Correct user id-Correct password-For microsite-Correct querystringMicrosite Saved Successfully.

<!DOCTYPE html PUBLIC "-//W3C//DTD XHTML 1.0 Transitional//EN" "http://www.w3.org/TR/xhtml1/DTD/xhtml1-transitional.dtd">

<html xmlns="http://www.w3.org/1999/xhtml">
<head><title>
	Untitled Page
</title></head>
<body>
    <form name="form1" method="post" action="./IVR_Inbound.aspx?UID=fourqt&amp;PWD=wn9mxO76f34%3d&amp;f=m&amp;con=%2b919701514765&amp;email=kota.sudhakar%40gmail.com&amp;name=Sudhakar&amp;url=%27http%3a%2f%2fbotanika.in%2fl%2fa-home-that-reflects-who-you-are%2f&amp;Remark=Best-3-BHK&amp;Proj=&amp;src=Google&amp;amob=&amp;city=&amp;location=&amp;ch=ETrading&amp;medium=GSP&amp;campaign=Phase-2-Of-The-Botanika&amp;term=Website-LP-Visitors" id="form1">
<input type="hidden" name="__VIEWSTATE" id="__VIEWSTATE" value="/wEPDwUJNzgzNDMwNTMzZGReCsSe1P4Z9vclRZIrqa3T/3uEGu+PXq12yBOIGXfY1w==" />

<input type="hidden" name="__VIEWSTATEGENERATOR" id="__VIEWSTATEGENERATOR" value="5D34FF25" />
    <div>
    
    </div>
    </form>
</body>
</html>

