[30-Oct-2019 10:46:26 Asia/Kolkata] 
New LP Lead | name: 'SRINIVAS M', email: 's_madabhushi@yahoo.com', phone: '+919849039420', lead_type: 'Landing Page | Botanika', date_captured: '2019-10-30 10:46:26'


[30-Oct-2019 10:46:28 Asia/Kolkata] http://botanika08.realeasy.in/IVR_Inbound.aspx?UID=fourqt&PWD=wn9mxO76f34=&f=m&con=%2B919849039420&email=s_madabhushi%40yahoo.com&name=SRINIVAS+M&url='http://botanika.in/l/a-home-that-reflects-who-you-are/&Remark=Alpine-Aster-Towers-responsive&Proj=&src=Google&amob=&city=&location=&ch=ETrading&medium=BA&campaign=Phase-2-Of-The-Botanika&term=Business-News-Readers - Page hit-Valid page hit-Correct user id-Correct password-For microsite-Correct querystringMicrosite Saved Successfully.

<!DOCTYPE html PUBLIC "-//W3C//DTD XHTML 1.0 Transitional//EN" "http://www.w3.org/TR/xhtml1/DTD/xhtml1-transitional.dtd">

<html xmlns="http://www.w3.org/1999/xhtml">
<head><title>
	Untitled Page
</title></head>
<body>
    <form name="form1" method="post" action="./IVR_Inbound.aspx?UID=fourqt&amp;PWD=wn9mxO76f34%3d&amp;f=m&amp;con=%2b919849039420&amp;email=s_madabhushi%40yahoo.com&amp;name=SRINIVAS+M&amp;url=%27http%3a%2f%2fbotanika.in%2fl%2fa-home-that-reflects-who-you-are%2f&amp;Remark=Alpine-Aster-Towers-responsive&amp;Proj=&amp;src=Google&amp;amob=&amp;city=&amp;location=&amp;ch=ETrading&amp;medium=BA&amp;campaign=Phase-2-Of-The-Botanika&amp;term=Business-News-Readers" id="form1">
<input type="hidden" name="__VIEWSTATE" id="__VIEWSTATE" value="/wEPDwUJNzgzNDMwNTMzZGReCsSe1P4Z9vclRZIrqa3T/3uEGu+PXq12yBOIGXfY1w==" />

<input type="hidden" name="__VIEWSTATEGENERATOR" id="__VIEWSTATEGENERATOR" value="5D34FF25" />
    <div>
    
    </div>
    </form>
</body>
</html>

[30-Oct-2019 12:19:04 Asia/Kolkata] 
New LP Lead | name: 'D R Negi', email: 'drnegi59@gmail.com', phone: '+919855118148', lead_type: 'Landing Page | Botanika', date_captured: '2019-10-30 12:19:04'


[30-Oct-2019 12:19:06 Asia/Kolkata] http://botanika08.realeasy.in/IVR_Inbound.aspx?UID=fourqt&PWD=wn9mxO76f34=&f=m&con=%2B919855118148&email=drnegi59%40gmail.com&name=D+R+Negi&url='http://botanika.in/l/a-home-that-reflects-who-you-are/&Remark=Alpine-Aster-Towers-responsive&Proj=&src=Google&amob=&city=&location=&ch=ETrading&medium=BA&campaign=Phase-2-Of-The-Botanika&term=Business-News-Readers - Page hit-Valid page hit-Correct user id-Correct password-For microsite-Correct querystringMicrosite Saved Successfully.

<!DOCTYPE html PUBLIC "-//W3C//DTD XHTML 1.0 Transitional//EN" "http://www.w3.org/TR/xhtml1/DTD/xhtml1-transitional.dtd">

<html xmlns="http://www.w3.org/1999/xhtml">
<head><title>
	Untitled Page
</title></head>
<body>
    <form name="form1" method="post" action="./IVR_Inbound.aspx?UID=fourqt&amp;PWD=wn9mxO76f34%3d&amp;f=m&amp;con=%2b919855118148&amp;email=drnegi59%40gmail.com&amp;name=D+R+Negi&amp;url=%27http%3a%2f%2fbotanika.in%2fl%2fa-home-that-reflects-who-you-are%2f&amp;Remark=Alpine-Aster-Towers-responsive&amp;Proj=&amp;src=Google&amp;amob=&amp;city=&amp;location=&amp;ch=ETrading&amp;medium=BA&amp;campaign=Phase-2-Of-The-Botanika&amp;term=Business-News-Readers" id="form1">
<input type="hidden" name="__VIEWSTATE" id="__VIEWSTATE" value="/wEPDwUJNzgzNDMwNTMzZGReCsSe1P4Z9vclRZIrqa3T/3uEGu+PXq12yBOIGXfY1w==" />

<input type="hidden" name="__VIEWSTATEGENERATOR" id="__VIEWSTATEGENERATOR" value="5D34FF25" />
    <div>
    
    </div>
    </form>
</body>
</html>

[30-Oct-2019 13:05:40 Asia/Kolkata] 
New LP Lead | name: 'geetha', email: 'geethaponnalur@gmail.com', phone: '+918106478878', lead_type: 'Landing Page | Botanika', date_captured: '2019-10-30 13:05:40'


[30-Oct-2019 13:05:41 Asia/Kolkata] http://botanika08.realeasy.in/IVR_Inbound.aspx?UID=fourqt&PWD=wn9mxO76f34=&f=m&con=%2B918106478878&email=geethaponnalur%40gmail.com&name=geetha&url='http://botanika.in/l/a-home-that-reflects-who-you-are/&Remark=Best-3-BHK&Proj=&src=Google&amob=&city=&location=&ch=ETrading&medium=GSP&campaign=Phase-2-Of-The-Botanika&term=Website-LP-Visitors - Page hit-Valid page hit-Correct user id-Correct password-For microsite-Correct querystringMicrosite Saved Successfully.

<!DOCTYPE html PUBLIC "-//W3C//DTD XHTML 1.0 Transitional//EN" "http://www.w3.org/TR/xhtml1/DTD/xhtml1-transitional.dtd">

<html xmlns="http://www.w3.org/1999/xhtml">
<head><title>
	Untitled Page
</title></head>
<body>
    <form name="form1" method="post" action="./IVR_Inbound.aspx?UID=fourqt&amp;PWD=wn9mxO76f34%3d&amp;f=m&amp;con=%2b918106478878&amp;email=geethaponnalur%40gmail.com&amp;name=geetha&amp;url=%27http%3a%2f%2fbotanika.in%2fl%2fa-home-that-reflects-who-you-are%2f&amp;Remark=Best-3-BHK&amp;Proj=&amp;src=Google&amp;amob=&amp;city=&amp;location=&amp;ch=ETrading&amp;medium=GSP&amp;campaign=Phase-2-Of-The-Botanika&amp;term=Website-LP-Visitors" id="form1">
<input type="hidden" name="__VIEWSTATE" id="__VIEWSTATE" value="/wEPDwUJNzgzNDMwNTMzZGReCsSe1P4Z9vclRZIrqa3T/3uEGu+PXq12yBOIGXfY1w==" />

<input type="hidden" name="__VIEWSTATEGENERATOR" id="__VIEWSTATEGENERATOR" value="5D34FF25" />
    <div>
    
    </div>
    </form>
</body>
</html>

[30-Oct-2019 13:20:14 Asia/Kolkata] 
New LP Lead | name: 'Hari', email: 'srihari7386751598@gmail.com', phone: '+917386751598', lead_type: 'Landing Page | Botanika', date_captured: '2019-10-30 13:20:14'


[30-Oct-2019 13:20:27 Asia/Kolkata] http://botanika08.realeasy.in/IVR_Inbound.aspx?UID=fourqt&PWD=wn9mxO76f34=&f=m&con=%2B917386751598&email=srihari7386751598%40gmail.com&name=Hari&url='http://botanika.in/l/a-home-that-reflects-who-you-are/&Remark=Alpine-Aster-Towers-responsive&Proj=&src=Google&amob=&city=&location=&ch=ETrading&medium=BA&campaign=Phase-2-Of-The-Botanika&term=Business-News-Readers - Page hit-Valid page hit-Correct user id-Correct password-For microsite-Correct querystringMicrosite Saved Successfully.

<!DOCTYPE html PUBLIC "-//W3C//DTD XHTML 1.0 Transitional//EN" "http://www.w3.org/TR/xhtml1/DTD/xhtml1-transitional.dtd">

<html xmlns="http://www.w3.org/1999/xhtml">
<head><title>
	Untitled Page
</title></head>
<body>
    <form name="form1" method="post" action="./IVR_Inbound.aspx?UID=fourqt&amp;PWD=wn9mxO76f34%3d&amp;f=m&amp;con=%2b917386751598&amp;email=srihari7386751598%40gmail.com&amp;name=Hari&amp;url=%27http%3a%2f%2fbotanika.in%2fl%2fa-home-that-reflects-who-you-are%2f&amp;Remark=Alpine-Aster-Towers-responsive&amp;Proj=&amp;src=Google&amp;amob=&amp;city=&amp;location=&amp;ch=ETrading&amp;medium=BA&amp;campaign=Phase-2-Of-The-Botanika&amp;term=Business-News-Readers" id="form1">
<input type="hidden" name="__VIEWSTATE" id="__VIEWSTATE" value="/wEPDwUJNzgzNDMwNTMzZGReCsSe1P4Z9vclRZIrqa3T/3uEGu+PXq12yBOIGXfY1w==" />

<input type="hidden" name="__VIEWSTATEGENERATOR" id="__VIEWSTATEGENERATOR" value="5D34FF25" />
    <div>
    
    </div>
    </form>
</body>
</html>

[30-Oct-2019 13:48:42 Asia/Kolkata] 
New LP Lead | name: 'Sadananda Chary  Akkera', email: 'sadanandacharyakkera@gmail.com', phone: '+919989766818', lead_type: 'Landing Page | Botanika', date_captured: '2019-10-30 13:48:42'


[30-Oct-2019 13:48:44 Asia/Kolkata] http://botanika08.realeasy.in/IVR_Inbound.aspx?UID=fourqt&PWD=wn9mxO76f34=&f=m&con=%2B919989766818&email=sadanandacharyakkera%40gmail.com&name=Sadananda+Chary++Akkera&url='http://botanika.in/l/a-home-that-reflects-who-you-are/&Remark=Alpine-Aster-Towers-responsive&Proj=&src=Google&amob=&city=&location=&ch=ETrading&medium=BA&campaign=Phase-2-Of-The-Botanika&term=Business-News-Readers - Page hit-Valid page hit-Correct user id-Correct password-For microsite-Correct querystringMicrosite Saved Successfully.

<!DOCTYPE html PUBLIC "-//W3C//DTD XHTML 1.0 Transitional//EN" "http://www.w3.org/TR/xhtml1/DTD/xhtml1-transitional.dtd">

<html xmlns="http://www.w3.org/1999/xhtml">
<head><title>
	Untitled Page
</title></head>
<body>
    <form name="form1" method="post" action="./IVR_Inbound.aspx?UID=fourqt&amp;PWD=wn9mxO76f34%3d&amp;f=m&amp;con=%2b919989766818&amp;email=sadanandacharyakkera%40gmail.com&amp;name=Sadananda+Chary++Akkera&amp;url=%27http%3a%2f%2fbotanika.in%2fl%2fa-home-that-reflects-who-you-are%2f&amp;Remark=Alpine-Aster-Towers-responsive&amp;Proj=&amp;src=Google&amp;amob=&amp;city=&amp;location=&amp;ch=ETrading&amp;medium=BA&amp;campaign=Phase-2-Of-The-Botanika&amp;term=Business-News-Readers" id="form1">
<input type="hidden" name="__VIEWSTATE" id="__VIEWSTATE" value="/wEPDwUJNzgzNDMwNTMzZGReCsSe1P4Z9vclRZIrqa3T/3uEGu+PXq12yBOIGXfY1w==" />

<input type="hidden" name="__VIEWSTATEGENERATOR" id="__VIEWSTATEGENERATOR" value="5D34FF25" />
    <div>
    
    </div>
    </form>
</body>
</html>

[30-Oct-2019 13:53:00 Asia/Kolkata] 
New LP Lead | name: 'Payal', email: 'payalkdutta@gmail.com', phone: '+919831501086', lead_type: 'Landing Page | Botanika', date_captured: '2019-10-30 13:53:00'


[30-Oct-2019 13:53:01 Asia/Kolkata] http://botanika08.realeasy.in/IVR_Inbound.aspx?UID=fourqt&PWD=wn9mxO76f34=&f=m&con=%2B919831501086&email=payalkdutta%40gmail.com&name=Payal&url='http://botanika.in/l/a-home-that-reflects-who-you-are/&Remark=Opulent-3-BHK-Homes&Proj=&src=Facebook&amob=&city=&location=&ch=ETrading&medium=FB-N&campaign=Phase-2-Of-The-Botanika&term=Golf-Enthusiasts - Page hit-Valid page hit-Correct user id-Correct password-For microsite-Correct querystringMicrosite Saved Successfully.

<!DOCTYPE html PUBLIC "-//W3C//DTD XHTML 1.0 Transitional//EN" "http://www.w3.org/TR/xhtml1/DTD/xhtml1-transitional.dtd">

<html xmlns="http://www.w3.org/1999/xhtml">
<head><title>
	Untitled Page
</title></head>
<body>
    <form name="form1" method="post" action="./IVR_Inbound.aspx?UID=fourqt&amp;PWD=wn9mxO76f34%3d&amp;f=m&amp;con=%2b919831501086&amp;email=payalkdutta%40gmail.com&amp;name=Payal&amp;url=%27http%3a%2f%2fbotanika.in%2fl%2fa-home-that-reflects-who-you-are%2f&amp;Remark=Opulent-3-BHK-Homes&amp;Proj=&amp;src=Facebook&amp;amob=&amp;city=&amp;location=&amp;ch=ETrading&amp;medium=FB-N&amp;campaign=Phase-2-Of-The-Botanika&amp;term=Golf-Enthusiasts" id="form1">
<input type="hidden" name="__VIEWSTATE" id="__VIEWSTATE" value="/wEPDwUJNzgzNDMwNTMzZGReCsSe1P4Z9vclRZIrqa3T/3uEGu+PXq12yBOIGXfY1w==" />

<input type="hidden" name="__VIEWSTATEGENERATOR" id="__VIEWSTATEGENERATOR" value="5D34FF25" />
    <div>
    
    </div>
    </form>
</body>
</html>

[30-Oct-2019 14:20:32 Asia/Kolkata] 
New LP Lead | name: 'Narendra Reddy kundam', email: 'kundamnr@gmail.com', phone: '+919849028645', lead_type: 'Landing Page | Botanika', date_captured: '2019-10-30 14:20:32'


[30-Oct-2019 14:20:35 Asia/Kolkata] http://botanika08.realeasy.in/IVR_Inbound.aspx?UID=fourqt&PWD=wn9mxO76f34=&f=m&con=%2B919849028645&email=kundamnr%40gmail.com&name=Narendra+Reddy+kundam&url='http://botanika.in/l/a-home-that-reflects-who-you-are/&Remark=Alpine-Aster-Towers-responsive&Proj=&src=Google&amob=&city=&location=&ch=ETrading&medium=BA&campaign=Phase-2-Of-The-Botanika&term=Business-News-Readers - Page hit-Valid page hit-Correct user id-Correct password-For microsite-Correct querystringMicrosite Saved Successfully.

<!DOCTYPE html PUBLIC "-//W3C//DTD XHTML 1.0 Transitional//EN" "http://www.w3.org/TR/xhtml1/DTD/xhtml1-transitional.dtd">

<html xmlns="http://www.w3.org/1999/xhtml">
<head><title>
	Untitled Page
</title></head>
<body>
    <form name="form1" method="post" action="./IVR_Inbound.aspx?UID=fourqt&amp;PWD=wn9mxO76f34%3d&amp;f=m&amp;con=%2b919849028645&amp;email=kundamnr%40gmail.com&amp;name=Narendra+Reddy+kundam&amp;url=%27http%3a%2f%2fbotanika.in%2fl%2fa-home-that-reflects-who-you-are%2f&amp;Remark=Alpine-Aster-Towers-responsive&amp;Proj=&amp;src=Google&amp;amob=&amp;city=&amp;location=&amp;ch=ETrading&amp;medium=BA&amp;campaign=Phase-2-Of-The-Botanika&amp;term=Business-News-Readers" id="form1">
<input type="hidden" name="__VIEWSTATE" id="__VIEWSTATE" value="/wEPDwUJNzgzNDMwNTMzZGReCsSe1P4Z9vclRZIrqa3T/3uEGu+PXq12yBOIGXfY1w==" />

<input type="hidden" name="__VIEWSTATEGENERATOR" id="__VIEWSTATEGENERATOR" value="5D34FF25" />
    <div>
    
    </div>
    </form>
</body>
</html>

[30-Oct-2019 15:17:56 Asia/Kolkata] 
New LP Lead | name: 'Hemant Mehta', email: 'hemantmehta1756@gmail.com', phone: '+919246534226', lead_type: 'Landing Page | Botanika', date_captured: '2019-10-30 15:17:56'


[30-Oct-2019 15:17:57 Asia/Kolkata] http://botanika08.realeasy.in/IVR_Inbound.aspx?UID=fourqt&PWD=wn9mxO76f34=&f=m&con=%2B919246534226&email=hemantmehta1756%40gmail.com&name=Hemant+Mehta&url='http://botanika.in/l/a-home-that-reflects-who-you-are/&Remark=Alpine-Aster-Towers-responsive&Proj=&src=Google&amob=&city=&location=&ch=ETrading&medium=BA&campaign=Phase-2-Of-The-Botanika&term=Business-News-Readers - Page hit-Valid page hit-Correct user id-Correct password-For microsite-Correct querystringMicrosite Saved Successfully.

<!DOCTYPE html PUBLIC "-//W3C//DTD XHTML 1.0 Transitional//EN" "http://www.w3.org/TR/xhtml1/DTD/xhtml1-transitional.dtd">

<html xmlns="http://www.w3.org/1999/xhtml">
<head><title>
	Untitled Page
</title></head>
<body>
    <form name="form1" method="post" action="./IVR_Inbound.aspx?UID=fourqt&amp;PWD=wn9mxO76f34%3d&amp;f=m&amp;con=%2b919246534226&amp;email=hemantmehta1756%40gmail.com&amp;name=Hemant+Mehta&amp;url=%27http%3a%2f%2fbotanika.in%2fl%2fa-home-that-reflects-who-you-are%2f&amp;Remark=Alpine-Aster-Towers-responsive&amp;Proj=&amp;src=Google&amp;amob=&amp;city=&amp;location=&amp;ch=ETrading&amp;medium=BA&amp;campaign=Phase-2-Of-The-Botanika&amp;term=Business-News-Readers" id="form1">
<input type="hidden" name="__VIEWSTATE" id="__VIEWSTATE" value="/wEPDwUJNzgzNDMwNTMzZGReCsSe1P4Z9vclRZIrqa3T/3uEGu+PXq12yBOIGXfY1w==" />

<input type="hidden" name="__VIEWSTATEGENERATOR" id="__VIEWSTATEGENERATOR" value="5D34FF25" />
    <div>
    
    </div>
    </form>
</body>
</html>

[30-Oct-2019 15:27:44 Asia/Kolkata] 
New LP Lead | name: 'Vemavarapu kalyani', email: 'vemavarapukalyani360@gmail.com', phone: '+919390652109', lead_type: 'Landing Page | Botanika', date_captured: '2019-10-30 15:27:44'


[30-Oct-2019 15:27:46 Asia/Kolkata] http://botanika08.realeasy.in/IVR_Inbound.aspx?UID=fourqt&PWD=wn9mxO76f34=&f=m&con=%2B919390652109&email=vemavarapukalyani360%40gmail.com&name=Vemavarapu+kalyani&url='http://botanika.in/l/a-home-that-reflects-who-you-are/&Remark=Alpine-Aster-Towers-responsive&Proj=&src=Google&amob=&city=&location=&ch=ETrading&medium=BA&campaign=Phase-2-Of-The-Botanika&term=Business-News-Readers - Page hit-Valid page hit-Correct user id-Correct password-For microsite-Correct querystringMicrosite Saved Successfully.

<!DOCTYPE html PUBLIC "-//W3C//DTD XHTML 1.0 Transitional//EN" "http://www.w3.org/TR/xhtml1/DTD/xhtml1-transitional.dtd">

<html xmlns="http://www.w3.org/1999/xhtml">
<head><title>
	Untitled Page
</title></head>
<body>
    <form name="form1" method="post" action="./IVR_Inbound.aspx?UID=fourqt&amp;PWD=wn9mxO76f34%3d&amp;f=m&amp;con=%2b919390652109&amp;email=vemavarapukalyani360%40gmail.com&amp;name=Vemavarapu+kalyani&amp;url=%27http%3a%2f%2fbotanika.in%2fl%2fa-home-that-reflects-who-you-are%2f&amp;Remark=Alpine-Aster-Towers-responsive&amp;Proj=&amp;src=Google&amp;amob=&amp;city=&amp;location=&amp;ch=ETrading&amp;medium=BA&amp;campaign=Phase-2-Of-The-Botanika&amp;term=Business-News-Readers" id="form1">
<input type="hidden" name="__VIEWSTATE" id="__VIEWSTATE" value="/wEPDwUJNzgzNDMwNTMzZGReCsSe1P4Z9vclRZIrqa3T/3uEGu+PXq12yBOIGXfY1w==" />

<input type="hidden" name="__VIEWSTATEGENERATOR" id="__VIEWSTATEGENERATOR" value="5D34FF25" />
    <div>
    
    </div>
    </form>
</body>
</html>

[30-Oct-2019 15:27:57 Asia/Kolkata] 
New LP Lead | name: 'Monisha Reddy', email: 'monishareddy9490@gmail.com', phone: '+919494667777', lead_type: 'Landing Page | Botanika', date_captured: '2019-10-30 15:27:57'


[30-Oct-2019 15:27:58 Asia/Kolkata] http://botanika08.realeasy.in/IVR_Inbound.aspx?UID=fourqt&PWD=wn9mxO76f34=&f=m&con=%2B919494667777&email=monishareddy9490%40gmail.com&name=Monisha+Reddy&url='http://botanika.in/l/a-home-that-reflects-who-you-are/&Remark=Alpine-Aster-Towers-responsive&Proj=&src=Google&amob=&city=&location=&ch=ETrading&medium=BA&campaign=Phase-2-Of-The-Botanika&term=National-News-Websites - Page hit-Valid page hit-Correct user id-Correct password-For microsite-Correct querystringMicrosite Saved Successfully.

<!DOCTYPE html PUBLIC "-//W3C//DTD XHTML 1.0 Transitional//EN" "http://www.w3.org/TR/xhtml1/DTD/xhtml1-transitional.dtd">

<html xmlns="http://www.w3.org/1999/xhtml">
<head><title>
	Untitled Page
</title></head>
<body>
    <form name="form1" method="post" action="./IVR_Inbound.aspx?UID=fourqt&amp;PWD=wn9mxO76f34%3d&amp;f=m&amp;con=%2b919494667777&amp;email=monishareddy9490%40gmail.com&amp;name=Monisha+Reddy&amp;url=%27http%3a%2f%2fbotanika.in%2fl%2fa-home-that-reflects-who-you-are%2f&amp;Remark=Alpine-Aster-Towers-responsive&amp;Proj=&amp;src=Google&amp;amob=&amp;city=&amp;location=&amp;ch=ETrading&amp;medium=BA&amp;campaign=Phase-2-Of-The-Botanika&amp;term=National-News-Websites" id="form1">
<input type="hidden" name="__VIEWSTATE" id="__VIEWSTATE" value="/wEPDwUJNzgzNDMwNTMzZGReCsSe1P4Z9vclRZIrqa3T/3uEGu+PXq12yBOIGXfY1w==" />

<input type="hidden" name="__VIEWSTATEGENERATOR" id="__VIEWSTATEGENERATOR" value="5D34FF25" />
    <div>
    
    </div>
    </form>
</body>
</html>

[30-Oct-2019 15:34:41 Asia/Kolkata] 
New LP Lead | name: 'Chukkalu sathaiah', email: 'chukkalasathaiah@gmail.com', phone: '+917893576445', lead_type: 'Landing Page | Botanika', date_captured: '2019-10-30 15:34:41'


[30-Oct-2019 15:35:18 Asia/Kolkata] http://botanika08.realeasy.in/IVR_Inbound.aspx?UID=fourqt&PWD=wn9mxO76f34=&f=m&con=%2B917893576445&email=chukkalasathaiah%40gmail.com&name=Chukkalu+sathaiah&url='http://botanika.in/l/a-home-that-reflects-who-you-are/&Remark=Alpine-Aster-Towers-responsive&Proj=&src=Google&amob=&city=&location=&ch=ETrading&medium=BA&campaign=Phase-2-Of-The-Botanika&term=Business-News-Readers - Page hit-Valid page hit-Correct user id-Correct password-For microsite-Correct querystringMicrosite Saved Successfully.

<!DOCTYPE html PUBLIC "-//W3C//DTD XHTML 1.0 Transitional//EN" "http://www.w3.org/TR/xhtml1/DTD/xhtml1-transitional.dtd">

<html xmlns="http://www.w3.org/1999/xhtml">
<head><title>
	Untitled Page
</title></head>
<body>
    <form name="form1" method="post" action="./IVR_Inbound.aspx?UID=fourqt&amp;PWD=wn9mxO76f34%3d&amp;f=m&amp;con=%2b917893576445&amp;email=chukkalasathaiah%40gmail.com&amp;name=Chukkalu+sathaiah&amp;url=%27http%3a%2f%2fbotanika.in%2fl%2fa-home-that-reflects-who-you-are%2f&amp;Remark=Alpine-Aster-Towers-responsive&amp;Proj=&amp;src=Google&amp;amob=&amp;city=&amp;location=&amp;ch=ETrading&amp;medium=BA&amp;campaign=Phase-2-Of-The-Botanika&amp;term=Business-News-Readers" id="form1">
<input type="hidden" name="__VIEWSTATE" id="__VIEWSTATE" value="/wEPDwUJNzgzNDMwNTMzZGReCsSe1P4Z9vclRZIrqa3T/3uEGu+PXq12yBOIGXfY1w==" />

<input type="hidden" name="__VIEWSTATEGENERATOR" id="__VIEWSTATEGENERATOR" value="5D34FF25" />
    <div>
    
    </div>
    </form>
</body>
</html>

[30-Oct-2019 15:35:28 Asia/Kolkata] 
New LP Lead | name: 'M Gopal Rao', email: 'gopalraom@gmail.com', phone: '+919989991152', lead_type: 'Landing Page | Botanika', date_captured: '2019-10-30 15:35:28'


[30-Oct-2019 15:35:33 Asia/Kolkata] http://botanika08.realeasy.in/IVR_Inbound.aspx?UID=fourqt&PWD=wn9mxO76f34=&f=m&con=%2B919989991152&email=gopalraom%40gmail.com&name=M+Gopal+Rao&url='http://botanika.in/l/a-home-that-reflects-who-you-are/&Remark=Alpine-Aster-Towers-responsive&Proj=&src=Google&amob=&city=&location=&ch=ETrading&medium=BA&campaign=Phase-2-Of-The-Botanika&term=Business-News-Readers - Page hit-Valid page hit-Correct user id-Correct password-For microsite-Correct querystringMicrosite Saved Successfully.

<!DOCTYPE html PUBLIC "-//W3C//DTD XHTML 1.0 Transitional//EN" "http://www.w3.org/TR/xhtml1/DTD/xhtml1-transitional.dtd">

<html xmlns="http://www.w3.org/1999/xhtml">
<head><title>
	Untitled Page
</title></head>
<body>
    <form name="form1" method="post" action="./IVR_Inbound.aspx?UID=fourqt&amp;PWD=wn9mxO76f34%3d&amp;f=m&amp;con=%2b919989991152&amp;email=gopalraom%40gmail.com&amp;name=M+Gopal+Rao&amp;url=%27http%3a%2f%2fbotanika.in%2fl%2fa-home-that-reflects-who-you-are%2f&amp;Remark=Alpine-Aster-Towers-responsive&amp;Proj=&amp;src=Google&amp;amob=&amp;city=&amp;location=&amp;ch=ETrading&amp;medium=BA&amp;campaign=Phase-2-Of-The-Botanika&amp;term=Business-News-Readers" id="form1">
<input type="hidden" name="__VIEWSTATE" id="__VIEWSTATE" value="/wEPDwUJNzgzNDMwNTMzZGReCsSe1P4Z9vclRZIrqa3T/3uEGu+PXq12yBOIGXfY1w==" />

<input type="hidden" name="__VIEWSTATEGENERATOR" id="__VIEWSTATEGENERATOR" value="5D34FF25" />
    <div>
    
    </div>
    </form>
</body>
</html>

[30-Oct-2019 15:35:42 Asia/Kolkata] 
New LP Lead | name: 'Kiranahuja', email: 'ahujakiran1973@gmail.com', phone: '+918179149808', lead_type: 'Landing Page | Botanika', date_captured: '2019-10-30 15:35:42'


[30-Oct-2019 15:36:00 Asia/Kolkata] http://botanika08.realeasy.in/IVR_Inbound.aspx?UID=fourqt&PWD=wn9mxO76f34=&f=m&con=%2B918179149808&email=ahujakiran1973%40gmail.com&name=Kiranahuja&url='http://botanika.in/l/a-home-that-reflects-who-you-are/&Remark=Alpine-Aster-Towers-responsive&Proj=&src=Google&amob=&city=&location=&ch=ETrading&medium=BA&campaign=Phase-2-Of-The-Botanika&term=Business-News-Readers - Page hit-Valid page hit-Correct user id-Correct password-For microsite-Correct querystringMicrosite Saved Successfully.

<!DOCTYPE html PUBLIC "-//W3C//DTD XHTML 1.0 Transitional//EN" "http://www.w3.org/TR/xhtml1/DTD/xhtml1-transitional.dtd">

<html xmlns="http://www.w3.org/1999/xhtml">
<head><title>
	Untitled Page
</title></head>
<body>
    <form name="form1" method="post" action="./IVR_Inbound.aspx?UID=fourqt&amp;PWD=wn9mxO76f34%3d&amp;f=m&amp;con=%2b918179149808&amp;email=ahujakiran1973%40gmail.com&amp;name=Kiranahuja&amp;url=%27http%3a%2f%2fbotanika.in%2fl%2fa-home-that-reflects-who-you-are%2f&amp;Remark=Alpine-Aster-Towers-responsive&amp;Proj=&amp;src=Google&amp;amob=&amp;city=&amp;location=&amp;ch=ETrading&amp;medium=BA&amp;campaign=Phase-2-Of-The-Botanika&amp;term=Business-News-Readers" id="form1">
<input type="hidden" name="__VIEWSTATE" id="__VIEWSTATE" value="/wEPDwUJNzgzNDMwNTMzZGReCsSe1P4Z9vclRZIrqa3T/3uEGu+PXq12yBOIGXfY1w==" />

<input type="hidden" name="__VIEWSTATEGENERATOR" id="__VIEWSTATEGENERATOR" value="5D34FF25" />
    <div>
    
    </div>
    </form>
</body>
</html>

[30-Oct-2019 15:45:03 Asia/Kolkata] 
New LP Lead | name: 'K P Ramarap', email: 'Kottaprro@gmail.com', phone: '+919440156942', lead_type: 'Landing Page | Botanika', date_captured: '2019-10-30 15:45:03'


[30-Oct-2019 15:45:06 Asia/Kolkata] http://botanika08.realeasy.in/IVR_Inbound.aspx?UID=fourqt&PWD=wn9mxO76f34=&f=m&con=%2B919440156942&email=Kottaprro%40gmail.com&name=K+P+Ramarap&url='http://botanika.in/l/a-home-that-reflects-who-you-are/&Remark=Alpine-Aster-Towers-responsive&Proj=&src=Google&amob=&city=&location=&ch=ETrading&medium=BA&campaign=Phase-2-Of-The-Botanika&term=Business-News-Readers - Page hit-Valid page hit-Correct user id-Correct password-For microsite-Correct querystringMicrosite Saved Successfully.

<!DOCTYPE html PUBLIC "-//W3C//DTD XHTML 1.0 Transitional//EN" "http://www.w3.org/TR/xhtml1/DTD/xhtml1-transitional.dtd">

<html xmlns="http://www.w3.org/1999/xhtml">
<head><title>
	Untitled Page
</title></head>
<body>
    <form name="form1" method="post" action="./IVR_Inbound.aspx?UID=fourqt&amp;PWD=wn9mxO76f34%3d&amp;f=m&amp;con=%2b919440156942&amp;email=Kottaprro%40gmail.com&amp;name=K+P+Ramarap&amp;url=%27http%3a%2f%2fbotanika.in%2fl%2fa-home-that-reflects-who-you-are%2f&amp;Remark=Alpine-Aster-Towers-responsive&amp;Proj=&amp;src=Google&amp;amob=&amp;city=&amp;location=&amp;ch=ETrading&amp;medium=BA&amp;campaign=Phase-2-Of-The-Botanika&amp;term=Business-News-Readers" id="form1">
<input type="hidden" name="__VIEWSTATE" id="__VIEWSTATE" value="/wEPDwUJNzgzNDMwNTMzZGReCsSe1P4Z9vclRZIrqa3T/3uEGu+PXq12yBOIGXfY1w==" />

<input type="hidden" name="__VIEWSTATEGENERATOR" id="__VIEWSTATEGENERATOR" value="5D34FF25" />
    <div>
    
    </div>
    </form>
</body>
</html>

[30-Oct-2019 15:59:32 Asia/Kolkata] 
New LP Lead | name: 'test', email: 'test@test.com', phone: '+919999999999', lead_type: 'Landing Page | Botanika', date_captured: '2019-10-30 15:59:32'


[30-Oct-2019 15:59:33 Asia/Kolkata] http://botanika08.realeasy.in/IVR_Inbound.aspx?UID=fourqt&PWD=wn9mxO76f34=&f=m&con=%2B919999999999&email=test%40test.com&name=test&url='http://botanika.in/l/a-home-that-reflects-who-you-are/&Remark=Best-Address-Two-Towers&Proj=&src=Google&amob=&city=&location=&ch=ETrading&medium=GSP&campaign=Phase-2-Of-The-Botanika&term=IM-Financial-Services - Page hit-Valid page hit-Correct user id-Correct password-For microsite-Correct querystringMicrosite Saved Successfully.

<!DOCTYPE html PUBLIC "-//W3C//DTD XHTML 1.0 Transitional//EN" "http://www.w3.org/TR/xhtml1/DTD/xhtml1-transitional.dtd">

<html xmlns="http://www.w3.org/1999/xhtml">
<head><title>
	Untitled Page
</title></head>
<body>
    <form name="form1" method="post" action="./IVR_Inbound.aspx?UID=fourqt&amp;PWD=wn9mxO76f34%3d&amp;f=m&amp;con=%2b919999999999&amp;email=test%40test.com&amp;name=test&amp;url=%27http%3a%2f%2fbotanika.in%2fl%2fa-home-that-reflects-who-you-are%2f&amp;Remark=Best-Address-Two-Towers&amp;Proj=&amp;src=Google&amp;amob=&amp;city=&amp;location=&amp;ch=ETrading&amp;medium=GSP&amp;campaign=Phase-2-Of-The-Botanika&amp;term=IM-Financial-Services" id="form1">
<input type="hidden" name="__VIEWSTATE" id="__VIEWSTATE" value="/wEPDwUJNzgzNDMwNTMzZGReCsSe1P4Z9vclRZIrqa3T/3uEGu+PXq12yBOIGXfY1w==" />

<input type="hidden" name="__VIEWSTATEGENERATOR" id="__VIEWSTATEGENERATOR" value="5D34FF25" />
    <div>
    
    </div>
    </form>
</body>
</html>

[30-Oct-2019 15:59:55 Asia/Kolkata] 
New LP Lead | name: 'Degala Venkata Ramarao', email: 'ramaraodegala@gmail.com', phone: '+919440359988', lead_type: 'Landing Page | Botanika', date_captured: '2019-10-30 15:59:55'


[30-Oct-2019 15:59:56 Asia/Kolkata] http://botanika08.realeasy.in/IVR_Inbound.aspx?UID=fourqt&PWD=wn9mxO76f34=&f=m&con=%2B919440359988&email=ramaraodegala%40gmail.com&name=Degala+Venkata+Ramarao&url='http://botanika.in/l/a-home-that-reflects-who-you-are/&Remark=3-BHK-Homes&Proj=&src=Google&amob=&city=&location=&ch=ETrading&medium=GSP&campaign=Phase-2-Of-The-Botanika&term=IM-Financial-Services - Page hit-Valid page hit-Correct user id-Correct password-For microsite-Correct querystringMicrosite Saved Successfully.

<!DOCTYPE html PUBLIC "-//W3C//DTD XHTML 1.0 Transitional//EN" "http://www.w3.org/TR/xhtml1/DTD/xhtml1-transitional.dtd">

<html xmlns="http://www.w3.org/1999/xhtml">
<head><title>
	Untitled Page
</title></head>
<body>
    <form name="form1" method="post" action="./IVR_Inbound.aspx?UID=fourqt&amp;PWD=wn9mxO76f34%3d&amp;f=m&amp;con=%2b919440359988&amp;email=ramaraodegala%40gmail.com&amp;name=Degala+Venkata+Ramarao&amp;url=%27http%3a%2f%2fbotanika.in%2fl%2fa-home-that-reflects-who-you-are%2f&amp;Remark=3-BHK-Homes&amp;Proj=&amp;src=Google&amp;amob=&amp;city=&amp;location=&amp;ch=ETrading&amp;medium=GSP&amp;campaign=Phase-2-Of-The-Botanika&amp;term=IM-Financial-Services" id="form1">
<input type="hidden" name="__VIEWSTATE" id="__VIEWSTATE" value="/wEPDwUJNzgzNDMwNTMzZGReCsSe1P4Z9vclRZIrqa3T/3uEGu+PXq12yBOIGXfY1w==" />

<input type="hidden" name="__VIEWSTATEGENERATOR" id="__VIEWSTATEGENERATOR" value="5D34FF25" />
    <div>
    
    </div>
    </form>
</body>
</html>

[30-Oct-2019 16:44:07 Asia/Kolkata] 
New LP Lead | name: 'DR PSATYANARYANA RAO', email: 'psnrao56@gmail.com', phone: '+919912407983', lead_type: 'Landing Page | Botanika', date_captured: '2019-10-30 16:44:07'


[30-Oct-2019 16:44:08 Asia/Kolkata] http://botanika08.realeasy.in/IVR_Inbound.aspx?UID=fourqt&PWD=wn9mxO76f34=&f=m&con=%2B919912407983&email=psnrao56%40gmail.com&name=DR+PSATYANARYANA+RAO&url='http://botanika.in/l/a-home-that-reflects-who-you-are/&Remark=Opulent-3-BHK-Homes&Proj=&src=Facebook&amob=&city=&location=&ch=ETrading&medium=FB-N&campaign=Phase-2-Of-The-Botanika&term=Website-LP-Visitors - Page hit-Valid page hit-Correct user id-Correct password-For microsite-Correct querystringMicrosite Saved Successfully.

<!DOCTYPE html PUBLIC "-//W3C//DTD XHTML 1.0 Transitional//EN" "http://www.w3.org/TR/xhtml1/DTD/xhtml1-transitional.dtd">

<html xmlns="http://www.w3.org/1999/xhtml">
<head><title>
	Untitled Page
</title></head>
<body>
    <form name="form1" method="post" action="./IVR_Inbound.aspx?UID=fourqt&amp;PWD=wn9mxO76f34%3d&amp;f=m&amp;con=%2b919912407983&amp;email=psnrao56%40gmail.com&amp;name=DR+PSATYANARYANA+RAO&amp;url=%27http%3a%2f%2fbotanika.in%2fl%2fa-home-that-reflects-who-you-are%2f&amp;Remark=Opulent-3-BHK-Homes&amp;Proj=&amp;src=Facebook&amp;amob=&amp;city=&amp;location=&amp;ch=ETrading&amp;medium=FB-N&amp;campaign=Phase-2-Of-The-Botanika&amp;term=Website-LP-Visitors" id="form1">
<input type="hidden" name="__VIEWSTATE" id="__VIEWSTATE" value="/wEPDwUJNzgzNDMwNTMzZGReCsSe1P4Z9vclRZIrqa3T/3uEGu+PXq12yBOIGXfY1w==" />

<input type="hidden" name="__VIEWSTATEGENERATOR" id="__VIEWSTATEGENERATOR" value="5D34FF25" />
    <div>
    
    </div>
    </form>
</body>
</html>

[30-Oct-2019 16:53:37 Asia/Kolkata] 
New LP Lead | name: 'Firoz Poonawala', email: 'nafiroz321@yahoo.com', phone: '+919422028692', lead_type: 'Landing Page | Botanika', date_captured: '2019-10-30 16:53:37'


[30-Oct-2019 16:53:38 Asia/Kolkata] http://botanika08.realeasy.in/IVR_Inbound.aspx?UID=fourqt&PWD=wn9mxO76f34=&f=m&con=%2B919422028692&email=nafiroz321%40yahoo.com&name=Firoz+Poonawala&url='http://botanika.in/l/a-home-that-reflects-who-you-are/&Remark=Alpine-Aster-Towers-responsive&Proj=&src=Google&amob=&city=&location=&ch=ETrading&medium=BA&campaign=Phase-2-Of-The-Botanika&term=Business-News-Readers - Page hit-Valid page hit-Correct user id-Correct password-For microsite-Correct querystringMicrosite Saved Successfully.

<!DOCTYPE html PUBLIC "-//W3C//DTD XHTML 1.0 Transitional//EN" "http://www.w3.org/TR/xhtml1/DTD/xhtml1-transitional.dtd">

<html xmlns="http://www.w3.org/1999/xhtml">
<head><title>
	Untitled Page
</title></head>
<body>
    <form name="form1" method="post" action="./IVR_Inbound.aspx?UID=fourqt&amp;PWD=wn9mxO76f34%3d&amp;f=m&amp;con=%2b919422028692&amp;email=nafiroz321%40yahoo.com&amp;name=Firoz+Poonawala&amp;url=%27http%3a%2f%2fbotanika.in%2fl%2fa-home-that-reflects-who-you-are%2f&amp;Remark=Alpine-Aster-Towers-responsive&amp;Proj=&amp;src=Google&amp;amob=&amp;city=&amp;location=&amp;ch=ETrading&amp;medium=BA&amp;campaign=Phase-2-Of-The-Botanika&amp;term=Business-News-Readers" id="form1">
<input type="hidden" name="__VIEWSTATE" id="__VIEWSTATE" value="/wEPDwUJNzgzNDMwNTMzZGReCsSe1P4Z9vclRZIrqa3T/3uEGu+PXq12yBOIGXfY1w==" />

<input type="hidden" name="__VIEWSTATEGENERATOR" id="__VIEWSTATEGENERATOR" value="5D34FF25" />
    <div>
    
    </div>
    </form>
</body>
</html>

