[03-Oct-2019 01:11:50 Asia/Kolkata] 
New LP Lead | name: 'Rushikesh Navarkhely', email: 'RushikeshNavarkhely@gmail.com', phone: '+919398266209', lead_type: 'Landing Page | Botanika', date_captured: '2019-10-03 01:11:50'


[03-Oct-2019 01:11:53 Asia/Kolkata] http://botanika08.realeasy.in/IVR_Inbound.aspx?UID=fourqt&PWD=wn9mxO76f34=&f=m&con=%2B919398266209&email=RushikeshNavarkhely%40gmail.com&name=Rushikesh+Navarkhely&url='http://botanika.in/l/a-home-that-reflects-who-you-are/&Remark=Alpine-Aster-Towers-responsive&Proj=&src=Google&amob=&city=&location=&ch=ETrading&medium=BA&campaign=Phase-2-Of-The-Botanika&term=Business-News-Readers - Page hit-Valid page hit-Correct user id-Correct password-For microsite-Correct querystringMicrosite Saved Successfully.

<!DOCTYPE html PUBLIC "-//W3C//DTD XHTML 1.0 Transitional//EN" "http://www.w3.org/TR/xhtml1/DTD/xhtml1-transitional.dtd">

<html xmlns="http://www.w3.org/1999/xhtml">
<head><title>
	Untitled Page
</title></head>
<body>
    <form name="form1" method="post" action="./IVR_Inbound.aspx?UID=fourqt&amp;PWD=wn9mxO76f34%3d&amp;f=m&amp;con=%2b919398266209&amp;email=RushikeshNavarkhely%40gmail.com&amp;name=Rushikesh+Navarkhely&amp;url=%27http%3a%2f%2fbotanika.in%2fl%2fa-home-that-reflects-who-you-are%2f&amp;Remark=Alpine-Aster-Towers-responsive&amp;Proj=&amp;src=Google&amp;amob=&amp;city=&amp;location=&amp;ch=ETrading&amp;medium=BA&amp;campaign=Phase-2-Of-The-Botanika&amp;term=Business-News-Readers" id="form1">
<input type="hidden" name="__VIEWSTATE" id="__VIEWSTATE" value="/wEPDwUJNzgzNDMwNTMzZGReCsSe1P4Z9vclRZIrqa3T/3uEGu+PXq12yBOIGXfY1w==" />

<input type="hidden" name="__VIEWSTATEGENERATOR" id="__VIEWSTATEGENERATOR" value="5D34FF25" />
    <div>
    
    </div>
    </form>
</body>
</html>

[03-Oct-2019 08:10:16 Asia/Kolkata] 
New LP Lead | name: 'Rama chander Rao', email: 'ramachander.1647@gmail.com', phone: '+919440295652', lead_type: 'Landing Page | Botanika', date_captured: '2019-10-03 08:10:16'


[03-Oct-2019 08:10:19 Asia/Kolkata] http://botanika08.realeasy.in/IVR_Inbound.aspx?UID=fourqt&PWD=wn9mxO76f34=&f=m&con=%2B919440295652&email=ramachander.1647%40gmail.com&name=Rama+chander+Rao&url='http://botanika.in/l/a-home-that-reflects-who-you-are/&Remark=Alpine-Aster-Towers-responsive&Proj=&src=Google&amob=&city=&location=&ch=ETrading&medium=BA&campaign=Phase-2-Of-The-Botanika&term=IM-Residential-Properties - Page hit-Valid page hit-Correct user id-Correct password-For microsite-Correct querystringMicrosite Saved Successfully.

<!DOCTYPE html PUBLIC "-//W3C//DTD XHTML 1.0 Transitional//EN" "http://www.w3.org/TR/xhtml1/DTD/xhtml1-transitional.dtd">

<html xmlns="http://www.w3.org/1999/xhtml">
<head><title>
	Untitled Page
</title></head>
<body>
    <form name="form1" method="post" action="./IVR_Inbound.aspx?UID=fourqt&amp;PWD=wn9mxO76f34%3d&amp;f=m&amp;con=%2b919440295652&amp;email=ramachander.1647%40gmail.com&amp;name=Rama+chander+Rao&amp;url=%27http%3a%2f%2fbotanika.in%2fl%2fa-home-that-reflects-who-you-are%2f&amp;Remark=Alpine-Aster-Towers-responsive&amp;Proj=&amp;src=Google&amp;amob=&amp;city=&amp;location=&amp;ch=ETrading&amp;medium=BA&amp;campaign=Phase-2-Of-The-Botanika&amp;term=IM-Residential-Properties" id="form1">
<input type="hidden" name="__VIEWSTATE" id="__VIEWSTATE" value="/wEPDwUJNzgzNDMwNTMzZGReCsSe1P4Z9vclRZIrqa3T/3uEGu+PXq12yBOIGXfY1w==" />

<input type="hidden" name="__VIEWSTATEGENERATOR" id="__VIEWSTATEGENERATOR" value="5D34FF25" />
    <div>
    
    </div>
    </form>
</body>
</html>

[03-Oct-2019 10:21:24 Asia/Kolkata] 
New LP Lead | name: 'Yaminee', email: 'yamineec@gmail.com', phone: '+918008277951', lead_type: 'Landing Page | Botanika', date_captured: '2019-10-03 10:21:24'


[03-Oct-2019 10:21:25 Asia/Kolkata] http://botanika08.realeasy.in/IVR_Inbound.aspx?UID=fourqt&PWD=wn9mxO76f34=&f=m&con=%2B918008277951&email=yamineec%40gmail.com&name=Yaminee&url='http://botanika.in/l/a-home-that-reflects-who-you-are/&Remark=Alpine-Aster-Towers&Proj=&src=Google&amob=&city=&location=&ch=ETrading&medium=GS&campaign=Phase-2-Of-The-Botanika&term=Botanika - Page hit-Valid page hit-Correct user id-Correct password-For microsite-Correct querystringMicrosite Saved Successfully.

<!DOCTYPE html PUBLIC "-//W3C//DTD XHTML 1.0 Transitional//EN" "http://www.w3.org/TR/xhtml1/DTD/xhtml1-transitional.dtd">

<html xmlns="http://www.w3.org/1999/xhtml">
<head><title>
	Untitled Page
</title></head>
<body>
    <form name="form1" method="post" action="./IVR_Inbound.aspx?UID=fourqt&amp;PWD=wn9mxO76f34%3d&amp;f=m&amp;con=%2b918008277951&amp;email=yamineec%40gmail.com&amp;name=Yaminee&amp;url=%27http%3a%2f%2fbotanika.in%2fl%2fa-home-that-reflects-who-you-are%2f&amp;Remark=Alpine-Aster-Towers&amp;Proj=&amp;src=Google&amp;amob=&amp;city=&amp;location=&amp;ch=ETrading&amp;medium=GS&amp;campaign=Phase-2-Of-The-Botanika&amp;term=Botanika" id="form1">
<input type="hidden" name="__VIEWSTATE" id="__VIEWSTATE" value="/wEPDwUJNzgzNDMwNTMzZGReCsSe1P4Z9vclRZIrqa3T/3uEGu+PXq12yBOIGXfY1w==" />

<input type="hidden" name="__VIEWSTATEGENERATOR" id="__VIEWSTATEGENERATOR" value="5D34FF25" />
    <div>
    
    </div>
    </form>
</body>
</html>

[03-Oct-2019 14:51:49 Asia/Kolkata] 
New LP Lead | name: 'V Narayana', email: 'ramnivashostels@gmail.com', phone: '+919533651188', lead_type: 'Landing Page | Botanika', date_captured: '2019-10-03 14:51:49'


[03-Oct-2019 14:51:51 Asia/Kolkata] http://botanika08.realeasy.in/IVR_Inbound.aspx?UID=fourqt&PWD=wn9mxO76f34=&f=m&con=%2B919533651188&email=ramnivashostels%40gmail.com&name=V+Narayana&url='http://botanika.in/l/a-home-that-reflects-who-you-are/&Remark=Alpine-Aster-Towers-responsive&Proj=&src=Google&amob=&city=&location=&ch=ETrading&medium=BA&campaign=Phase-2-Of-The-Botanika&term=Business-News-Readers - Page hit-Valid page hit-Correct user id-Correct password-For microsite-Correct querystringMicrosite Saved Successfully.

<!DOCTYPE html PUBLIC "-//W3C//DTD XHTML 1.0 Transitional//EN" "http://www.w3.org/TR/xhtml1/DTD/xhtml1-transitional.dtd">

<html xmlns="http://www.w3.org/1999/xhtml">
<head><title>
	Untitled Page
</title></head>
<body>
    <form name="form1" method="post" action="./IVR_Inbound.aspx?UID=fourqt&amp;PWD=wn9mxO76f34%3d&amp;f=m&amp;con=%2b919533651188&amp;email=ramnivashostels%40gmail.com&amp;name=V+Narayana&amp;url=%27http%3a%2f%2fbotanika.in%2fl%2fa-home-that-reflects-who-you-are%2f&amp;Remark=Alpine-Aster-Towers-responsive&amp;Proj=&amp;src=Google&amp;amob=&amp;city=&amp;location=&amp;ch=ETrading&amp;medium=BA&amp;campaign=Phase-2-Of-The-Botanika&amp;term=Business-News-Readers" id="form1">
<input type="hidden" name="__VIEWSTATE" id="__VIEWSTATE" value="/wEPDwUJNzgzNDMwNTMzZGReCsSe1P4Z9vclRZIrqa3T/3uEGu+PXq12yBOIGXfY1w==" />

<input type="hidden" name="__VIEWSTATEGENERATOR" id="__VIEWSTATEGENERATOR" value="5D34FF25" />
    <div>
    
    </div>
    </form>
</body>
</html>

[03-Oct-2019 16:06:59 Asia/Kolkata] 
New LP Lead | name: 'Naresh', email: 'gontenaresh16@gmail.com', phone: '+918008739984', lead_type: 'Landing Page | Botanika', date_captured: '2019-10-03 16:06:59'


[03-Oct-2019 16:07:00 Asia/Kolkata] http://botanika08.realeasy.in/IVR_Inbound.aspx?UID=fourqt&PWD=wn9mxO76f34=&f=m&con=%2B918008739984&email=gontenaresh16%40gmail.com&name=Naresh&url='http://botanika.in/l/a-home-that-reflects-who-you-are/&Remark=Alpine-Aster-Towers-responsive&Proj=&src=Google&amob=&city=&location=&ch=ETrading&medium=BA&campaign=Phase-2-Of-The-Botanika&term=Business-News-Readers - Page hit-Valid page hit-Correct user id-Correct password-For microsite-Correct querystringMicrosite Saved Successfully.

<!DOCTYPE html PUBLIC "-//W3C//DTD XHTML 1.0 Transitional//EN" "http://www.w3.org/TR/xhtml1/DTD/xhtml1-transitional.dtd">

<html xmlns="http://www.w3.org/1999/xhtml">
<head><title>
	Untitled Page
</title></head>
<body>
    <form name="form1" method="post" action="./IVR_Inbound.aspx?UID=fourqt&amp;PWD=wn9mxO76f34%3d&amp;f=m&amp;con=%2b918008739984&amp;email=gontenaresh16%40gmail.com&amp;name=Naresh&amp;url=%27http%3a%2f%2fbotanika.in%2fl%2fa-home-that-reflects-who-you-are%2f&amp;Remark=Alpine-Aster-Towers-responsive&amp;Proj=&amp;src=Google&amp;amob=&amp;city=&amp;location=&amp;ch=ETrading&amp;medium=BA&amp;campaign=Phase-2-Of-The-Botanika&amp;term=Business-News-Readers" id="form1">
<input type="hidden" name="__VIEWSTATE" id="__VIEWSTATE" value="/wEPDwUJNzgzNDMwNTMzZGReCsSe1P4Z9vclRZIrqa3T/3uEGu+PXq12yBOIGXfY1w==" />

<input type="hidden" name="__VIEWSTATEGENERATOR" id="__VIEWSTATEGENERATOR" value="5D34FF25" />
    <div>
    
    </div>
    </form>
</body>
</html>

[03-Oct-2019 17:26:01 Asia/Kolkata] 
New LP Lead | name: 'Ripon sk', email: 'riponsk741181@gmail.com', phone: '+917679143564', lead_type: 'Landing Page | Botanika', date_captured: '2019-10-03 17:26:01'


[03-Oct-2019 17:26:02 Asia/Kolkata] http://botanika08.realeasy.in/IVR_Inbound.aspx?UID=fourqt&PWD=wn9mxO76f34=&f=m&con=%2B917679143564&email=riponsk741181%40gmail.com&name=Ripon+sk&url='http://botanika.in/l/a-home-that-reflects-who-you-are/&Remark=Alpine-Aster-Towers-responsive&Proj=&src=Google&amob=&city=&location=&ch=ETrading&medium=BA&campaign=Phase-2-Of-The-Botanika&term=Business-News-Readers - Page hit-Valid page hit-Correct user id-Correct password-For microsite-Correct querystringMicrosite Saved Successfully.

<!DOCTYPE html PUBLIC "-//W3C//DTD XHTML 1.0 Transitional//EN" "http://www.w3.org/TR/xhtml1/DTD/xhtml1-transitional.dtd">

<html xmlns="http://www.w3.org/1999/xhtml">
<head><title>
	Untitled Page
</title></head>
<body>
    <form name="form1" method="post" action="./IVR_Inbound.aspx?UID=fourqt&amp;PWD=wn9mxO76f34%3d&amp;f=m&amp;con=%2b917679143564&amp;email=riponsk741181%40gmail.com&amp;name=Ripon+sk&amp;url=%27http%3a%2f%2fbotanika.in%2fl%2fa-home-that-reflects-who-you-are%2f&amp;Remark=Alpine-Aster-Towers-responsive&amp;Proj=&amp;src=Google&amp;amob=&amp;city=&amp;location=&amp;ch=ETrading&amp;medium=BA&amp;campaign=Phase-2-Of-The-Botanika&amp;term=Business-News-Readers" id="form1">
<input type="hidden" name="__VIEWSTATE" id="__VIEWSTATE" value="/wEPDwUJNzgzNDMwNTMzZGReCsSe1P4Z9vclRZIrqa3T/3uEGu+PXq12yBOIGXfY1w==" />

<input type="hidden" name="__VIEWSTATEGENERATOR" id="__VIEWSTATEGENERATOR" value="5D34FF25" />
    <div>
    
    </div>
    </form>
</body>
</html>

[03-Oct-2019 22:14:30 Asia/Kolkata] 
New LP Lead | name: 'Sankara Rao', email: 'cbsr02@gmail.com', phone: '+919490094909', lead_type: 'Landing Page | Botanika', date_captured: '2019-10-03 22:14:30'


[03-Oct-2019 22:14:33 Asia/Kolkata] http://botanika08.realeasy.in/IVR_Inbound.aspx?UID=fourqt&PWD=wn9mxO76f34=&f=m&con=%2B919490094909&email=cbsr02%40gmail.com&name=Sankara+Rao&url='http://botanika.in/l/a-home-that-reflects-who-you-are/&Remark=Cosy-3-BHK&Proj=&src=Google&amob=&city=&location=&ch=ETrading&medium=GS&campaign=Phase-2-Of-The-Botanika&term=Hitech-City-Gated-Community - Page hit-Valid page hit-Correct user id-Correct password-For microsite-Correct querystringMicrosite Saved Successfully.

<!DOCTYPE html PUBLIC "-//W3C//DTD XHTML 1.0 Transitional//EN" "http://www.w3.org/TR/xhtml1/DTD/xhtml1-transitional.dtd">

<html xmlns="http://www.w3.org/1999/xhtml">
<head><title>
	Untitled Page
</title></head>
<body>
    <form name="form1" method="post" action="./IVR_Inbound.aspx?UID=fourqt&amp;PWD=wn9mxO76f34%3d&amp;f=m&amp;con=%2b919490094909&amp;email=cbsr02%40gmail.com&amp;name=Sankara+Rao&amp;url=%27http%3a%2f%2fbotanika.in%2fl%2fa-home-that-reflects-who-you-are%2f&amp;Remark=Cosy-3-BHK&amp;Proj=&amp;src=Google&amp;amob=&amp;city=&amp;location=&amp;ch=ETrading&amp;medium=GS&amp;campaign=Phase-2-Of-The-Botanika&amp;term=Hitech-City-Gated-Community" id="form1">
<input type="hidden" name="__VIEWSTATE" id="__VIEWSTATE" value="/wEPDwUJNzgzNDMwNTMzZGReCsSe1P4Z9vclRZIrqa3T/3uEGu+PXq12yBOIGXfY1w==" />

<input type="hidden" name="__VIEWSTATEGENERATOR" id="__VIEWSTATEGENERATOR" value="5D34FF25" />
    <div>
    
    </div>
    </form>
</body>
</html>

