[28-Feb-2019 09:00:19 Asia/Kolkata] 
New LP Lead | name: 'Prasad', email: 'nprasadjuluru@gmail.com', phone: '+918886727272', lead_type: 'Landing Page | Botanika', date_captured: '2019-02-28 09:00:19'


[28-Feb-2019 09:00:21 Asia/Kolkata] http://botanika08.realeasy.in/IVR_Inbound.aspx?UID=fourqt&PWD=wn9mxO76f34=&f=m&con=%2B918886727272&email=nprasadjuluru%40gmail.com&name=Prasad&url='http://botanika.in/l/a-home-that-reflects-who-you-are/&Remark=Fine-Luxury-Living-The-Botanika-Way&Proj=&src=Facebook&amob=&city=&location=&ch=ETrading&medium=FB-ALL&campaign=New-Rich&term=Property-Interest-28-65 - Page hit-Valid page hit-Correct user id-Correct password-For microsite-Correct querystringMicrosite Saved Successfully.

<!DOCTYPE html PUBLIC "-//W3C//DTD XHTML 1.0 Transitional//EN" "http://www.w3.org/TR/xhtml1/DTD/xhtml1-transitional.dtd">

<html xmlns="http://www.w3.org/1999/xhtml">
<head><title>
	Untitled Page
</title></head>
<body>
    <form name="form1" method="post" action="./IVR_Inbound.aspx?UID=fourqt&amp;PWD=wn9mxO76f34%3d&amp;f=m&amp;con=%2b918886727272&amp;email=nprasadjuluru%40gmail.com&amp;name=Prasad&amp;url=%27http%3a%2f%2fbotanika.in%2fl%2fa-home-that-reflects-who-you-are%2f&amp;Remark=Fine-Luxury-Living-The-Botanika-Way&amp;Proj=&amp;src=Facebook&amp;amob=&amp;city=&amp;location=&amp;ch=ETrading&amp;medium=FB-ALL&amp;campaign=New-Rich&amp;term=Property-Interest-28-65" id="form1">
<input type="hidden" name="__VIEWSTATE" id="__VIEWSTATE" value="/wEPDwUJNzgzNDMwNTMzZGReCsSe1P4Z9vclRZIrqa3T/3uEGu+PXq12yBOIGXfY1w==" />

<input type="hidden" name="__VIEWSTATEGENERATOR" id="__VIEWSTATEGENERATOR" value="5D34FF25" />
    <div>
    
    </div>
    </form>
</body>
</html>

[28-Feb-2019 12:59:23 Asia/Kolkata] 
New LP Lead | name: 'Fareeda khanum', email: 'fareeda_khanum2001@yahoo.com', phone: '+919849626044', lead_type: 'Landing Page | Botanika', date_captured: '2019-02-28 12:59:23'


[28-Feb-2019 12:59:24 Asia/Kolkata] http://botanika08.realeasy.in/IVR_Inbound.aspx?UID=fourqt&PWD=wn9mxO76f34=&f=m&con=%2B919849626044&email=fareeda_khanum2001%40yahoo.com&name=Fareeda+khanum&url='http://botanika.in/l/a-home-that-reflects-who-you-are/&Remark=Come-And-Experience-Fine-Living-Dining&Proj=&src=Facebook&amob=&city=&location=&ch=ETrading&medium=FB-ALL&campaign=New-Rich&term=Property-Interest-28-65 - Page hit-Valid page hit-Correct user id-Correct password-For microsite-Correct querystringMicrosite Saved Successfully.

<!DOCTYPE html PUBLIC "-//W3C//DTD XHTML 1.0 Transitional//EN" "http://www.w3.org/TR/xhtml1/DTD/xhtml1-transitional.dtd">

<html xmlns="http://www.w3.org/1999/xhtml">
<head><title>
	Untitled Page
</title></head>
<body>
    <form name="form1" method="post" action="./IVR_Inbound.aspx?UID=fourqt&amp;PWD=wn9mxO76f34%3d&amp;f=m&amp;con=%2b919849626044&amp;email=fareeda_khanum2001%40yahoo.com&amp;name=Fareeda+khanum&amp;url=%27http%3a%2f%2fbotanika.in%2fl%2fa-home-that-reflects-who-you-are%2f&amp;Remark=Come-And-Experience-Fine-Living-Dining&amp;Proj=&amp;src=Facebook&amp;amob=&amp;city=&amp;location=&amp;ch=ETrading&amp;medium=FB-ALL&amp;campaign=New-Rich&amp;term=Property-Interest-28-65" id="form1">
<input type="hidden" name="__VIEWSTATE" id="__VIEWSTATE" value="/wEPDwUJNzgzNDMwNTMzZGReCsSe1P4Z9vclRZIrqa3T/3uEGu+PXq12yBOIGXfY1w==" />

<input type="hidden" name="__VIEWSTATEGENERATOR" id="__VIEWSTATEGENERATOR" value="5D34FF25" />
    <div>
    
    </div>
    </form>
</body>
</html>

[28-Feb-2019 14:28:18 Asia/Kolkata] 
New LP Lead | name: 'Kavya', email: 'm.kavya.r@gmail.com', phone: '+919290814797', lead_type: 'Landing Page | Botanika', date_captured: '2019-02-28 14:28:18'


[28-Feb-2019 14:28:20 Asia/Kolkata] http://botanika08.realeasy.in/IVR_Inbound.aspx?UID=fourqt&PWD=wn9mxO76f34=&f=m&con=%2B919290814797&email=m.kavya.r%40gmail.com&name=Kavya&url='http://botanika.in/l/a-home-that-reflects-who-you-are/&Remark=Come-And-Experience-Fine-Living-Dining&Proj=&src=Facebook&amob=&city=&location=&ch=ETrading&medium=FB-ALL&campaign=New-Rich&term=Property-Interest-28-65 - Page hit-Valid page hit-Correct user id-Correct password-For microsite-Correct querystringMicrosite Saved Successfully.

<!DOCTYPE html PUBLIC "-//W3C//DTD XHTML 1.0 Transitional//EN" "http://www.w3.org/TR/xhtml1/DTD/xhtml1-transitional.dtd">

<html xmlns="http://www.w3.org/1999/xhtml">
<head><title>
	Untitled Page
</title></head>
<body>
    <form name="form1" method="post" action="./IVR_Inbound.aspx?UID=fourqt&amp;PWD=wn9mxO76f34%3d&amp;f=m&amp;con=%2b919290814797&amp;email=m.kavya.r%40gmail.com&amp;name=Kavya&amp;url=%27http%3a%2f%2fbotanika.in%2fl%2fa-home-that-reflects-who-you-are%2f&amp;Remark=Come-And-Experience-Fine-Living-Dining&amp;Proj=&amp;src=Facebook&amp;amob=&amp;city=&amp;location=&amp;ch=ETrading&amp;medium=FB-ALL&amp;campaign=New-Rich&amp;term=Property-Interest-28-65" id="form1">
<input type="hidden" name="__VIEWSTATE" id="__VIEWSTATE" value="/wEPDwUJNzgzNDMwNTMzZGReCsSe1P4Z9vclRZIrqa3T/3uEGu+PXq12yBOIGXfY1w==" />

<input type="hidden" name="__VIEWSTATEGENERATOR" id="__VIEWSTATEGENERATOR" value="5D34FF25" />
    <div>
    
    </div>
    </form>
</body>
</html>

[28-Feb-2019 15:05:55 Asia/Kolkata] 
New LP Lead | name: 'Fareeda Khanum', email: 'fareeda_khanum2001@yeah.com', phone: '+919849626044', lead_type: 'Landing Page | Botanika', date_captured: '2019-02-28 15:05:55'


[28-Feb-2019 15:05:58 Asia/Kolkata] http://botanika08.realeasy.in/IVR_Inbound.aspx?UID=fourqt&PWD=wn9mxO76f34=&f=m&con=%2B919849626044&email=fareeda_khanum2001%40yeah.com&name=Fareeda+Khanum&url='http://botanika.in/l/a-home-that-reflects-who-you-are/&Remark=Come-And-Experience-Fine-Living-Dining&Proj=&src=Facebook&amob=&city=&location=&ch=ETrading&medium=FB-ALL&campaign=New-Rich&term=Property-Interest-28-65 - Page hit-Valid page hit-Correct user id-Correct password-For microsite-Correct querystringMicrosite Saved Successfully.

<!DOCTYPE html PUBLIC "-//W3C//DTD XHTML 1.0 Transitional//EN" "http://www.w3.org/TR/xhtml1/DTD/xhtml1-transitional.dtd">

<html xmlns="http://www.w3.org/1999/xhtml">
<head><title>
	Untitled Page
</title></head>
<body>
    <form name="form1" method="post" action="./IVR_Inbound.aspx?UID=fourqt&amp;PWD=wn9mxO76f34%3d&amp;f=m&amp;con=%2b919849626044&amp;email=fareeda_khanum2001%40yeah.com&amp;name=Fareeda+Khanum&amp;url=%27http%3a%2f%2fbotanika.in%2fl%2fa-home-that-reflects-who-you-are%2f&amp;Remark=Come-And-Experience-Fine-Living-Dining&amp;Proj=&amp;src=Facebook&amp;amob=&amp;city=&amp;location=&amp;ch=ETrading&amp;medium=FB-ALL&amp;campaign=New-Rich&amp;term=Property-Interest-28-65" id="form1">
<input type="hidden" name="__VIEWSTATE" id="__VIEWSTATE" value="/wEPDwUJNzgzNDMwNTMzZGReCsSe1P4Z9vclRZIrqa3T/3uEGu+PXq12yBOIGXfY1w==" />

<input type="hidden" name="__VIEWSTATEGENERATOR" id="__VIEWSTATEGENERATOR" value="5D34FF25" />
    <div>
    
    </div>
    </form>
</body>
</html>

[28-Feb-2019 17:22:43 Asia/Kolkata] 
New LP Lead | name: 'Ms Prasanna Reddy', email: 'prasureddy@yahoo.com', phone: '+919849635050', lead_type: 'Landing Page | Botanika', date_captured: '2019-02-28 17:22:43'


[28-Feb-2019 17:22:45 Asia/Kolkata] http://botanika08.realeasy.in/IVR_Inbound.aspx?UID=fourqt&PWD=wn9mxO76f34=&f=m&con=%2B919849635050&email=prasureddy%40yahoo.com&name=Ms+Prasanna+Reddy&url='http://botanika.in/l/a-home-that-reflects-who-you-are/&Remark=Come-And-Experience-Fine-Living-Dining&Proj=&src=Facebook&amob=&city=&location=&ch=ETrading&medium=FB-ALL&campaign=New-Rich&term=Property-Interest-28-65 - Page hit-Valid page hit-Correct user id-Correct password-For microsite-Correct querystringMicrosite Saved Successfully.

<!DOCTYPE html PUBLIC "-//W3C//DTD XHTML 1.0 Transitional//EN" "http://www.w3.org/TR/xhtml1/DTD/xhtml1-transitional.dtd">

<html xmlns="http://www.w3.org/1999/xhtml">
<head><title>
	Untitled Page
</title></head>
<body>
    <form name="form1" method="post" action="./IVR_Inbound.aspx?UID=fourqt&amp;PWD=wn9mxO76f34%3d&amp;f=m&amp;con=%2b919849635050&amp;email=prasureddy%40yahoo.com&amp;name=Ms+Prasanna+Reddy&amp;url=%27http%3a%2f%2fbotanika.in%2fl%2fa-home-that-reflects-who-you-are%2f&amp;Remark=Come-And-Experience-Fine-Living-Dining&amp;Proj=&amp;src=Facebook&amp;amob=&amp;city=&amp;location=&amp;ch=ETrading&amp;medium=FB-ALL&amp;campaign=New-Rich&amp;term=Property-Interest-28-65" id="form1">
<input type="hidden" name="__VIEWSTATE" id="__VIEWSTATE" value="/wEPDwUJNzgzNDMwNTMzZGReCsSe1P4Z9vclRZIrqa3T/3uEGu+PXq12yBOIGXfY1w==" />

<input type="hidden" name="__VIEWSTATEGENERATOR" id="__VIEWSTATEGENERATOR" value="5D34FF25" />
    <div>
    
    </div>
    </form>
</body>
</html>

[28-Feb-2019 20:54:46 Asia/Kolkata] 
New LP Lead | name: 'Meraj tahseen', email: 'mmpricess786@yahoo.com', phone: '+919121262747', lead_type: 'Landing Page | Botanika', date_captured: '2019-02-28 20:54:46'


[28-Feb-2019 20:54:47 Asia/Kolkata] http://botanika08.realeasy.in/IVR_Inbound.aspx?UID=fourqt&PWD=wn9mxO76f34=&f=m&con=%2B919121262747&email=mmpricess786%40yahoo.com&name=Meraj+tahseen&url='http://botanika.in/l/a-home-that-reflects-who-you-are/&Remark=Come-And-Experience-Fine-Living-Dining&Proj=&src=Facebook&amob=&city=&location=&ch=ETrading&medium=FB-ALL&campaign=New-Rich&term=Property-Interest-28-65 - Page hit-Valid page hit-Correct user id-Correct password-For microsite-Correct querystringMicrosite Saved Successfully.

<!DOCTYPE html PUBLIC "-//W3C//DTD XHTML 1.0 Transitional//EN" "http://www.w3.org/TR/xhtml1/DTD/xhtml1-transitional.dtd">

<html xmlns="http://www.w3.org/1999/xhtml">
<head><title>
	Untitled Page
</title></head>
<body>
    <form name="form1" method="post" action="./IVR_Inbound.aspx?UID=fourqt&amp;PWD=wn9mxO76f34%3d&amp;f=m&amp;con=%2b919121262747&amp;email=mmpricess786%40yahoo.com&amp;name=Meraj+tahseen&amp;url=%27http%3a%2f%2fbotanika.in%2fl%2fa-home-that-reflects-who-you-are%2f&amp;Remark=Come-And-Experience-Fine-Living-Dining&amp;Proj=&amp;src=Facebook&amp;amob=&amp;city=&amp;location=&amp;ch=ETrading&amp;medium=FB-ALL&amp;campaign=New-Rich&amp;term=Property-Interest-28-65" id="form1">
<input type="hidden" name="__VIEWSTATE" id="__VIEWSTATE" value="/wEPDwUJNzgzNDMwNTMzZGReCsSe1P4Z9vclRZIrqa3T/3uEGu+PXq12yBOIGXfY1w==" />

<input type="hidden" name="__VIEWSTATEGENERATOR" id="__VIEWSTATEGENERATOR" value="5D34FF25" />
    <div>
    
    </div>
    </form>
</body>
</html>

