[15-Nov-2018 12:00:16 Asia/Kolkata] 
New LP Lead | name: 'Noordin Dhamani', email: 'nkdhamani@yahoo.com', phone: '+919849005963', lead_type: 'Landing Page | Botanika', date_captured: '2018-11-15 12:00:16'


[15-Nov-2018 12:00:17 Asia/Kolkata] http://botanika08.realeasy.in/IVR_Inbound.aspx?UID=fourqt&PWD=wn9mxO76f34=&f=m&con=%2B919849005963&email=nkdhamani%40yahoo.com&name=Noordin+Dhamani&url='http://botanika.in/l/a-home-that-reflects-who-you-are/&Remark=Fine-Luxury-Living-The-Botanika-Way&Proj=&src=Facebook&amob=&city=&location=&ch=ETrading&medium=FB-N&campaign=New-Rich&term=Indian-Biz-Magazines+-NewRich - Page hit-Valid page hit-Correct user id-Correct password-For microsite-Correct querystringMicrosite Saved Successfully.

<!DOCTYPE html PUBLIC "-//W3C//DTD XHTML 1.0 Transitional//EN" "http://www.w3.org/TR/xhtml1/DTD/xhtml1-transitional.dtd">

<html xmlns="http://www.w3.org/1999/xhtml">
<head><title>
	Untitled Page
</title></head>
<body>
    <form name="form1" method="post" action="./IVR_Inbound.aspx?UID=fourqt&amp;PWD=wn9mxO76f34%3d&amp;f=m&amp;con=%2b919849005963&amp;email=nkdhamani%40yahoo.com&amp;name=Noordin+Dhamani&amp;url=%27http%3a%2f%2fbotanika.in%2fl%2fa-home-that-reflects-who-you-are%2f&amp;Remark=Fine-Luxury-Living-The-Botanika-Way&amp;Proj=&amp;src=Facebook&amp;amob=&amp;city=&amp;location=&amp;ch=ETrading&amp;medium=FB-N&amp;campaign=New-Rich&amp;term=Indian-Biz-Magazines+-NewRich" id="form1">
<input type="hidden" name="__VIEWSTATE" id="__VIEWSTATE" value="/wEPDwUJNzgzNDMwNTMzZGReCsSe1P4Z9vclRZIrqa3T/3uEGu+PXq12yBOIGXfY1w==" />

<input type="hidden" name="__VIEWSTATEGENERATOR" id="__VIEWSTATEGENERATOR" value="5D34FF25" />
    <div>
    
    </div>
    </form>
</body>
</html>

[15-Nov-2018 13:15:24 Asia/Kolkata] 
New LP Lead | name: 'G Venkata ramana reddy', email: 'gavvavrr@gmail.com', phone: '+919704731577', lead_type: 'Landing Page | Botanika', date_captured: '2018-11-15 13:15:24'


[15-Nov-2018 13:15:25 Asia/Kolkata] http://botanika08.realeasy.in/IVR_Inbound.aspx?UID=fourqt&PWD=wn9mxO76f34=&f=m&con=%2B919704731577&email=gavvavrr%40gmail.com&name=G+Venkata+ramana+reddy&url='http://botanika.in/l/a-home-that-reflects-who-you-are/&Remark=Come-And-Experience-Fine-Living-Dining&Proj=&src=Facebook&amob=&city=&location=&ch=ETrading&medium=FB-N&campaign=New-Rich&term=VPs-CEO-CFO - Page hit-Valid page hit-Correct user id-Correct password-For microsite-Correct querystringMicrosite Saved Successfully.

<!DOCTYPE html PUBLIC "-//W3C//DTD XHTML 1.0 Transitional//EN" "http://www.w3.org/TR/xhtml1/DTD/xhtml1-transitional.dtd">

<html xmlns="http://www.w3.org/1999/xhtml">
<head><title>
	Untitled Page
</title></head>
<body>
    <form name="form1" method="post" action="./IVR_Inbound.aspx?UID=fourqt&amp;PWD=wn9mxO76f34%3d&amp;f=m&amp;con=%2b919704731577&amp;email=gavvavrr%40gmail.com&amp;name=G+Venkata+ramana+reddy&amp;url=%27http%3a%2f%2fbotanika.in%2fl%2fa-home-that-reflects-who-you-are%2f&amp;Remark=Come-And-Experience-Fine-Living-Dining&amp;Proj=&amp;src=Facebook&amp;amob=&amp;city=&amp;location=&amp;ch=ETrading&amp;medium=FB-N&amp;campaign=New-Rich&amp;term=VPs-CEO-CFO" id="form1">
<input type="hidden" name="__VIEWSTATE" id="__VIEWSTATE" value="/wEPDwUJNzgzNDMwNTMzZGReCsSe1P4Z9vclRZIrqa3T/3uEGu+PXq12yBOIGXfY1w==" />

<input type="hidden" name="__VIEWSTATEGENERATOR" id="__VIEWSTATEGENERATOR" value="5D34FF25" />
    <div>
    
    </div>
    </form>
</body>
</html>

[15-Nov-2018 23:46:51 Asia/Kolkata] 
New LP Lead | name: 'Sandeep Seth', email: 'sseth3pvt@rediffmail.com', phone: '+919930451102', lead_type: 'Landing Page | Botanika', date_captured: '2018-11-15 23:46:51'


[15-Nov-2018 23:46:53 Asia/Kolkata] http://botanika08.realeasy.in/IVR_Inbound.aspx?UID=fourqt&PWD=wn9mxO76f34=&f=m&con=%2B919930451102&email=sseth3pvt%40rediffmail.com&name=Sandeep+Seth&url='http://botanika.in/l/a-home-that-reflects-who-you-are/&Remark=Ultra-Luxury-Flats-For-You-At-The-Botanika-In-Gachibowli-Gated-Community-For-The-Elite&Proj=&src=Google&amob=&city=&location=&ch=ETrading&medium=GS&campaign=New-Rich&term=Luxury-Flats - Page hit-Valid page hit-Correct user id-Correct password-For microsite-Correct querystringMicrosite Saved Successfully.

<!DOCTYPE html PUBLIC "-//W3C//DTD XHTML 1.0 Transitional//EN" "http://www.w3.org/TR/xhtml1/DTD/xhtml1-transitional.dtd">

<html xmlns="http://www.w3.org/1999/xhtml">
<head><title>
	Untitled Page
</title></head>
<body>
    <form name="form1" method="post" action="./IVR_Inbound.aspx?UID=fourqt&amp;PWD=wn9mxO76f34%3d&amp;f=m&amp;con=%2b919930451102&amp;email=sseth3pvt%40rediffmail.com&amp;name=Sandeep+Seth&amp;url=%27http%3a%2f%2fbotanika.in%2fl%2fa-home-that-reflects-who-you-are%2f&amp;Remark=Ultra-Luxury-Flats-For-You-At-The-Botanika-In-Gachibowli-Gated-Community-For-The-Elite&amp;Proj=&amp;src=Google&amp;amob=&amp;city=&amp;location=&amp;ch=ETrading&amp;medium=GS&amp;campaign=New-Rich&amp;term=Luxury-Flats" id="form1">
<input type="hidden" name="__VIEWSTATE" id="__VIEWSTATE" value="/wEPDwUJNzgzNDMwNTMzZGReCsSe1P4Z9vclRZIrqa3T/3uEGu+PXq12yBOIGXfY1w==" />

<input type="hidden" name="__VIEWSTATEGENERATOR" id="__VIEWSTATEGENERATOR" value="5D34FF25" />
    <div>
    
    </div>
    </form>
</body>
</html>

