[30-Oct-2018 09:59:46 Asia/Kolkata] 
New LP Lead | name: 'test', email: 'sailaja@deepredink.com', phone: '+917777777777', lead_type: 'Landing Page | Botanika', date_captured: '2018-10-30 09:59:46'


[30-Oct-2018 10:01:41 Asia/Kolkata] 
New LP Lead | name: 'test', email: 'balaraju@deepredink.com', phone: '+918330918801', lead_type: 'Landing Page | Botanika', date_captured: '2018-10-30 10:01:41'


[30-Oct-2018 10:01:43 Asia/Kolkata] http://botanika08.realeasy.in/IVR_Inbound.aspx?UID=fourqt&PWD=wn9mxO76f34=&f=m&con=%2B918330918801&email=balaraju%40deepredink.com&name=test&url='http://botanika.in/l/a-home-that-reflects-who-you-are/&Remark=Sofa-TV&Proj=&src=Facebook&amob=&city=&location=&ch=ETrading&medium=FB-IN&campaign=A-Home-That-Reflects-Who-You-Are-Children-of-Arrived&term=Golf-Enthusiasts-28-35 - Page hit-Valid page hit-Correct user id-Correct password-For microsite-Correct querystringMicrosite Saved Successfully.

<!DOCTYPE html PUBLIC "-//W3C//DTD XHTML 1.0 Transitional//EN" "http://www.w3.org/TR/xhtml1/DTD/xhtml1-transitional.dtd">

<html xmlns="http://www.w3.org/1999/xhtml">
<head><title>
	Untitled Page
</title></head>
<body>
    <form name="form1" method="post" action="./IVR_Inbound.aspx?UID=fourqt&amp;PWD=wn9mxO76f34%3d&amp;f=m&amp;con=%2b918330918801&amp;email=balaraju%40deepredink.com&amp;name=test&amp;url=%27http%3a%2f%2fbotanika.in%2fl%2fa-home-that-reflects-who-you-are%2f&amp;Remark=Sofa-TV&amp;Proj=&amp;src=Facebook&amp;amob=&amp;city=&amp;location=&amp;ch=ETrading&amp;medium=FB-IN&amp;campaign=A-Home-That-Reflects-Who-You-Are-Children-of-Arrived&amp;term=Golf-Enthusiasts-28-35" id="form1">
<input type="hidden" name="__VIEWSTATE" id="__VIEWSTATE" value="/wEPDwUJNzgzNDMwNTMzZGReCsSe1P4Z9vclRZIrqa3T/3uEGu+PXq12yBOIGXfY1w==" />

<input type="hidden" name="__VIEWSTATEGENERATOR" id="__VIEWSTATEGENERATOR" value="5D34FF25" />
    <div>
    
    </div>
    </form>
</body>
</html>

[30-Oct-2018 10:07:02 Asia/Kolkata] 
New LP Lead | name: 'test', email: 'balaraju@deepredink.com', phone: '+918330918801', lead_type: 'Landing Page | Botanika', date_captured: '2018-10-30 10:07:02'


[30-Oct-2018 10:07:03 Asia/Kolkata] http://botanika08.realeasy.in/IVR_Inbound.aspx?UID=fourqt&PWD=wn9mxO76f34=&f=m&con=%2B918330918801&email=balaraju%40deepredink.com&name=test&url='http://botanika.in/l/a-home-that-reflects-who-you-are/&Remark=&Proj=&src=&amob=&city=&location=&ch=ETrading&medium=&campaign=&term= - Page hit-Valid page hit-Correct user id-Correct password-For microsite-Correct querystringMicrosite Saved Successfully.

<!DOCTYPE html PUBLIC "-//W3C//DTD XHTML 1.0 Transitional//EN" "http://www.w3.org/TR/xhtml1/DTD/xhtml1-transitional.dtd">

<html xmlns="http://www.w3.org/1999/xhtml">
<head><title>
	Untitled Page
</title></head>
<body>
    <form name="form1" method="post" action="./IVR_Inbound.aspx?UID=fourqt&amp;PWD=wn9mxO76f34%3d&amp;f=m&amp;con=%2b918330918801&amp;email=balaraju%40deepredink.com&amp;name=test&amp;url=%27http%3a%2f%2fbotanika.in%2fl%2fa-home-that-reflects-who-you-are%2f&amp;Remark=&amp;Proj=&amp;src=&amp;amob=&amp;city=&amp;location=&amp;ch=ETrading&amp;medium=&amp;campaign=&amp;term=" id="form1">
<input type="hidden" name="__VIEWSTATE" id="__VIEWSTATE" value="/wEPDwUJNzgzNDMwNTMzZGReCsSe1P4Z9vclRZIrqa3T/3uEGu+PXq12yBOIGXfY1w==" />

<input type="hidden" name="__VIEWSTATEGENERATOR" id="__VIEWSTATEGENERATOR" value="5D34FF25" />
    <div>
    
    </div>
    </form>
</body>
</html>

[30-Oct-2018 10:13:47 Asia/Kolkata] 
New LP Lead | name: 'test', email: 'balaraju@deepredink.com', phone: '+918330918801', lead_type: 'Landing Page | Botanika', date_captured: '2018-10-30 10:13:47'


[30-Oct-2018 10:13:48 Asia/Kolkata] http://botanika08.realeasy.in/IVR_Inbound.aspx?UID=fourqt&PWD=wn9mxO76f34=&f=m&con=%2B918330918801&email=balaraju%40deepredink.com&name=test&url='http://botanika.in/l/a-home-that-reflects-who-you-are/&Remark=&Proj=&src=&amob=&city=&location=&ch=ETrading&medium=&campaign=&term= - Page hit-Valid page hit-Correct user id-Correct password-For microsite-Correct querystringMicrosite Saved Successfully.

<!DOCTYPE html PUBLIC "-//W3C//DTD XHTML 1.0 Transitional//EN" "http://www.w3.org/TR/xhtml1/DTD/xhtml1-transitional.dtd">

<html xmlns="http://www.w3.org/1999/xhtml">
<head><title>
	Untitled Page
</title></head>
<body>
    <form name="form1" method="post" action="./IVR_Inbound.aspx?UID=fourqt&amp;PWD=wn9mxO76f34%3d&amp;f=m&amp;con=%2b918330918801&amp;email=balaraju%40deepredink.com&amp;name=test&amp;url=%27http%3a%2f%2fbotanika.in%2fl%2fa-home-that-reflects-who-you-are%2f&amp;Remark=&amp;Proj=&amp;src=&amp;amob=&amp;city=&amp;location=&amp;ch=ETrading&amp;medium=&amp;campaign=&amp;term=" id="form1">
<input type="hidden" name="__VIEWSTATE" id="__VIEWSTATE" value="/wEPDwUJNzgzNDMwNTMzZGReCsSe1P4Z9vclRZIrqa3T/3uEGu+PXq12yBOIGXfY1w==" />

<input type="hidden" name="__VIEWSTATEGENERATOR" id="__VIEWSTATEGENERATOR" value="5D34FF25" />
    <div>
    
    </div>
    </form>
</body>
</html>

[30-Oct-2018 10:18:25 Asia/Kolkata] 
New LP Lead | name: 'test', email: 'balaraju@deepredink.com', phone: '+918330918801', lead_type: 'Landing Page | Botanika', date_captured: '2018-10-30 10:18:25'


[30-Oct-2018 10:18:26 Asia/Kolkata] http://botanika08.realeasy.in/IVR_Inbound.aspx?UID=fourqt&PWD=wn9mxO76f34=&f=m&con=%2B918330918801&email=balaraju%40deepredink.com&name=test&url='http://botanika.in/l/a-home-that-reflects-who-you-are/&Remark=&Proj=&src=&amob=&city=&location=&ch=ETrading&medium=&campaign=&term= - Page hit-Valid page hit-Correct user id-Correct password-For microsite-Correct querystringMicrosite Saved Successfully.

<!DOCTYPE html PUBLIC "-//W3C//DTD XHTML 1.0 Transitional//EN" "http://www.w3.org/TR/xhtml1/DTD/xhtml1-transitional.dtd">

<html xmlns="http://www.w3.org/1999/xhtml">
<head><title>
	Untitled Page
</title></head>
<body>
    <form name="form1" method="post" action="./IVR_Inbound.aspx?UID=fourqt&amp;PWD=wn9mxO76f34%3d&amp;f=m&amp;con=%2b918330918801&amp;email=balaraju%40deepredink.com&amp;name=test&amp;url=%27http%3a%2f%2fbotanika.in%2fl%2fa-home-that-reflects-who-you-are%2f&amp;Remark=&amp;Proj=&amp;src=&amp;amob=&amp;city=&amp;location=&amp;ch=ETrading&amp;medium=&amp;campaign=&amp;term=" id="form1">
<input type="hidden" name="__VIEWSTATE" id="__VIEWSTATE" value="/wEPDwUJNzgzNDMwNTMzZGReCsSe1P4Z9vclRZIrqa3T/3uEGu+PXq12yBOIGXfY1w==" />

<input type="hidden" name="__VIEWSTATEGENERATOR" id="__VIEWSTATEGENERATOR" value="5D34FF25" />
    <div>
    
    </div>
    </form>
</body>
</html>

[30-Oct-2018 11:06:21 Asia/Kolkata] 
New LP Lead | name: 'test2', email: 'sailaja@deepredink.com', phone: '+917777777777', lead_type: 'Landing Page | Botanika', date_captured: '2018-10-30 11:06:21'


[30-Oct-2018 11:06:22 Asia/Kolkata] http://botanika08.realeasy.in/IVR_Inbound.aspx?UID=fourqt&PWD=wn9mxO76f34=&f=m&con=%2B917777777777&email=sailaja%40deepredink.com&name=test2&url='http://botanika.in/l/a-home-that-reflects-who-you-are/&Remark=&Proj=&src=&amob=&city=&location=&ch=ETrading&medium=&campaign=&term= - Page hit-Valid page hit-Correct user id-Correct password-For microsite-Correct querystringMicrosite Saved Successfully.

<!DOCTYPE html PUBLIC "-//W3C//DTD XHTML 1.0 Transitional//EN" "http://www.w3.org/TR/xhtml1/DTD/xhtml1-transitional.dtd">

<html xmlns="http://www.w3.org/1999/xhtml">
<head><title>
	Untitled Page
</title></head>
<body>
    <form name="form1" method="post" action="./IVR_Inbound.aspx?UID=fourqt&amp;PWD=wn9mxO76f34%3d&amp;f=m&amp;con=%2b917777777777&amp;email=sailaja%40deepredink.com&amp;name=test2&amp;url=%27http%3a%2f%2fbotanika.in%2fl%2fa-home-that-reflects-who-you-are%2f&amp;Remark=&amp;Proj=&amp;src=&amp;amob=&amp;city=&amp;location=&amp;ch=ETrading&amp;medium=&amp;campaign=&amp;term=" id="form1">
<input type="hidden" name="__VIEWSTATE" id="__VIEWSTATE" value="/wEPDwUJNzgzNDMwNTMzZGReCsSe1P4Z9vclRZIrqa3T/3uEGu+PXq12yBOIGXfY1w==" />

<input type="hidden" name="__VIEWSTATEGENERATOR" id="__VIEWSTATEGENERATOR" value="5D34FF25" />
    <div>
    
    </div>
    </form>
</body>
</html>

[30-Oct-2018 11:10:51 Asia/Kolkata] 
New LP Lead | name: 'test2', email: 'shailujshailu@gmail.com', phone: '+917777777777', lead_type: 'Landing Page | Botanika', date_captured: '2018-10-30 11:10:51'


[30-Oct-2018 11:10:52 Asia/Kolkata] http://botanika08.realeasy.in/IVR_Inbound.aspx?UID=fourqt&PWD=wn9mxO76f34=&f=m&con=%2B917777777777&email=shailujshailu%40gmail.com&name=test2&url='http://botanika.in/l/a-home-that-reflects-who-you-are/&Remark=&Proj=&src=&amob=&city=&location=&ch=ETrading&medium=&campaign=&term= - Page hit-Valid page hit-Correct user id-Correct password-For microsite-Correct querystringMicrosite Saved Successfully.

<!DOCTYPE html PUBLIC "-//W3C//DTD XHTML 1.0 Transitional//EN" "http://www.w3.org/TR/xhtml1/DTD/xhtml1-transitional.dtd">

<html xmlns="http://www.w3.org/1999/xhtml">
<head><title>
	Untitled Page
</title></head>
<body>
    <form name="form1" method="post" action="./IVR_Inbound.aspx?UID=fourqt&amp;PWD=wn9mxO76f34%3d&amp;f=m&amp;con=%2b917777777777&amp;email=shailujshailu%40gmail.com&amp;name=test2&amp;url=%27http%3a%2f%2fbotanika.in%2fl%2fa-home-that-reflects-who-you-are%2f&amp;Remark=&amp;Proj=&amp;src=&amp;amob=&amp;city=&amp;location=&amp;ch=ETrading&amp;medium=&amp;campaign=&amp;term=" id="form1">
<input type="hidden" name="__VIEWSTATE" id="__VIEWSTATE" value="/wEPDwUJNzgzNDMwNTMzZGReCsSe1P4Z9vclRZIrqa3T/3uEGu+PXq12yBOIGXfY1w==" />

<input type="hidden" name="__VIEWSTATEGENERATOR" id="__VIEWSTATEGENERATOR" value="5D34FF25" />
    <div>
    
    </div>
    </form>
</body>
</html>

