[02-Apr-2019 04:07:23 Asia/Kolkata] 
New LP Lead | name: 'Naga Balaji', email: 'nagabalaji.n@gmail.com', phone: '+601123348858', lead_type: 'Landing Page | Botanika', date_captured: '2019-04-02 04:07:23'


[02-Apr-2019 04:07:25 Asia/Kolkata] http://botanika08.realeasy.in/IVR_Inbound.aspx?UID=fourqt&PWD=wn9mxO76f34=&f=m&con=%2B601123348858&email=nagabalaji.n%40gmail.com&name=Naga+Balaji&url='http://botanika.in/l/a-home-that-reflects-who-you-are/&Remark=&Proj=&src=&amob=&city=&location=&ch=ETrading&medium=&campaign=&term= - Page hit-Valid page hit-Correct user id-Correct password-For microsite-Correct querystringMicrosite Saved Successfully.

<!DOCTYPE html PUBLIC "-//W3C//DTD XHTML 1.0 Transitional//EN" "http://www.w3.org/TR/xhtml1/DTD/xhtml1-transitional.dtd">

<html xmlns="http://www.w3.org/1999/xhtml">
<head><title>
	Untitled Page
</title></head>
<body>
    <form name="form1" method="post" action="./IVR_Inbound.aspx?UID=fourqt&amp;PWD=wn9mxO76f34%3d&amp;f=m&amp;con=%2b601123348858&amp;email=nagabalaji.n%40gmail.com&amp;name=Naga+Balaji&amp;url=%27http%3a%2f%2fbotanika.in%2fl%2fa-home-that-reflects-who-you-are%2f&amp;Remark=&amp;Proj=&amp;src=&amp;amob=&amp;city=&amp;location=&amp;ch=ETrading&amp;medium=&amp;campaign=&amp;term=" id="form1">
<input type="hidden" name="__VIEWSTATE" id="__VIEWSTATE" value="/wEPDwUJNzgzNDMwNTMzZGReCsSe1P4Z9vclRZIrqa3T/3uEGu+PXq12yBOIGXfY1w==" />

<input type="hidden" name="__VIEWSTATEGENERATOR" id="__VIEWSTATEGENERATOR" value="5D34FF25" />
    <div>
    
    </div>
    </form>
</body>
</html>

[02-Apr-2019 11:33:05 Asia/Kolkata] 
New LP Lead | name: 'Bharathi', email: 'bharathibenhur@gmail.com', phone: '+919032481058', lead_type: 'Landing Page | Botanika', date_captured: '2019-04-02 11:33:05'


[02-Apr-2019 11:33:06 Asia/Kolkata] http://botanika08.realeasy.in/IVR_Inbound.aspx?UID=fourqt&PWD=wn9mxO76f34=&f=m&con=%2B919032481058&email=bharathibenhur%40gmail.com&name=Bharathi&url='http://botanika.in/l/a-home-that-reflects-who-you-are/&Remark=Come-And-Experience-Fine-Living&Proj=&src=Facebook&amob=&city=&location=&ch=ETrading&medium=FB-N&campaign=New-Rich&term=Website-LP-Visitors - Page hit-Valid page hit-Correct user id-Correct password-For microsite-Correct querystringMicrosite Saved Successfully.

<!DOCTYPE html PUBLIC "-//W3C//DTD XHTML 1.0 Transitional//EN" "http://www.w3.org/TR/xhtml1/DTD/xhtml1-transitional.dtd">

<html xmlns="http://www.w3.org/1999/xhtml">
<head><title>
	Untitled Page
</title></head>
<body>
    <form name="form1" method="post" action="./IVR_Inbound.aspx?UID=fourqt&amp;PWD=wn9mxO76f34%3d&amp;f=m&amp;con=%2b919032481058&amp;email=bharathibenhur%40gmail.com&amp;name=Bharathi&amp;url=%27http%3a%2f%2fbotanika.in%2fl%2fa-home-that-reflects-who-you-are%2f&amp;Remark=Come-And-Experience-Fine-Living&amp;Proj=&amp;src=Facebook&amp;amob=&amp;city=&amp;location=&amp;ch=ETrading&amp;medium=FB-N&amp;campaign=New-Rich&amp;term=Website-LP-Visitors" id="form1">
<input type="hidden" name="__VIEWSTATE" id="__VIEWSTATE" value="/wEPDwUJNzgzNDMwNTMzZGReCsSe1P4Z9vclRZIrqa3T/3uEGu+PXq12yBOIGXfY1w==" />

<input type="hidden" name="__VIEWSTATEGENERATOR" id="__VIEWSTATEGENERATOR" value="5D34FF25" />
    <div>
    
    </div>
    </form>
</body>
</html>

[02-Apr-2019 11:38:07 Asia/Kolkata] 
New LP Lead | name: 'Gouri Shankar', email: 'gourishankarice@gmail.com', phone: '+919703440776', lead_type: 'Landing Page | Botanika', date_captured: '2019-04-02 11:38:07'


[02-Apr-2019 11:38:08 Asia/Kolkata] http://botanika08.realeasy.in/IVR_Inbound.aspx?UID=fourqt&PWD=wn9mxO76f34=&f=m&con=%2B919703440776&email=gourishankarice%40gmail.com&name=Gouri+Shankar&url='http://botanika.in/l/a-home-that-reflects-who-you-are/&Remark=Come-And-Experience-Fine-Living-Dining&Proj=&src=Facebook&amob=&city=&location=&ch=ETrading&medium=FB-ALL&campaign=New-Rich&term=Adventure-Activity-Interest-28-65 - Page hit-Valid page hit-Correct user id-Correct password-For microsite-Correct querystringMicrosite Saved Successfully.

<!DOCTYPE html PUBLIC "-//W3C//DTD XHTML 1.0 Transitional//EN" "http://www.w3.org/TR/xhtml1/DTD/xhtml1-transitional.dtd">

<html xmlns="http://www.w3.org/1999/xhtml">
<head><title>
	Untitled Page
</title></head>
<body>
    <form name="form1" method="post" action="./IVR_Inbound.aspx?UID=fourqt&amp;PWD=wn9mxO76f34%3d&amp;f=m&amp;con=%2b919703440776&amp;email=gourishankarice%40gmail.com&amp;name=Gouri+Shankar&amp;url=%27http%3a%2f%2fbotanika.in%2fl%2fa-home-that-reflects-who-you-are%2f&amp;Remark=Come-And-Experience-Fine-Living-Dining&amp;Proj=&amp;src=Facebook&amp;amob=&amp;city=&amp;location=&amp;ch=ETrading&amp;medium=FB-ALL&amp;campaign=New-Rich&amp;term=Adventure-Activity-Interest-28-65" id="form1">
<input type="hidden" name="__VIEWSTATE" id="__VIEWSTATE" value="/wEPDwUJNzgzNDMwNTMzZGReCsSe1P4Z9vclRZIrqa3T/3uEGu+PXq12yBOIGXfY1w==" />

<input type="hidden" name="__VIEWSTATEGENERATOR" id="__VIEWSTATEGENERATOR" value="5D34FF25" />
    <div>
    
    </div>
    </form>
</body>
</html>

[02-Apr-2019 20:58:23 Asia/Kolkata] 
New LP Lead | name: 'venkati sriramula', email: 'venkatiflower@gmail.com', phone: '+919704345404', lead_type: 'Landing Page | Botanika', date_captured: '2019-04-02 20:58:23'


[02-Apr-2019 20:58:25 Asia/Kolkata] http://botanika08.realeasy.in/IVR_Inbound.aspx?UID=fourqt&PWD=wn9mxO76f34=&f=m&con=%2B919704345404&email=venkatiflower%40gmail.com&name=venkati+sriramula&url='http://botanika.in/l/a-home-that-reflects-who-you-are/&Remark=Come-And-Experience-Fine-Living-Dining&Proj=&src=Facebook&amob=&city=&location=&ch=ETrading&medium=FB-ALL&campaign=New-Rich&term=Adventure-Activity-Interest-35-50 - Page hit-Valid page hit-Correct user id-Correct password-For microsite-Correct querystringMicrosite Saved Successfully.

<!DOCTYPE html PUBLIC "-//W3C//DTD XHTML 1.0 Transitional//EN" "http://www.w3.org/TR/xhtml1/DTD/xhtml1-transitional.dtd">

<html xmlns="http://www.w3.org/1999/xhtml">
<head><title>
	Untitled Page
</title></head>
<body>
    <form name="form1" method="post" action="./IVR_Inbound.aspx?UID=fourqt&amp;PWD=wn9mxO76f34%3d&amp;f=m&amp;con=%2b919704345404&amp;email=venkatiflower%40gmail.com&amp;name=venkati+sriramula&amp;url=%27http%3a%2f%2fbotanika.in%2fl%2fa-home-that-reflects-who-you-are%2f&amp;Remark=Come-And-Experience-Fine-Living-Dining&amp;Proj=&amp;src=Facebook&amp;amob=&amp;city=&amp;location=&amp;ch=ETrading&amp;medium=FB-ALL&amp;campaign=New-Rich&amp;term=Adventure-Activity-Interest-35-50" id="form1">
<input type="hidden" name="__VIEWSTATE" id="__VIEWSTATE" value="/wEPDwUJNzgzNDMwNTMzZGReCsSe1P4Z9vclRZIrqa3T/3uEGu+PXq12yBOIGXfY1w==" />

<input type="hidden" name="__VIEWSTATEGENERATOR" id="__VIEWSTATEGENERATOR" value="5D34FF25" />
    <div>
    
    </div>
    </form>
</body>
</html>

