[28-Dec-2018 13:08:32 Asia/Kolkata] 
New LP Lead | name: 'Rad', email: 'radhika.musunuri@gmail.com', phone: '+917702488447', lead_type: 'Landing Page | Botanika', date_captured: '2018-12-28 13:08:32'


[28-Dec-2018 13:08:34 Asia/Kolkata] http://botanika08.realeasy.in/IVR_Inbound.aspx?UID=fourqt&PWD=wn9mxO76f34=&f=m&con=%2B917702488447&email=radhika.musunuri%40gmail.com&name=Rad&url='http://botanika.in/l/a-home-that-reflects-who-you-are/&Remark=Come-And-Experience-Fine-Living-Dining&Proj=&src=Facebook&amob=&city=&location=&ch=ETrading&medium=FB-N&campaign=New-Rich&term=Hotel-Resorts-Intl-Travellers - Page hit-Valid page hit-Correct user id-Correct password-For microsite-Correct querystringMicrosite Saved Successfully.

<!DOCTYPE html PUBLIC "-//W3C//DTD XHTML 1.0 Transitional//EN" "http://www.w3.org/TR/xhtml1/DTD/xhtml1-transitional.dtd">

<html xmlns="http://www.w3.org/1999/xhtml">
<head><title>
	Untitled Page
</title></head>
<body>
    <form name="form1" method="post" action="./IVR_Inbound.aspx?UID=fourqt&amp;PWD=wn9mxO76f34%3d&amp;f=m&amp;con=%2b917702488447&amp;email=radhika.musunuri%40gmail.com&amp;name=Rad&amp;url=%27http%3a%2f%2fbotanika.in%2fl%2fa-home-that-reflects-who-you-are%2f&amp;Remark=Come-And-Experience-Fine-Living-Dining&amp;Proj=&amp;src=Facebook&amp;amob=&amp;city=&amp;location=&amp;ch=ETrading&amp;medium=FB-N&amp;campaign=New-Rich&amp;term=Hotel-Resorts-Intl-Travellers" id="form1">
<input type="hidden" name="__VIEWSTATE" id="__VIEWSTATE" value="/wEPDwUJNzgzNDMwNTMzZGReCsSe1P4Z9vclRZIrqa3T/3uEGu+PXq12yBOIGXfY1w==" />

<input type="hidden" name="__VIEWSTATEGENERATOR" id="__VIEWSTATEGENERATOR" value="5D34FF25" />
    <div>
    
    </div>
    </form>
</body>
</html>

[28-Dec-2018 20:24:02 Asia/Kolkata] 
New LP Lead | name: 'Bal reddy chitty', email: 'balax5577@gmail.com', phone: '+919966622277', lead_type: 'Landing Page | Botanika', date_captured: '2018-12-28 20:24:02'


[28-Dec-2018 20:24:05 Asia/Kolkata] http://botanika08.realeasy.in/IVR_Inbound.aspx?UID=fourqt&PWD=wn9mxO76f34=&f=m&con=%2B919966622277&email=balax5577%40gmail.com&name=Bal+reddy+chitty&url='http://botanika.in/l/a-home-that-reflects-who-you-are/&Remark=Come-And-Experience-Fine-Living-Dining&Proj=&src=Facebook&amob=&city=&location=&ch=ETrading&medium=FB-N&campaign=New-Rich&term=Hotel-Resorts-Intl-Travellers - Page hit-Valid page hit-Correct user id-Correct password-For microsite-Correct querystringMicrosite Saved Successfully.

<!DOCTYPE html PUBLIC "-//W3C//DTD XHTML 1.0 Transitional//EN" "http://www.w3.org/TR/xhtml1/DTD/xhtml1-transitional.dtd">

<html xmlns="http://www.w3.org/1999/xhtml">
<head><title>
	Untitled Page
</title></head>
<body>
    <form name="form1" method="post" action="./IVR_Inbound.aspx?UID=fourqt&amp;PWD=wn9mxO76f34%3d&amp;f=m&amp;con=%2b919966622277&amp;email=balax5577%40gmail.com&amp;name=Bal+reddy+chitty&amp;url=%27http%3a%2f%2fbotanika.in%2fl%2fa-home-that-reflects-who-you-are%2f&amp;Remark=Come-And-Experience-Fine-Living-Dining&amp;Proj=&amp;src=Facebook&amp;amob=&amp;city=&amp;location=&amp;ch=ETrading&amp;medium=FB-N&amp;campaign=New-Rich&amp;term=Hotel-Resorts-Intl-Travellers" id="form1">
<input type="hidden" name="__VIEWSTATE" id="__VIEWSTATE" value="/wEPDwUJNzgzNDMwNTMzZGReCsSe1P4Z9vclRZIrqa3T/3uEGu+PXq12yBOIGXfY1w==" />

<input type="hidden" name="__VIEWSTATEGENERATOR" id="__VIEWSTATEGENERATOR" value="5D34FF25" />
    <div>
    
    </div>
    </form>
</body>
</html>

