[02-Jan-2019 19:08:15 Asia/Kolkata] 
New LP Lead | name: 'srinivas', email: 'Kalvasrinivas66@gmail.com', phone: '+919989610000', lead_type: 'Landing Page | Botanika', date_captured: '2019-01-02 19:08:15'


[02-Jan-2019 19:08:17 Asia/Kolkata] http://botanika08.realeasy.in/IVR_Inbound.aspx?UID=fourqt&PWD=wn9mxO76f34=&f=m&con=%2B919989610000&email=Kalvasrinivas66%40gmail.com&name=srinivas&url='http://botanika.in/l/a-home-that-reflects-who-you-are/&Remark=Come-And-Experience-Fine-Living-Dining&Proj=&src=Facebook&amob=&city=&location=&ch=ETrading&medium=FB-N&campaign=New-Rich&term=Golf-Players-Magazines-Hyd - Page hit-Valid page hit-Correct user id-Correct password-For microsite-Correct querystringMicrosite Saved Successfully.

<!DOCTYPE html PUBLIC "-//W3C//DTD XHTML 1.0 Transitional//EN" "http://www.w3.org/TR/xhtml1/DTD/xhtml1-transitional.dtd">

<html xmlns="http://www.w3.org/1999/xhtml">
<head><title>
	Untitled Page
</title></head>
<body>
    <form name="form1" method="post" action="./IVR_Inbound.aspx?UID=fourqt&amp;PWD=wn9mxO76f34%3d&amp;f=m&amp;con=%2b919989610000&amp;email=Kalvasrinivas66%40gmail.com&amp;name=srinivas&amp;url=%27http%3a%2f%2fbotanika.in%2fl%2fa-home-that-reflects-who-you-are%2f&amp;Remark=Come-And-Experience-Fine-Living-Dining&amp;Proj=&amp;src=Facebook&amp;amob=&amp;city=&amp;location=&amp;ch=ETrading&amp;medium=FB-N&amp;campaign=New-Rich&amp;term=Golf-Players-Magazines-Hyd" id="form1">
<input type="hidden" name="__VIEWSTATE" id="__VIEWSTATE" value="/wEPDwUJNzgzNDMwNTMzZGReCsSe1P4Z9vclRZIrqa3T/3uEGu+PXq12yBOIGXfY1w==" />

<input type="hidden" name="__VIEWSTATEGENERATOR" id="__VIEWSTATEGENERATOR" value="5D34FF25" />
    <div>
    
    </div>
    </form>
</body>
</html>

[02-Jan-2019 23:36:17 Asia/Kolkata] 
New LP Lead | name: 'Chandrakala', email: 'donkada.ckala@gmail.com', phone: '+919492535529', lead_type: 'Landing Page | Botanika', date_captured: '2019-01-02 23:36:17'


[02-Jan-2019 23:36:19 Asia/Kolkata] http://botanika08.realeasy.in/IVR_Inbound.aspx?UID=fourqt&PWD=wn9mxO76f34=&f=m&con=%2B919492535529&email=donkada.ckala%40gmail.com&name=Chandrakala&url='http://botanika.in/l/a-home-that-reflects-who-you-are/&Remark=Come-And-Experience-Fine-Living-Dining&Proj=&src=Facebook&amob=&city=&location=&ch=ETrading&medium=FB-N&campaign=New-Rich&term=Golf-Players-Magazines-Hyd - Page hit-Valid page hit-Correct user id-Correct password-For microsite-Correct querystringMicrosite Saved Successfully.

<!DOCTYPE html PUBLIC "-//W3C//DTD XHTML 1.0 Transitional//EN" "http://www.w3.org/TR/xhtml1/DTD/xhtml1-transitional.dtd">

<html xmlns="http://www.w3.org/1999/xhtml">
<head><title>
	Untitled Page
</title></head>
<body>
    <form name="form1" method="post" action="./IVR_Inbound.aspx?UID=fourqt&amp;PWD=wn9mxO76f34%3d&amp;f=m&amp;con=%2b919492535529&amp;email=donkada.ckala%40gmail.com&amp;name=Chandrakala&amp;url=%27http%3a%2f%2fbotanika.in%2fl%2fa-home-that-reflects-who-you-are%2f&amp;Remark=Come-And-Experience-Fine-Living-Dining&amp;Proj=&amp;src=Facebook&amp;amob=&amp;city=&amp;location=&amp;ch=ETrading&amp;medium=FB-N&amp;campaign=New-Rich&amp;term=Golf-Players-Magazines-Hyd" id="form1">
<input type="hidden" name="__VIEWSTATE" id="__VIEWSTATE" value="/wEPDwUJNzgzNDMwNTMzZGReCsSe1P4Z9vclRZIrqa3T/3uEGu+PXq12yBOIGXfY1w==" />

<input type="hidden" name="__VIEWSTATEGENERATOR" id="__VIEWSTATEGENERATOR" value="5D34FF25" />
    <div>
    
    </div>
    </form>
</body>
</html>

