[05-Jul-2019 13:47:56 Asia/Kolkata] 
New LP Lead | name: 'Anitha', email: 'anitha.vemuri@gmail.com', phone: '+919100942742', lead_type: 'Landing Page | Botanika', date_captured: '2019-07-05 13:47:56'


[05-Jul-2019 13:47:58 Asia/Kolkata] http://botanika08.realeasy.in/IVR_Inbound.aspx?UID=fourqt&PWD=wn9mxO76f34=&f=m&con=%2B919100942742&email=anitha.vemuri%40gmail.com&name=Anitha&url='http://botanika.in/l/a-home-that-reflects-who-you-are/&Remark=4-5-BHK-Flats-At-The-Botanika-Experience-The-Botanika-Way-Ultra-Luxury-Life-At-Gachibowli&Proj=&src=Google&amob=&city=&location=&ch=ETrading&medium=GS&campaign=New-Rich&term=Total-Environment - Page hit-Valid page hit-Correct user id-Correct password-For microsite-Correct querystringMicrosite Saved Successfully.

<!DOCTYPE html PUBLIC "-//W3C//DTD XHTML 1.0 Transitional//EN" "http://www.w3.org/TR/xhtml1/DTD/xhtml1-transitional.dtd">

<html xmlns="http://www.w3.org/1999/xhtml">
<head><title>
	Untitled Page
</title></head>
<body>
    <form name="form1" method="post" action="./IVR_Inbound.aspx?UID=fourqt&amp;PWD=wn9mxO76f34%3d&amp;f=m&amp;con=%2b919100942742&amp;email=anitha.vemuri%40gmail.com&amp;name=Anitha&amp;url=%27http%3a%2f%2fbotanika.in%2fl%2fa-home-that-reflects-who-you-are%2f&amp;Remark=4-5-BHK-Flats-At-The-Botanika-Experience-The-Botanika-Way-Ultra-Luxury-Life-At-Gachibowli&amp;Proj=&amp;src=Google&amp;amob=&amp;city=&amp;location=&amp;ch=ETrading&amp;medium=GS&amp;campaign=New-Rich&amp;term=Total-Environment" id="form1">
<input type="hidden" name="__VIEWSTATE" id="__VIEWSTATE" value="/wEPDwUJNzgzNDMwNTMzZGReCsSe1P4Z9vclRZIrqa3T/3uEGu+PXq12yBOIGXfY1w==" />

<input type="hidden" name="__VIEWSTATEGENERATOR" id="__VIEWSTATEGENERATOR" value="5D34FF25" />
    <div>
    
    </div>
    </form>
</body>
</html>

[05-Jul-2019 17:02:49 Asia/Kolkata] 
New LP Lead | name: 'Manish Reddy', email: 'gmanishreddy@gmail.com', phone: '+919735565366', lead_type: 'Landing Page | Botanika', date_captured: '2019-07-05 17:02:49'


[05-Jul-2019 17:02:50 Asia/Kolkata] http://botanika08.realeasy.in/IVR_Inbound.aspx?UID=fourqt&PWD=wn9mxO76f34=&f=m&con=%2B919735565366&email=gmanishreddy%40gmail.com&name=Manish+Reddy&url='http://botanika.in/l/a-home-that-reflects-who-you-are/&Remark=Come-And-Experience-Fine-Living-Dining&Proj=&src=Facebook&amob=&city=&location=&ch=ETrading&medium=FB-N&campaign=New-Rich&term=Designers-Interest-28-34 - Page hit-Valid page hit-Correct user id-Correct password-For microsite-Correct querystringMicrosite Saved Successfully.

<!DOCTYPE html PUBLIC "-//W3C//DTD XHTML 1.0 Transitional//EN" "http://www.w3.org/TR/xhtml1/DTD/xhtml1-transitional.dtd">

<html xmlns="http://www.w3.org/1999/xhtml">
<head><title>
	Untitled Page
</title></head>
<body>
    <form name="form1" method="post" action="./IVR_Inbound.aspx?UID=fourqt&amp;PWD=wn9mxO76f34%3d&amp;f=m&amp;con=%2b919735565366&amp;email=gmanishreddy%40gmail.com&amp;name=Manish+Reddy&amp;url=%27http%3a%2f%2fbotanika.in%2fl%2fa-home-that-reflects-who-you-are%2f&amp;Remark=Come-And-Experience-Fine-Living-Dining&amp;Proj=&amp;src=Facebook&amp;amob=&amp;city=&amp;location=&amp;ch=ETrading&amp;medium=FB-N&amp;campaign=New-Rich&amp;term=Designers-Interest-28-34" id="form1">
<input type="hidden" name="__VIEWSTATE" id="__VIEWSTATE" value="/wEPDwUJNzgzNDMwNTMzZGReCsSe1P4Z9vclRZIrqa3T/3uEGu+PXq12yBOIGXfY1w==" />

<input type="hidden" name="__VIEWSTATEGENERATOR" id="__VIEWSTATEGENERATOR" value="5D34FF25" />
    <div>
    
    </div>
    </form>
</body>
</html>

[05-Jul-2019 17:24:30 Asia/Kolkata] 
New LP Lead | name: 'Madhav', email: 'yerrama56@gmail.com', phone: '+919848024821', lead_type: 'Landing Page | Botanika', date_captured: '2019-07-05 17:24:30'


[05-Jul-2019 17:24:31 Asia/Kolkata] http://botanika08.realeasy.in/IVR_Inbound.aspx?UID=fourqt&PWD=wn9mxO76f34=&f=m&con=%2B919848024821&email=yerrama56%40gmail.com&name=Madhav&url='http://botanika.in/l/a-home-that-reflects-who-you-are/&Remark=Come-And-Experience-Fine-Living&Proj=&src=Facebook&amob=&city=&location=&ch=ETrading&medium=FB-N&campaign=New-Rich&term=VPs-CEO-CFO - Page hit-Valid page hit-Correct user id-Correct password-For microsite-Correct querystringMicrosite Saved Successfully.

<!DOCTYPE html PUBLIC "-//W3C//DTD XHTML 1.0 Transitional//EN" "http://www.w3.org/TR/xhtml1/DTD/xhtml1-transitional.dtd">

<html xmlns="http://www.w3.org/1999/xhtml">
<head><title>
	Untitled Page
</title></head>
<body>
    <form name="form1" method="post" action="./IVR_Inbound.aspx?UID=fourqt&amp;PWD=wn9mxO76f34%3d&amp;f=m&amp;con=%2b919848024821&amp;email=yerrama56%40gmail.com&amp;name=Madhav&amp;url=%27http%3a%2f%2fbotanika.in%2fl%2fa-home-that-reflects-who-you-are%2f&amp;Remark=Come-And-Experience-Fine-Living&amp;Proj=&amp;src=Facebook&amp;amob=&amp;city=&amp;location=&amp;ch=ETrading&amp;medium=FB-N&amp;campaign=New-Rich&amp;term=VPs-CEO-CFO" id="form1">
<input type="hidden" name="__VIEWSTATE" id="__VIEWSTATE" value="/wEPDwUJNzgzNDMwNTMzZGReCsSe1P4Z9vclRZIrqa3T/3uEGu+PXq12yBOIGXfY1w==" />

<input type="hidden" name="__VIEWSTATEGENERATOR" id="__VIEWSTATEGENERATOR" value="5D34FF25" />
    <div>
    
    </div>
    </form>
</body>
</html>

[05-Jul-2019 18:02:26 Asia/Kolkata] 
New LP Lead | name: 'Alka Agarwal', email: 'alka95agarwal@gmail.com', phone: '+919849007487', lead_type: 'Landing Page | Botanika', date_captured: '2019-07-05 18:02:26'


[05-Jul-2019 18:02:28 Asia/Kolkata] http://botanika08.realeasy.in/IVR_Inbound.aspx?UID=fourqt&PWD=wn9mxO76f34=&f=m&con=%2B919849007487&email=alka95agarwal%40gmail.com&name=Alka+Agarwal&url='http://botanika.in/l/a-home-that-reflects-who-you-are/&Remark=Come-And-Experience-Fine-Living&Proj=&src=Facebook&amob=&city=&location=&ch=ETrading&medium=FB-N&campaign=New-Rich&term=VPs-CEO-CFO - Page hit-Valid page hit-Correct user id-Correct password-For microsite-Correct querystringMicrosite Saved Successfully.

<!DOCTYPE html PUBLIC "-//W3C//DTD XHTML 1.0 Transitional//EN" "http://www.w3.org/TR/xhtml1/DTD/xhtml1-transitional.dtd">

<html xmlns="http://www.w3.org/1999/xhtml">
<head><title>
	Untitled Page
</title></head>
<body>
    <form name="form1" method="post" action="./IVR_Inbound.aspx?UID=fourqt&amp;PWD=wn9mxO76f34%3d&amp;f=m&amp;con=%2b919849007487&amp;email=alka95agarwal%40gmail.com&amp;name=Alka+Agarwal&amp;url=%27http%3a%2f%2fbotanika.in%2fl%2fa-home-that-reflects-who-you-are%2f&amp;Remark=Come-And-Experience-Fine-Living&amp;Proj=&amp;src=Facebook&amp;amob=&amp;city=&amp;location=&amp;ch=ETrading&amp;medium=FB-N&amp;campaign=New-Rich&amp;term=VPs-CEO-CFO" id="form1">
<input type="hidden" name="__VIEWSTATE" id="__VIEWSTATE" value="/wEPDwUJNzgzNDMwNTMzZGReCsSe1P4Z9vclRZIrqa3T/3uEGu+PXq12yBOIGXfY1w==" />

<input type="hidden" name="__VIEWSTATEGENERATOR" id="__VIEWSTATEGENERATOR" value="5D34FF25" />
    <div>
    
    </div>
    </form>
</body>
</html>

[05-Jul-2019 21:21:17 Asia/Kolkata] 
New LP Lead | name: 'Sreenath', email: 'sreenaththoutireddy4094@gmail.com', phone: '+919701110783', lead_type: 'Landing Page | Botanika', date_captured: '2019-07-05 21:21:17'


[05-Jul-2019 21:21:19 Asia/Kolkata] http://botanika08.realeasy.in/IVR_Inbound.aspx?UID=fourqt&PWD=wn9mxO76f34=&f=m&con=%2B919701110783&email=sreenaththoutireddy4094%40gmail.com&name=Sreenath&url='http://botanika.in/l/a-home-that-reflects-who-you-are/&Remark=4-5-BHK-Flats-At-The-Botanika-Homes-That-Reflect-Who-You-Are&Proj=&src=Google&amob=&city=&location=&ch=ETrading&medium=GS&campaign=New-Rich&term=4BHK-Flats - Page hit-Valid page hit-Correct user id-Correct password-For microsite-Correct querystringMicrosite Saved Successfully.

<!DOCTYPE html PUBLIC "-//W3C//DTD XHTML 1.0 Transitional//EN" "http://www.w3.org/TR/xhtml1/DTD/xhtml1-transitional.dtd">

<html xmlns="http://www.w3.org/1999/xhtml">
<head><title>
	Untitled Page
</title></head>
<body>
    <form name="form1" method="post" action="./IVR_Inbound.aspx?UID=fourqt&amp;PWD=wn9mxO76f34%3d&amp;f=m&amp;con=%2b919701110783&amp;email=sreenaththoutireddy4094%40gmail.com&amp;name=Sreenath&amp;url=%27http%3a%2f%2fbotanika.in%2fl%2fa-home-that-reflects-who-you-are%2f&amp;Remark=4-5-BHK-Flats-At-The-Botanika-Homes-That-Reflect-Who-You-Are&amp;Proj=&amp;src=Google&amp;amob=&amp;city=&amp;location=&amp;ch=ETrading&amp;medium=GS&amp;campaign=New-Rich&amp;term=4BHK-Flats" id="form1">
<input type="hidden" name="__VIEWSTATE" id="__VIEWSTATE" value="/wEPDwUJNzgzNDMwNTMzZGReCsSe1P4Z9vclRZIrqa3T/3uEGu+PXq12yBOIGXfY1w==" />

<input type="hidden" name="__VIEWSTATEGENERATOR" id="__VIEWSTATEGENERATOR" value="5D34FF25" />
    <div>
    
    </div>
    </form>
</body>
</html>

